[2020-08-16 07:17:10] production.ERROR: Symfony\Component\HttpKernel\Exception\NotFoundHttpException in /home/gudk/phpprj/lswoole/vendor/laravel/lumen-framework/src/Concerns/RoutesRequests.php:230
Stack trace:
#0 /home/gudk/phpprj/lswoole/vendor/laravel/lumen-framework/src/Concerns/RoutesRequests.php(170): Laravel\Lumen\Application->handleDispatcherResponse()
#1 /home/gudk/phpprj/lswoole/vendor/laravel/lumen-framework/src/Concerns/RoutesRequests.php(426): Laravel\Lumen\Application->Laravel\Lumen\Concerns\{closure}()
#2 /home/gudk/phpprj/lswoole/vendor/laravel/lumen-framework/src/Concerns/RoutesRequests.php(172): Laravel\Lumen\Application->sendThroughPipeline()
#3 /home/gudk/phpprj/lswoole/vendor/laravel/lumen-framework/src/Concerns/RoutesRequests.php(92): Laravel\Lumen\Application->dispatch()
#4 /home/gudk/phpprj/lswoole/src/LSwooleServer.php(87): Laravel\Lumen\Application->handle()
#5 {main} {"exception":"[object] (Symfony\\Component\\HttpKernel\\Exception\\NotFoundHttpException(code: 0):  at /home/gudk/phpprj/lswoole/vendor/laravel/lumen-framework/src/Concerns/RoutesRequests.php:230)
[stacktrace]
#0 /home/gudk/phpprj/lswoole/vendor/laravel/lumen-framework/src/Concerns/RoutesRequests.php(170): Laravel\\Lumen\\Application->handleDispatcherResponse()
#1 /home/gudk/phpprj/lswoole/vendor/laravel/lumen-framework/src/Concerns/RoutesRequests.php(426): Laravel\\Lumen\\Application->Laravel\\Lumen\\Concerns\\{closure}()
#2 /home/gudk/phpprj/lswoole/vendor/laravel/lumen-framework/src/Concerns/RoutesRequests.php(172): Laravel\\Lumen\\Application->sendThroughPipeline()
#3 /home/gudk/phpprj/lswoole/vendor/laravel/lumen-framework/src/Concerns/RoutesRequests.php(92): Laravel\\Lumen\\Application->dispatch()
#4 /home/gudk/phpprj/lswoole/src/LSwooleServer.php(87): Laravel\\Lumen\\Application->handle()
#5 {main}
"} 
[2020-08-16 07:17:11] production.ERROR: Symfony\Component\HttpKernel\Exception\NotFoundHttpException in /home/gudk/phpprj/lswoole/vendor/laravel/lumen-framework/src/Concerns/RoutesRequests.php:230
Stack trace:
#0 /home/gudk/phpprj/lswoole/vendor/laravel/lumen-framework/src/Concerns/RoutesRequests.php(170): Laravel\Lumen\Application->handleDispatcherResponse()
#1 /home/gudk/phpprj/lswoole/vendor/laravel/lumen-framework/src/Concerns/RoutesRequests.php(426): Laravel\Lumen\Application->Laravel\Lumen\Concerns\{closure}()
#2 /home/gudk/phpprj/lswoole/vendor/laravel/lumen-framework/src/Concerns/RoutesRequests.php(172): Laravel\Lumen\Application->sendThroughPipeline()
#3 /home/gudk/phpprj/lswoole/vendor/laravel/lumen-framework/src/Concerns/RoutesRequests.php(92): Laravel\Lumen\Application->dispatch()
#4 /home/gudk/phpprj/lswoole/src/LSwooleServer.php(87): Laravel\Lumen\Application->handle()
#5 {main} {"exception":"[object] (Symfony\\Component\\HttpKernel\\Exception\\NotFoundHttpException(code: 0):  at /home/gudk/phpprj/lswoole/vendor/laravel/lumen-framework/src/Concerns/RoutesRequests.php:230)
[stacktrace]
#0 /home/gudk/phpprj/lswoole/vendor/laravel/lumen-framework/src/Concerns/RoutesRequests.php(170): Laravel\\Lumen\\Application->handleDispatcherResponse()
#1 /home/gudk/phpprj/lswoole/vendor/laravel/lumen-framework/src/Concerns/RoutesRequests.php(426): Laravel\\Lumen\\Application->Laravel\\Lumen\\Concerns\\{closure}()
#2 /home/gudk/phpprj/lswoole/vendor/laravel/lumen-framework/src/Concerns/RoutesRequests.php(172): Laravel\\Lumen\\Application->sendThroughPipeline()
#3 /home/gudk/phpprj/lswoole/vendor/laravel/lumen-framework/src/Concerns/RoutesRequests.php(92): Laravel\\Lumen\\Application->dispatch()
#4 /home/gudk/phpprj/lswoole/src/LSwooleServer.php(87): Laravel\\Lumen\\Application->handle()
#5 {main}
"} 
[2020-08-16 07:17:11] production.ERROR: Symfony\Component\HttpKernel\Exception\NotFoundHttpException in /home/gudk/phpprj/lswoole/vendor/laravel/lumen-framework/src/Concerns/RoutesRequests.php:230
Stack trace:
#0 /home/gudk/phpprj/lswoole/vendor/laravel/lumen-framework/src/Concerns/RoutesRequests.php(170): Laravel\Lumen\Application->handleDispatcherResponse()
#1 /home/gudk/phpprj/lswoole/vendor/laravel/lumen-framework/src/Concerns/RoutesRequests.php(426): Laravel\Lumen\Application->Laravel\Lumen\Concerns\{closure}()
#2 /home/gudk/phpprj/lswoole/vendor/laravel/lumen-framework/src/Concerns/RoutesRequests.php(172): Laravel\Lumen\Application->sendThroughPipeline()
#3 /home/gudk/phpprj/lswoole/vendor/laravel/lumen-framework/src/Concerns/RoutesRequests.php(92): Laravel\Lumen\Application->dispatch()
#4 /home/gudk/phpprj/lswoole/src/LSwooleServer.php(87): Laravel\Lumen\Application->handle()
#5 {main} {"exception":"[object] (Symfony\\Component\\HttpKernel\\Exception\\NotFoundHttpException(code: 0):  at /home/gudk/phpprj/lswoole/vendor/laravel/lumen-framework/src/Concerns/RoutesRequests.php:230)
[stacktrace]
#0 /home/gudk/phpprj/lswoole/vendor/laravel/lumen-framework/src/Concerns/RoutesRequests.php(170): Laravel\\Lumen\\Application->handleDispatcherResponse()
#1 /home/gudk/phpprj/lswoole/vendor/laravel/lumen-framework/src/Concerns/RoutesRequests.php(426): Laravel\\Lumen\\Application->Laravel\\Lumen\\Concerns\\{closure}()
#2 /home/gudk/phpprj/lswoole/vendor/laravel/lumen-framework/src/Concerns/RoutesRequests.php(172): Laravel\\Lumen\\Application->sendThroughPipeline()
#3 /home/gudk/phpprj/lswoole/vendor/laravel/lumen-framework/src/Concerns/RoutesRequests.php(92): Laravel\\Lumen\\Application->dispatch()
#4 /home/gudk/phpprj/lswoole/src/LSwooleServer.php(87): Laravel\\Lumen\\Application->handle()
#5 {main}
"} 
[2020-08-16 07:17:33] production.ERROR: Symfony\Component\HttpKernel\Exception\NotFoundHttpException in /home/gudk/phpprj/lswoole/vendor/laravel/lumen-framework/src/Concerns/RoutesRequests.php:230
Stack trace:
#0 /home/gudk/phpprj/lswoole/vendor/laravel/lumen-framework/src/Concerns/RoutesRequests.php(170): Laravel\Lumen\Application->handleDispatcherResponse()
#1 /home/gudk/phpprj/lswoole/vendor/laravel/lumen-framework/src/Concerns/RoutesRequests.php(426): Laravel\Lumen\Application->Laravel\Lumen\Concerns\{closure}()
#2 /home/gudk/phpprj/lswoole/vendor/laravel/lumen-framework/src/Concerns/RoutesRequests.php(172): Laravel\Lumen\Application->sendThroughPipeline()
#3 /home/gudk/phpprj/lswoole/vendor/laravel/lumen-framework/src/Concerns/RoutesRequests.php(92): Laravel\Lumen\Application->dispatch()
#4 /home/gudk/phpprj/lswoole/src/LSwooleServer.php(87): Laravel\Lumen\Application->handle()
#5 {main} {"exception":"[object] (Symfony\\Component\\HttpKernel\\Exception\\NotFoundHttpException(code: 0):  at /home/gudk/phpprj/lswoole/vendor/laravel/lumen-framework/src/Concerns/RoutesRequests.php:230)
[stacktrace]
#0 /home/gudk/phpprj/lswoole/vendor/laravel/lumen-framework/src/Concerns/RoutesRequests.php(170): Laravel\\Lumen\\Application->handleDispatcherResponse()
#1 /home/gudk/phpprj/lswoole/vendor/laravel/lumen-framework/src/Concerns/RoutesRequests.php(426): Laravel\\Lumen\\Application->Laravel\\Lumen\\Concerns\\{closure}()
#2 /home/gudk/phpprj/lswoole/vendor/laravel/lumen-framework/src/Concerns/RoutesRequests.php(172): Laravel\\Lumen\\Application->sendThroughPipeline()
#3 /home/gudk/phpprj/lswoole/vendor/laravel/lumen-framework/src/Concerns/RoutesRequests.php(92): Laravel\\Lumen\\Application->dispatch()
#4 /home/gudk/phpprj/lswoole/src/LSwooleServer.php(87): Laravel\\Lumen\\Application->handle()
#5 {main}
"} 
[2020-08-16 07:58:53] production.ERROR: Symfony\Component\Console\Exception\RuntimeException: The "-d" option does not exist. in /home/gudk/phpprj/lswoole/vendor/symfony/console/Input/ArgvInput.php:186
Stack trace:
#0 /home/gudk/phpprj/lswoole/vendor/symfony/console/Input/ArgvInput.php(102): Symfony\Component\Console\Input\ArgvInput->addShortOption()
#1 /home/gudk/phpprj/lswoole/vendor/symfony/console/Input/ArgvInput.php(80): Symfony\Component\Console\Input\ArgvInput->parseShortOption()
#2 /home/gudk/phpprj/lswoole/vendor/symfony/console/Input/Input.php(55): Symfony\Component\Console\Input\ArgvInput->parse()
#3 /home/gudk/phpprj/lswoole/vendor/symfony/console/Command/Command.php(217): Symfony\Component\Console\Input\Input->bind()
#4 /home/gudk/phpprj/lswoole/vendor/illuminate/console/Command.php(121): Symfony\Component\Console\Command\Command->run()
#5 /home/gudk/phpprj/lswoole/vendor/symfony/console/Application.php(911): Illuminate\Console\Command->run()
#6 /home/gudk/phpprj/lswoole/vendor/symfony/console/Application.php(264): Symfony\Component\Console\Application->doRunCommand()
#7 /home/gudk/phpprj/lswoole/vendor/symfony/console/Application.php(140): Symfony\Component\Console\Application->doRun()
#8 /home/gudk/phpprj/lswoole/vendor/illuminate/console/Application.php(93): Symfony\Component\Console\Application->run()
#9 /home/gudk/phpprj/lswoole/vendor/laravel/lumen-framework/src/Console/Kernel.php(116): Illuminate\Console\Application->run()
#10 /home/gudk/phpprj/lswoole/tests/TestLSwooleServiceProvider.php(53): Laravel\Lumen\Console\Kernel->handle()
#11 [internal function]: TestLSwooleServiceProvider->testInitPid()
#12 phar:///usr/local/bin/phpunit/phpunit/Framework/TestCase.php(1071): ReflectionMethod->invokeArgs()
#13 phar:///usr/local/bin/phpunit/phpunit/Framework/TestCase.php(939): PHPUnit\Framework\TestCase->runTest()
#14 phar:///usr/local/bin/phpunit/phpunit/Framework/TestResult.php(698): PHPUnit\Framework\TestCase->runBare()
#15 phar:///usr/local/bin/phpunit/phpunit/Framework/TestCase.php(894): PHPUnit\Framework\TestResult->run()
#16 phar:///usr/local/bin/phpunit/phpunit/Framework/TestSuite.php(755): PHPUnit\Framework\TestCase->run()
#17 phar:///usr/local/bin/phpunit/phpunit/TextUI/TestRunner.php(546): PHPUnit\Framework\TestSuite->run()
#18 phar:///usr/local/bin/phpunit/phpunit/TextUI/Command.php(195): PHPUnit\TextUI\TestRunner->doRun()
#19 phar:///usr/local/bin/phpunit/phpunit/TextUI/Command.php(148): PHPUnit\TextUI\Command->run()
#20 /usr/local/bin/phpunit(568): PHPUnit\TextUI\Command::main()
#21 {main} {"exception":"[object] (Symfony\\Component\\Console\\Exception\\RuntimeException(code: 0): The \"-d\" option does not exist. at /home/gudk/phpprj/lswoole/vendor/symfony/console/Input/ArgvInput.php:186)
[stacktrace]
#0 /home/gudk/phpprj/lswoole/vendor/symfony/console/Input/ArgvInput.php(102): Symfony\\Component\\Console\\Input\\ArgvInput->addShortOption()
#1 /home/gudk/phpprj/lswoole/vendor/symfony/console/Input/ArgvInput.php(80): Symfony\\Component\\Console\\Input\\ArgvInput->parseShortOption()
#2 /home/gudk/phpprj/lswoole/vendor/symfony/console/Input/Input.php(55): Symfony\\Component\\Console\\Input\\ArgvInput->parse()
#3 /home/gudk/phpprj/lswoole/vendor/symfony/console/Command/Command.php(217): Symfony\\Component\\Console\\Input\\Input->bind()
#4 /home/gudk/phpprj/lswoole/vendor/illuminate/console/Command.php(121): Symfony\\Component\\Console\\Command\\Command->run()
#5 /home/gudk/phpprj/lswoole/vendor/symfony/console/Application.php(911): Illuminate\\Console\\Command->run()
#6 /home/gudk/phpprj/lswoole/vendor/symfony/console/Application.php(264): Symfony\\Component\\Console\\Application->doRunCommand()
#7 /home/gudk/phpprj/lswoole/vendor/symfony/console/Application.php(140): Symfony\\Component\\Console\\Application->doRun()
#8 /home/gudk/phpprj/lswoole/vendor/illuminate/console/Application.php(93): Symfony\\Component\\Console\\Application->run()
#9 /home/gudk/phpprj/lswoole/vendor/laravel/lumen-framework/src/Console/Kernel.php(116): Illuminate\\Console\\Application->run()
#10 /home/gudk/phpprj/lswoole/tests/TestLSwooleServiceProvider.php(53): Laravel\\Lumen\\Console\\Kernel->handle()
#11 [internal function]: TestLSwooleServiceProvider->testInitPid()
#12 phar:///usr/local/bin/phpunit/phpunit/Framework/TestCase.php(1071): ReflectionMethod->invokeArgs()
#13 phar:///usr/local/bin/phpunit/phpunit/Framework/TestCase.php(939): PHPUnit\\Framework\\TestCase->runTest()
#14 phar:///usr/local/bin/phpunit/phpunit/Framework/TestResult.php(698): PHPUnit\\Framework\\TestCase->runBare()
#15 phar:///usr/local/bin/phpunit/phpunit/Framework/TestCase.php(894): PHPUnit\\Framework\\TestResult->run()
#16 phar:///usr/local/bin/phpunit/phpunit/Framework/TestSuite.php(755): PHPUnit\\Framework\\TestCase->run()
#17 phar:///usr/local/bin/phpunit/phpunit/TextUI/TestRunner.php(546): PHPUnit\\Framework\\TestSuite->run()
#18 phar:///usr/local/bin/phpunit/phpunit/TextUI/Command.php(195): PHPUnit\\TextUI\\TestRunner->doRun()
#19 phar:///usr/local/bin/phpunit/phpunit/TextUI/Command.php(148): PHPUnit\\TextUI\\Command->run()
#20 /usr/local/bin/phpunit(568): PHPUnit\\TextUI\\Command::main()
#21 {main}
"} 
[2020-08-16 08:00:09] production.ERROR: Symfony\Component\Console\Exception\RuntimeException: The "-d" option does not exist. in /home/gudk/phpprj/lswoole/vendor/symfony/console/Input/ArgvInput.php:186
Stack trace:
#0 /home/gudk/phpprj/lswoole/vendor/symfony/console/Input/ArgvInput.php(102): Symfony\Component\Console\Input\ArgvInput->addShortOption()
#1 /home/gudk/phpprj/lswoole/vendor/symfony/console/Input/ArgvInput.php(80): Symfony\Component\Console\Input\ArgvInput->parseShortOption()
#2 /home/gudk/phpprj/lswoole/vendor/symfony/console/Input/Input.php(55): Symfony\Component\Console\Input\ArgvInput->parse()
#3 /home/gudk/phpprj/lswoole/vendor/symfony/console/Command/Command.php(217): Symfony\Component\Console\Input\Input->bind()
#4 /home/gudk/phpprj/lswoole/vendor/illuminate/console/Command.php(121): Symfony\Component\Console\Command\Command->run()
#5 /home/gudk/phpprj/lswoole/vendor/symfony/console/Application.php(911): Illuminate\Console\Command->run()
#6 /home/gudk/phpprj/lswoole/vendor/symfony/console/Application.php(264): Symfony\Component\Console\Application->doRunCommand()
#7 /home/gudk/phpprj/lswoole/vendor/symfony/console/Application.php(140): Symfony\Component\Console\Application->doRun()
#8 /home/gudk/phpprj/lswoole/vendor/illuminate/console/Application.php(93): Symfony\Component\Console\Application->run()
#9 /home/gudk/phpprj/lswoole/vendor/laravel/lumen-framework/src/Console/Kernel.php(116): Illuminate\Console\Application->run()
#10 /home/gudk/phpprj/lswoole/tests/TestLSwooleServiceProvider.php(53): Laravel\Lumen\Console\Kernel->handle()
#11 [internal function]: TestLSwooleServiceProvider->testInitPid()
#12 phar:///usr/local/bin/phpunit/phpunit/Framework/TestCase.php(1071): ReflectionMethod->invokeArgs()
#13 phar:///usr/local/bin/phpunit/phpunit/Framework/TestCase.php(939): PHPUnit\Framework\TestCase->runTest()
#14 phar:///usr/local/bin/phpunit/phpunit/Framework/TestResult.php(698): PHPUnit\Framework\TestCase->runBare()
#15 phar:///usr/local/bin/phpunit/phpunit/Framework/TestCase.php(894): PHPUnit\Framework\TestResult->run()
#16 phar:///usr/local/bin/phpunit/phpunit/Framework/TestSuite.php(755): PHPUnit\Framework\TestCase->run()
#17 phar:///usr/local/bin/phpunit/phpunit/TextUI/TestRunner.php(546): PHPUnit\Framework\TestSuite->run()
#18 phar:///usr/local/bin/phpunit/phpunit/TextUI/Command.php(195): PHPUnit\TextUI\TestRunner->doRun()
#19 phar:///usr/local/bin/phpunit/phpunit/TextUI/Command.php(148): PHPUnit\TextUI\Command->run()
#20 /usr/local/bin/phpunit(568): PHPUnit\TextUI\Command::main()
#21 {main} {"exception":"[object] (Symfony\\Component\\Console\\Exception\\RuntimeException(code: 0): The \"-d\" option does not exist. at /home/gudk/phpprj/lswoole/vendor/symfony/console/Input/ArgvInput.php:186)
[stacktrace]
#0 /home/gudk/phpprj/lswoole/vendor/symfony/console/Input/ArgvInput.php(102): Symfony\\Component\\Console\\Input\\ArgvInput->addShortOption()
#1 /home/gudk/phpprj/lswoole/vendor/symfony/console/Input/ArgvInput.php(80): Symfony\\Component\\Console\\Input\\ArgvInput->parseShortOption()
#2 /home/gudk/phpprj/lswoole/vendor/symfony/console/Input/Input.php(55): Symfony\\Component\\Console\\Input\\ArgvInput->parse()
#3 /home/gudk/phpprj/lswoole/vendor/symfony/console/Command/Command.php(217): Symfony\\Component\\Console\\Input\\Input->bind()
#4 /home/gudk/phpprj/lswoole/vendor/illuminate/console/Command.php(121): Symfony\\Component\\Console\\Command\\Command->run()
#5 /home/gudk/phpprj/lswoole/vendor/symfony/console/Application.php(911): Illuminate\\Console\\Command->run()
#6 /home/gudk/phpprj/lswoole/vendor/symfony/console/Application.php(264): Symfony\\Component\\Console\\Application->doRunCommand()
#7 /home/gudk/phpprj/lswoole/vendor/symfony/console/Application.php(140): Symfony\\Component\\Console\\Application->doRun()
#8 /home/gudk/phpprj/lswoole/vendor/illuminate/console/Application.php(93): Symfony\\Component\\Console\\Application->run()
#9 /home/gudk/phpprj/lswoole/vendor/laravel/lumen-framework/src/Console/Kernel.php(116): Illuminate\\Console\\Application->run()
#10 /home/gudk/phpprj/lswoole/tests/TestLSwooleServiceProvider.php(53): Laravel\\Lumen\\Console\\Kernel->handle()
#11 [internal function]: TestLSwooleServiceProvider->testInitPid()
#12 phar:///usr/local/bin/phpunit/phpunit/Framework/TestCase.php(1071): ReflectionMethod->invokeArgs()
#13 phar:///usr/local/bin/phpunit/phpunit/Framework/TestCase.php(939): PHPUnit\\Framework\\TestCase->runTest()
#14 phar:///usr/local/bin/phpunit/phpunit/Framework/TestResult.php(698): PHPUnit\\Framework\\TestCase->runBare()
#15 phar:///usr/local/bin/phpunit/phpunit/Framework/TestCase.php(894): PHPUnit\\Framework\\TestResult->run()
#16 phar:///usr/local/bin/phpunit/phpunit/Framework/TestSuite.php(755): PHPUnit\\Framework\\TestCase->run()
#17 phar:///usr/local/bin/phpunit/phpunit/TextUI/TestRunner.php(546): PHPUnit\\Framework\\TestSuite->run()
#18 phar:///usr/local/bin/phpunit/phpunit/TextUI/Command.php(195): PHPUnit\\TextUI\\TestRunner->doRun()
#19 phar:///usr/local/bin/phpunit/phpunit/TextUI/Command.php(148): PHPUnit\\TextUI\\Command->run()
#20 /usr/local/bin/phpunit(568): PHPUnit\\TextUI\\Command::main()
#21 {main}
"} 
[2020-08-16 08:02:10] production.ERROR: Symfony\Component\Console\Exception\RuntimeException: The "-d" option does not exist. in /home/gudk/phpprj/lswoole/vendor/symfony/console/Input/ArgvInput.php:186
Stack trace:
#0 /home/gudk/phpprj/lswoole/vendor/symfony/console/Input/ArgvInput.php(102): Symfony\Component\Console\Input\ArgvInput->addShortOption()
#1 /home/gudk/phpprj/lswoole/vendor/symfony/console/Input/ArgvInput.php(80): Symfony\Component\Console\Input\ArgvInput->parseShortOption()
#2 /home/gudk/phpprj/lswoole/vendor/symfony/console/Input/Input.php(55): Symfony\Component\Console\Input\ArgvInput->parse()
#3 /home/gudk/phpprj/lswoole/vendor/symfony/console/Command/Command.php(217): Symfony\Component\Console\Input\Input->bind()
#4 /home/gudk/phpprj/lswoole/vendor/illuminate/console/Command.php(121): Symfony\Component\Console\Command\Command->run()
#5 /home/gudk/phpprj/lswoole/vendor/symfony/console/Application.php(911): Illuminate\Console\Command->run()
#6 /home/gudk/phpprj/lswoole/vendor/symfony/console/Application.php(264): Symfony\Component\Console\Application->doRunCommand()
#7 /home/gudk/phpprj/lswoole/vendor/symfony/console/Application.php(140): Symfony\Component\Console\Application->doRun()
#8 /home/gudk/phpprj/lswoole/vendor/illuminate/console/Application.php(93): Symfony\Component\Console\Application->run()
#9 /home/gudk/phpprj/lswoole/vendor/laravel/lumen-framework/src/Console/Kernel.php(116): Illuminate\Console\Application->run()
#10 /home/gudk/phpprj/lswoole/tests/TestLSwooleServiceProvider.php(53): Laravel\Lumen\Console\Kernel->handle()
#11 [internal function]: TestLSwooleServiceProvider->testInitPid()
#12 phar:///usr/local/bin/phpunit/phpunit/Framework/TestCase.php(1071): ReflectionMethod->invokeArgs()
#13 phar:///usr/local/bin/phpunit/phpunit/Framework/TestCase.php(939): PHPUnit\Framework\TestCase->runTest()
#14 phar:///usr/local/bin/phpunit/phpunit/Framework/TestResult.php(698): PHPUnit\Framework\TestCase->runBare()
#15 phar:///usr/local/bin/phpunit/phpunit/Framework/TestCase.php(894): PHPUnit\Framework\TestResult->run()
#16 phar:///usr/local/bin/phpunit/phpunit/Framework/TestSuite.php(755): PHPUnit\Framework\TestCase->run()
#17 phar:///usr/local/bin/phpunit/phpunit/TextUI/TestRunner.php(546): PHPUnit\Framework\TestSuite->run()
#18 phar:///usr/local/bin/phpunit/phpunit/TextUI/Command.php(195): PHPUnit\TextUI\TestRunner->doRun()
#19 phar:///usr/local/bin/phpunit/phpunit/TextUI/Command.php(148): PHPUnit\TextUI\Command->run()
#20 /usr/local/bin/phpunit(568): PHPUnit\TextUI\Command::main()
#21 {main} {"exception":"[object] (Symfony\\Component\\Console\\Exception\\RuntimeException(code: 0): The \"-d\" option does not exist. at /home/gudk/phpprj/lswoole/vendor/symfony/console/Input/ArgvInput.php:186)
[stacktrace]
#0 /home/gudk/phpprj/lswoole/vendor/symfony/console/Input/ArgvInput.php(102): Symfony\\Component\\Console\\Input\\ArgvInput->addShortOption()
#1 /home/gudk/phpprj/lswoole/vendor/symfony/console/Input/ArgvInput.php(80): Symfony\\Component\\Console\\Input\\ArgvInput->parseShortOption()
#2 /home/gudk/phpprj/lswoole/vendor/symfony/console/Input/Input.php(55): Symfony\\Component\\Console\\Input\\ArgvInput->parse()
#3 /home/gudk/phpprj/lswoole/vendor/symfony/console/Command/Command.php(217): Symfony\\Component\\Console\\Input\\Input->bind()
#4 /home/gudk/phpprj/lswoole/vendor/illuminate/console/Command.php(121): Symfony\\Component\\Console\\Command\\Command->run()
#5 /home/gudk/phpprj/lswoole/vendor/symfony/console/Application.php(911): Illuminate\\Console\\Command->run()
#6 /home/gudk/phpprj/lswoole/vendor/symfony/console/Application.php(264): Symfony\\Component\\Console\\Application->doRunCommand()
#7 /home/gudk/phpprj/lswoole/vendor/symfony/console/Application.php(140): Symfony\\Component\\Console\\Application->doRun()
#8 /home/gudk/phpprj/lswoole/vendor/illuminate/console/Application.php(93): Symfony\\Component\\Console\\Application->run()
#9 /home/gudk/phpprj/lswoole/vendor/laravel/lumen-framework/src/Console/Kernel.php(116): Illuminate\\Console\\Application->run()
#10 /home/gudk/phpprj/lswoole/tests/TestLSwooleServiceProvider.php(53): Laravel\\Lumen\\Console\\Kernel->handle()
#11 [internal function]: TestLSwooleServiceProvider->testInitPid()
#12 phar:///usr/local/bin/phpunit/phpunit/Framework/TestCase.php(1071): ReflectionMethod->invokeArgs()
#13 phar:///usr/local/bin/phpunit/phpunit/Framework/TestCase.php(939): PHPUnit\\Framework\\TestCase->runTest()
#14 phar:///usr/local/bin/phpunit/phpunit/Framework/TestResult.php(698): PHPUnit\\Framework\\TestCase->runBare()
#15 phar:///usr/local/bin/phpunit/phpunit/Framework/TestCase.php(894): PHPUnit\\Framework\\TestResult->run()
#16 phar:///usr/local/bin/phpunit/phpunit/Framework/TestSuite.php(755): PHPUnit\\Framework\\TestCase->run()
#17 phar:///usr/local/bin/phpunit/phpunit/TextUI/TestRunner.php(546): PHPUnit\\Framework\\TestSuite->run()
#18 phar:///usr/local/bin/phpunit/phpunit/TextUI/Command.php(195): PHPUnit\\TextUI\\TestRunner->doRun()
#19 phar:///usr/local/bin/phpunit/phpunit/TextUI/Command.php(148): PHPUnit\\TextUI\\Command->run()
#20 /usr/local/bin/phpunit(568): PHPUnit\\TextUI\\Command::main()
#21 {main}
"} 
[2020-08-16 08:05:35] production.ERROR: Symfony\Component\Console\Exception\RuntimeException: The "-d" option does not exist. in /home/gudk/phpprj/lswoole/vendor/symfony/console/Input/ArgvInput.php:186
Stack trace:
#0 /home/gudk/phpprj/lswoole/vendor/symfony/console/Input/ArgvInput.php(102): Symfony\Component\Console\Input\ArgvInput->addShortOption()
#1 /home/gudk/phpprj/lswoole/vendor/symfony/console/Input/ArgvInput.php(80): Symfony\Component\Console\Input\ArgvInput->parseShortOption()
#2 /home/gudk/phpprj/lswoole/vendor/symfony/console/Input/Input.php(55): Symfony\Component\Console\Input\ArgvInput->parse()
#3 /home/gudk/phpprj/lswoole/vendor/symfony/console/Command/Command.php(217): Symfony\Component\Console\Input\Input->bind()
#4 /home/gudk/phpprj/lswoole/vendor/illuminate/console/Command.php(121): Symfony\Component\Console\Command\Command->run()
#5 /home/gudk/phpprj/lswoole/vendor/symfony/console/Application.php(911): Illuminate\Console\Command->run()
#6 /home/gudk/phpprj/lswoole/vendor/symfony/console/Application.php(264): Symfony\Component\Console\Application->doRunCommand()
#7 /home/gudk/phpprj/lswoole/vendor/symfony/console/Application.php(140): Symfony\Component\Console\Application->doRun()
#8 /home/gudk/phpprj/lswoole/vendor/illuminate/console/Application.php(93): Symfony\Component\Console\Application->run()
#9 /home/gudk/phpprj/lswoole/vendor/laravel/lumen-framework/src/Console/Kernel.php(116): Illuminate\Console\Application->run()
#10 /home/gudk/phpprj/lswoole/tests/TestLSwooleServiceProvider.php(53): Laravel\Lumen\Console\Kernel->handle()
#11 [internal function]: TestLSwooleServiceProvider->testInitPid()
#12 phar:///usr/local/bin/phpunit/phpunit/Framework/TestCase.php(1071): ReflectionMethod->invokeArgs()
#13 phar:///usr/local/bin/phpunit/phpunit/Framework/TestCase.php(939): PHPUnit\Framework\TestCase->runTest()
#14 phar:///usr/local/bin/phpunit/phpunit/Framework/TestResult.php(698): PHPUnit\Framework\TestCase->runBare()
#15 phar:///usr/local/bin/phpunit/phpunit/Framework/TestCase.php(894): PHPUnit\Framework\TestResult->run()
#16 phar:///usr/local/bin/phpunit/phpunit/Framework/TestSuite.php(755): PHPUnit\Framework\TestCase->run()
#17 phar:///usr/local/bin/phpunit/phpunit/TextUI/TestRunner.php(546): PHPUnit\Framework\TestSuite->run()
#18 phar:///usr/local/bin/phpunit/phpunit/TextUI/Command.php(195): PHPUnit\TextUI\TestRunner->doRun()
#19 phar:///usr/local/bin/phpunit/phpunit/TextUI/Command.php(148): PHPUnit\TextUI\Command->run()
#20 /usr/local/bin/phpunit(568): PHPUnit\TextUI\Command::main()
#21 {main} {"exception":"[object] (Symfony\\Component\\Console\\Exception\\RuntimeException(code: 0): The \"-d\" option does not exist. at /home/gudk/phpprj/lswoole/vendor/symfony/console/Input/ArgvInput.php:186)
[stacktrace]
#0 /home/gudk/phpprj/lswoole/vendor/symfony/console/Input/ArgvInput.php(102): Symfony\\Component\\Console\\Input\\ArgvInput->addShortOption()
#1 /home/gudk/phpprj/lswoole/vendor/symfony/console/Input/ArgvInput.php(80): Symfony\\Component\\Console\\Input\\ArgvInput->parseShortOption()
#2 /home/gudk/phpprj/lswoole/vendor/symfony/console/Input/Input.php(55): Symfony\\Component\\Console\\Input\\ArgvInput->parse()
#3 /home/gudk/phpprj/lswoole/vendor/symfony/console/Command/Command.php(217): Symfony\\Component\\Console\\Input\\Input->bind()
#4 /home/gudk/phpprj/lswoole/vendor/illuminate/console/Command.php(121): Symfony\\Component\\Console\\Command\\Command->run()
#5 /home/gudk/phpprj/lswoole/vendor/symfony/console/Application.php(911): Illuminate\\Console\\Command->run()
#6 /home/gudk/phpprj/lswoole/vendor/symfony/console/Application.php(264): Symfony\\Component\\Console\\Application->doRunCommand()
#7 /home/gudk/phpprj/lswoole/vendor/symfony/console/Application.php(140): Symfony\\Component\\Console\\Application->doRun()
#8 /home/gudk/phpprj/lswoole/vendor/illuminate/console/Application.php(93): Symfony\\Component\\Console\\Application->run()
#9 /home/gudk/phpprj/lswoole/vendor/laravel/lumen-framework/src/Console/Kernel.php(116): Illuminate\\Console\\Application->run()
#10 /home/gudk/phpprj/lswoole/tests/TestLSwooleServiceProvider.php(53): Laravel\\Lumen\\Console\\Kernel->handle()
#11 [internal function]: TestLSwooleServiceProvider->testInitPid()
#12 phar:///usr/local/bin/phpunit/phpunit/Framework/TestCase.php(1071): ReflectionMethod->invokeArgs()
#13 phar:///usr/local/bin/phpunit/phpunit/Framework/TestCase.php(939): PHPUnit\\Framework\\TestCase->runTest()
#14 phar:///usr/local/bin/phpunit/phpunit/Framework/TestResult.php(698): PHPUnit\\Framework\\TestCase->runBare()
#15 phar:///usr/local/bin/phpunit/phpunit/Framework/TestCase.php(894): PHPUnit\\Framework\\TestResult->run()
#16 phar:///usr/local/bin/phpunit/phpunit/Framework/TestSuite.php(755): PHPUnit\\Framework\\TestCase->run()
#17 phar:///usr/local/bin/phpunit/phpunit/TextUI/TestRunner.php(546): PHPUnit\\Framework\\TestSuite->run()
#18 phar:///usr/local/bin/phpunit/phpunit/TextUI/Command.php(195): PHPUnit\\TextUI\\TestRunner->doRun()
#19 phar:///usr/local/bin/phpunit/phpunit/TextUI/Command.php(148): PHPUnit\\TextUI\\Command->run()
#20 /usr/local/bin/phpunit(568): PHPUnit\\TextUI\\Command::main()
#21 {main}
"} 
[2020-08-16 08:05:55] production.ERROR: Symfony\Component\Console\Exception\RuntimeException: The "-d" option does not exist. in /home/gudk/phpprj/lswoole/vendor/symfony/console/Input/ArgvInput.php:186
Stack trace:
#0 /home/gudk/phpprj/lswoole/vendor/symfony/console/Input/ArgvInput.php(102): Symfony\Component\Console\Input\ArgvInput->addShortOption()
#1 /home/gudk/phpprj/lswoole/vendor/symfony/console/Input/ArgvInput.php(80): Symfony\Component\Console\Input\ArgvInput->parseShortOption()
#2 /home/gudk/phpprj/lswoole/vendor/symfony/console/Input/Input.php(55): Symfony\Component\Console\Input\ArgvInput->parse()
#3 /home/gudk/phpprj/lswoole/vendor/symfony/console/Command/Command.php(217): Symfony\Component\Console\Input\Input->bind()
#4 /home/gudk/phpprj/lswoole/vendor/illuminate/console/Command.php(121): Symfony\Component\Console\Command\Command->run()
#5 /home/gudk/phpprj/lswoole/vendor/symfony/console/Application.php(911): Illuminate\Console\Command->run()
#6 /home/gudk/phpprj/lswoole/vendor/symfony/console/Application.php(264): Symfony\Component\Console\Application->doRunCommand()
#7 /home/gudk/phpprj/lswoole/vendor/symfony/console/Application.php(140): Symfony\Component\Console\Application->doRun()
#8 /home/gudk/phpprj/lswoole/vendor/illuminate/console/Application.php(93): Symfony\Component\Console\Application->run()
#9 /home/gudk/phpprj/lswoole/vendor/laravel/lumen-framework/src/Console/Kernel.php(116): Illuminate\Console\Application->run()
#10 /home/gudk/phpprj/lswoole/tests/TestLSwooleServiceProvider.php(53): Laravel\Lumen\Console\Kernel->handle()
#11 [internal function]: TestLSwooleServiceProvider->testInitPid()
#12 phar:///usr/local/bin/phpunit/phpunit/Framework/TestCase.php(1071): ReflectionMethod->invokeArgs()
#13 phar:///usr/local/bin/phpunit/phpunit/Framework/TestCase.php(939): PHPUnit\Framework\TestCase->runTest()
#14 phar:///usr/local/bin/phpunit/phpunit/Framework/TestResult.php(698): PHPUnit\Framework\TestCase->runBare()
#15 phar:///usr/local/bin/phpunit/phpunit/Framework/TestCase.php(894): PHPUnit\Framework\TestResult->run()
#16 phar:///usr/local/bin/phpunit/phpunit/Framework/TestSuite.php(755): PHPUnit\Framework\TestCase->run()
#17 phar:///usr/local/bin/phpunit/phpunit/TextUI/TestRunner.php(546): PHPUnit\Framework\TestSuite->run()
#18 phar:///usr/local/bin/phpunit/phpunit/TextUI/Command.php(195): PHPUnit\TextUI\TestRunner->doRun()
#19 phar:///usr/local/bin/phpunit/phpunit/TextUI/Command.php(148): PHPUnit\TextUI\Command->run()
#20 /usr/local/bin/phpunit(568): PHPUnit\TextUI\Command::main()
#21 {main} {"exception":"[object] (Symfony\\Component\\Console\\Exception\\RuntimeException(code: 0): The \"-d\" option does not exist. at /home/gudk/phpprj/lswoole/vendor/symfony/console/Input/ArgvInput.php:186)
[stacktrace]
#0 /home/gudk/phpprj/lswoole/vendor/symfony/console/Input/ArgvInput.php(102): Symfony\\Component\\Console\\Input\\ArgvInput->addShortOption()
#1 /home/gudk/phpprj/lswoole/vendor/symfony/console/Input/ArgvInput.php(80): Symfony\\Component\\Console\\Input\\ArgvInput->parseShortOption()
#2 /home/gudk/phpprj/lswoole/vendor/symfony/console/Input/Input.php(55): Symfony\\Component\\Console\\Input\\ArgvInput->parse()
#3 /home/gudk/phpprj/lswoole/vendor/symfony/console/Command/Command.php(217): Symfony\\Component\\Console\\Input\\Input->bind()
#4 /home/gudk/phpprj/lswoole/vendor/illuminate/console/Command.php(121): Symfony\\Component\\Console\\Command\\Command->run()
#5 /home/gudk/phpprj/lswoole/vendor/symfony/console/Application.php(911): Illuminate\\Console\\Command->run()
#6 /home/gudk/phpprj/lswoole/vendor/symfony/console/Application.php(264): Symfony\\Component\\Console\\Application->doRunCommand()
#7 /home/gudk/phpprj/lswoole/vendor/symfony/console/Application.php(140): Symfony\\Component\\Console\\Application->doRun()
#8 /home/gudk/phpprj/lswoole/vendor/illuminate/console/Application.php(93): Symfony\\Component\\Console\\Application->run()
#9 /home/gudk/phpprj/lswoole/vendor/laravel/lumen-framework/src/Console/Kernel.php(116): Illuminate\\Console\\Application->run()
#10 /home/gudk/phpprj/lswoole/tests/TestLSwooleServiceProvider.php(53): Laravel\\Lumen\\Console\\Kernel->handle()
#11 [internal function]: TestLSwooleServiceProvider->testInitPid()
#12 phar:///usr/local/bin/phpunit/phpunit/Framework/TestCase.php(1071): ReflectionMethod->invokeArgs()
#13 phar:///usr/local/bin/phpunit/phpunit/Framework/TestCase.php(939): PHPUnit\\Framework\\TestCase->runTest()
#14 phar:///usr/local/bin/phpunit/phpunit/Framework/TestResult.php(698): PHPUnit\\Framework\\TestCase->runBare()
#15 phar:///usr/local/bin/phpunit/phpunit/Framework/TestCase.php(894): PHPUnit\\Framework\\TestResult->run()
#16 phar:///usr/local/bin/phpunit/phpunit/Framework/TestSuite.php(755): PHPUnit\\Framework\\TestCase->run()
#17 phar:///usr/local/bin/phpunit/phpunit/TextUI/TestRunner.php(546): PHPUnit\\Framework\\TestSuite->run()
#18 phar:///usr/local/bin/phpunit/phpunit/TextUI/Command.php(195): PHPUnit\\TextUI\\TestRunner->doRun()
#19 phar:///usr/local/bin/phpunit/phpunit/TextUI/Command.php(148): PHPUnit\\TextUI\\Command->run()
#20 /usr/local/bin/phpunit(568): PHPUnit\\TextUI\\Command::main()
#21 {main}
"} 
[2020-08-16 08:07:26] production.ERROR: Symfony\Component\Console\Exception\InvalidArgumentException: The "D" argument does not exist. in /home/gudk/phpprj/lswoole/vendor/symfony/console/Input/Input.php:110
Stack trace:
#0 /home/gudk/phpprj/lswoole/vendor/illuminate/console/Concerns/InteractsWithIO.php(74): Symfony\Component\Console\Input\Input->getArgument()
#1 /home/gudk/phpprj/lswoole/src/Command.php(51): Illuminate\Console\Command->argument()
#2 /home/gudk/phpprj/lswoole/src/Command.php(27): gudongkun\lswoole\Command->start()
#3 [internal function]: gudongkun\lswoole\Command->handle()
#4 /home/gudk/phpprj/lswoole/vendor/illuminate/container/BoundMethod.php(37): call_user_func_array()
#5 /home/gudk/phpprj/lswoole/vendor/illuminate/container/Util.php(37): Illuminate\Container\BoundMethod::Illuminate\Container\{closure}()
#6 /home/gudk/phpprj/lswoole/vendor/illuminate/container/BoundMethod.php(95): Illuminate\Container\Util::unwrapIfClosure()
#7 /home/gudk/phpprj/lswoole/vendor/illuminate/container/BoundMethod.php(39): Illuminate\Container\BoundMethod::callBoundMethod()
#8 /home/gudk/phpprj/lswoole/vendor/illuminate/container/Container.php(596): Illuminate\Container\BoundMethod::call()
#9 /home/gudk/phpprj/lswoole/vendor/illuminate/console/Command.php(134): Illuminate\Container\Container->call()
#10 /home/gudk/phpprj/lswoole/vendor/symfony/console/Command/Command.php(258): Illuminate\Console\Command->execute()
#11 /home/gudk/phpprj/lswoole/vendor/illuminate/console/Command.php(121): Symfony\Component\Console\Command\Command->run()
#12 /home/gudk/phpprj/lswoole/vendor/symfony/console/Application.php(911): Illuminate\Console\Command->run()
#13 /home/gudk/phpprj/lswoole/vendor/symfony/console/Application.php(264): Symfony\Component\Console\Application->doRunCommand()
#14 /home/gudk/phpprj/lswoole/vendor/symfony/console/Application.php(140): Symfony\Component\Console\Application->doRun()
#15 /home/gudk/phpprj/lswoole/vendor/illuminate/console/Application.php(93): Symfony\Component\Console\Application->run()
#16 /home/gudk/phpprj/lswoole/vendor/laravel/lumen-framework/src/Console/Kernel.php(116): Illuminate\Console\Application->run()
#17 /home/gudk/phpprj/lswoole/tests/TestLSwooleServiceProvider.php(53): Laravel\Lumen\Console\Kernel->handle()
#18 [internal function]: TestLSwooleServiceProvider->testInitPid()
#19 phar:///usr/local/bin/phpunit/phpunit/Framework/TestCase.php(1071): ReflectionMethod->invokeArgs()
#20 phar:///usr/local/bin/phpunit/phpunit/Framework/TestCase.php(939): PHPUnit\Framework\TestCase->runTest()
#21 phar:///usr/local/bin/phpunit/phpunit/Framework/TestResult.php(698): PHPUnit\Framework\TestCase->runBare()
#22 phar:///usr/local/bin/phpunit/phpunit/Framework/TestCase.php(894): PHPUnit\Framework\TestResult->run()
#23 phar:///usr/local/bin/phpunit/phpunit/Framework/TestSuite.php(755): PHPUnit\Framework\TestCase->run()
#24 phar:///usr/local/bin/phpunit/phpunit/TextUI/TestRunner.php(546): PHPUnit\Framework\TestSuite->run()
#25 phar:///usr/local/bin/phpunit/phpunit/TextUI/Command.php(195): PHPUnit\TextUI\TestRunner->doRun()
#26 phar:///usr/local/bin/phpunit/phpunit/TextUI/Command.php(148): PHPUnit\TextUI\Command->run()
#27 /usr/local/bin/phpunit(568): PHPUnit\TextUI\Command::main()
#28 {main} {"exception":"[object] (Symfony\\Component\\Console\\Exception\\InvalidArgumentException(code: 0): The \"D\" argument does not exist. at /home/gudk/phpprj/lswoole/vendor/symfony/console/Input/Input.php:110)
[stacktrace]
#0 /home/gudk/phpprj/lswoole/vendor/illuminate/console/Concerns/InteractsWithIO.php(74): Symfony\\Component\\Console\\Input\\Input->getArgument()
#1 /home/gudk/phpprj/lswoole/src/Command.php(51): Illuminate\\Console\\Command->argument()
#2 /home/gudk/phpprj/lswoole/src/Command.php(27): gudongkun\\lswoole\\Command->start()
#3 [internal function]: gudongkun\\lswoole\\Command->handle()
#4 /home/gudk/phpprj/lswoole/vendor/illuminate/container/BoundMethod.php(37): call_user_func_array()
#5 /home/gudk/phpprj/lswoole/vendor/illuminate/container/Util.php(37): Illuminate\\Container\\BoundMethod::Illuminate\\Container\\{closure}()
#6 /home/gudk/phpprj/lswoole/vendor/illuminate/container/BoundMethod.php(95): Illuminate\\Container\\Util::unwrapIfClosure()
#7 /home/gudk/phpprj/lswoole/vendor/illuminate/container/BoundMethod.php(39): Illuminate\\Container\\BoundMethod::callBoundMethod()
#8 /home/gudk/phpprj/lswoole/vendor/illuminate/container/Container.php(596): Illuminate\\Container\\BoundMethod::call()
#9 /home/gudk/phpprj/lswoole/vendor/illuminate/console/Command.php(134): Illuminate\\Container\\Container->call()
#10 /home/gudk/phpprj/lswoole/vendor/symfony/console/Command/Command.php(258): Illuminate\\Console\\Command->execute()
#11 /home/gudk/phpprj/lswoole/vendor/illuminate/console/Command.php(121): Symfony\\Component\\Console\\Command\\Command->run()
#12 /home/gudk/phpprj/lswoole/vendor/symfony/console/Application.php(911): Illuminate\\Console\\Command->run()
#13 /home/gudk/phpprj/lswoole/vendor/symfony/console/Application.php(264): Symfony\\Component\\Console\\Application->doRunCommand()
#14 /home/gudk/phpprj/lswoole/vendor/symfony/console/Application.php(140): Symfony\\Component\\Console\\Application->doRun()
#15 /home/gudk/phpprj/lswoole/vendor/illuminate/console/Application.php(93): Symfony\\Component\\Console\\Application->run()
#16 /home/gudk/phpprj/lswoole/vendor/laravel/lumen-framework/src/Console/Kernel.php(116): Illuminate\\Console\\Application->run()
#17 /home/gudk/phpprj/lswoole/tests/TestLSwooleServiceProvider.php(53): Laravel\\Lumen\\Console\\Kernel->handle()
#18 [internal function]: TestLSwooleServiceProvider->testInitPid()
#19 phar:///usr/local/bin/phpunit/phpunit/Framework/TestCase.php(1071): ReflectionMethod->invokeArgs()
#20 phar:///usr/local/bin/phpunit/phpunit/Framework/TestCase.php(939): PHPUnit\\Framework\\TestCase->runTest()
#21 phar:///usr/local/bin/phpunit/phpunit/Framework/TestResult.php(698): PHPUnit\\Framework\\TestCase->runBare()
#22 phar:///usr/local/bin/phpunit/phpunit/Framework/TestCase.php(894): PHPUnit\\Framework\\TestResult->run()
#23 phar:///usr/local/bin/phpunit/phpunit/Framework/TestSuite.php(755): PHPUnit\\Framework\\TestCase->run()
#24 phar:///usr/local/bin/phpunit/phpunit/TextUI/TestRunner.php(546): PHPUnit\\Framework\\TestSuite->run()
#25 phar:///usr/local/bin/phpunit/phpunit/TextUI/Command.php(195): PHPUnit\\TextUI\\TestRunner->doRun()
#26 phar:///usr/local/bin/phpunit/phpunit/TextUI/Command.php(148): PHPUnit\\TextUI\\Command->run()
#27 /usr/local/bin/phpunit(568): PHPUnit\\TextUI\\Command::main()
#28 {main}
"} 
[2020-08-16 08:08:23] production.ERROR: Symfony\Component\Console\Exception\RuntimeException: The "-d" option does not exist. in /home/gudk/phpprj/lswoole/vendor/symfony/console/Input/ArgvInput.php:186
Stack trace:
#0 /home/gudk/phpprj/lswoole/vendor/symfony/console/Input/ArgvInput.php(102): Symfony\Component\Console\Input\ArgvInput->addShortOption()
#1 /home/gudk/phpprj/lswoole/vendor/symfony/console/Input/ArgvInput.php(80): Symfony\Component\Console\Input\ArgvInput->parseShortOption()
#2 /home/gudk/phpprj/lswoole/vendor/symfony/console/Input/Input.php(55): Symfony\Component\Console\Input\ArgvInput->parse()
#3 /home/gudk/phpprj/lswoole/vendor/symfony/console/Command/Command.php(217): Symfony\Component\Console\Input\Input->bind()
#4 /home/gudk/phpprj/lswoole/vendor/illuminate/console/Command.php(121): Symfony\Component\Console\Command\Command->run()
#5 /home/gudk/phpprj/lswoole/vendor/symfony/console/Application.php(911): Illuminate\Console\Command->run()
#6 /home/gudk/phpprj/lswoole/vendor/symfony/console/Application.php(264): Symfony\Component\Console\Application->doRunCommand()
#7 /home/gudk/phpprj/lswoole/vendor/symfony/console/Application.php(140): Symfony\Component\Console\Application->doRun()
#8 /home/gudk/phpprj/lswoole/vendor/illuminate/console/Application.php(93): Symfony\Component\Console\Application->run()
#9 /home/gudk/phpprj/lswoole/vendor/laravel/lumen-framework/src/Console/Kernel.php(116): Illuminate\Console\Application->run()
#10 /home/gudk/phpprj/lswoole/tests/TestLSwooleServiceProvider.php(53): Laravel\Lumen\Console\Kernel->handle()
#11 [internal function]: TestLSwooleServiceProvider->testInitPid()
#12 phar:///usr/local/bin/phpunit/phpunit/Framework/TestCase.php(1071): ReflectionMethod->invokeArgs()
#13 phar:///usr/local/bin/phpunit/phpunit/Framework/TestCase.php(939): PHPUnit\Framework\TestCase->runTest()
#14 phar:///usr/local/bin/phpunit/phpunit/Framework/TestResult.php(698): PHPUnit\Framework\TestCase->runBare()
#15 phar:///usr/local/bin/phpunit/phpunit/Framework/TestCase.php(894): PHPUnit\Framework\TestResult->run()
#16 phar:///usr/local/bin/phpunit/phpunit/Framework/TestSuite.php(755): PHPUnit\Framework\TestCase->run()
#17 phar:///usr/local/bin/phpunit/phpunit/TextUI/TestRunner.php(546): PHPUnit\Framework\TestSuite->run()
#18 phar:///usr/local/bin/phpunit/phpunit/TextUI/Command.php(195): PHPUnit\TextUI\TestRunner->doRun()
#19 phar:///usr/local/bin/phpunit/phpunit/TextUI/Command.php(148): PHPUnit\TextUI\Command->run()
#20 /usr/local/bin/phpunit(568): PHPUnit\TextUI\Command::main()
#21 {main} {"exception":"[object] (Symfony\\Component\\Console\\Exception\\RuntimeException(code: 0): The \"-d\" option does not exist. at /home/gudk/phpprj/lswoole/vendor/symfony/console/Input/ArgvInput.php:186)
[stacktrace]
#0 /home/gudk/phpprj/lswoole/vendor/symfony/console/Input/ArgvInput.php(102): Symfony\\Component\\Console\\Input\\ArgvInput->addShortOption()
#1 /home/gudk/phpprj/lswoole/vendor/symfony/console/Input/ArgvInput.php(80): Symfony\\Component\\Console\\Input\\ArgvInput->parseShortOption()
#2 /home/gudk/phpprj/lswoole/vendor/symfony/console/Input/Input.php(55): Symfony\\Component\\Console\\Input\\ArgvInput->parse()
#3 /home/gudk/phpprj/lswoole/vendor/symfony/console/Command/Command.php(217): Symfony\\Component\\Console\\Input\\Input->bind()
#4 /home/gudk/phpprj/lswoole/vendor/illuminate/console/Command.php(121): Symfony\\Component\\Console\\Command\\Command->run()
#5 /home/gudk/phpprj/lswoole/vendor/symfony/console/Application.php(911): Illuminate\\Console\\Command->run()
#6 /home/gudk/phpprj/lswoole/vendor/symfony/console/Application.php(264): Symfony\\Component\\Console\\Application->doRunCommand()
#7 /home/gudk/phpprj/lswoole/vendor/symfony/console/Application.php(140): Symfony\\Component\\Console\\Application->doRun()
#8 /home/gudk/phpprj/lswoole/vendor/illuminate/console/Application.php(93): Symfony\\Component\\Console\\Application->run()
#9 /home/gudk/phpprj/lswoole/vendor/laravel/lumen-framework/src/Console/Kernel.php(116): Illuminate\\Console\\Application->run()
#10 /home/gudk/phpprj/lswoole/tests/TestLSwooleServiceProvider.php(53): Laravel\\Lumen\\Console\\Kernel->handle()
#11 [internal function]: TestLSwooleServiceProvider->testInitPid()
#12 phar:///usr/local/bin/phpunit/phpunit/Framework/TestCase.php(1071): ReflectionMethod->invokeArgs()
#13 phar:///usr/local/bin/phpunit/phpunit/Framework/TestCase.php(939): PHPUnit\\Framework\\TestCase->runTest()
#14 phar:///usr/local/bin/phpunit/phpunit/Framework/TestResult.php(698): PHPUnit\\Framework\\TestCase->runBare()
#15 phar:///usr/local/bin/phpunit/phpunit/Framework/TestCase.php(894): PHPUnit\\Framework\\TestResult->run()
#16 phar:///usr/local/bin/phpunit/phpunit/Framework/TestSuite.php(755): PHPUnit\\Framework\\TestCase->run()
#17 phar:///usr/local/bin/phpunit/phpunit/TextUI/TestRunner.php(546): PHPUnit\\Framework\\TestSuite->run()
#18 phar:///usr/local/bin/phpunit/phpunit/TextUI/Command.php(195): PHPUnit\\TextUI\\TestRunner->doRun()
#19 phar:///usr/local/bin/phpunit/phpunit/TextUI/Command.php(148): PHPUnit\\TextUI\\Command->run()
#20 /usr/local/bin/phpunit(568): PHPUnit\\TextUI\\Command::main()
#21 {main}
"} 
[2020-08-16 08:10:46] production.ERROR: Symfony\Component\Console\Exception\RuntimeException: The "--daemon" option does not exist. in /home/gudk/phpprj/lswoole/vendor/symfony/console/Input/ArgvInput.php:200
Stack trace:
#0 /home/gudk/phpprj/lswoole/vendor/symfony/console/Input/ArgvInput.php(144): Symfony\Component\Console\Input\ArgvInput->addLongOption()
#1 /home/gudk/phpprj/lswoole/vendor/symfony/console/Input/ArgvInput.php(78): Symfony\Component\Console\Input\ArgvInput->parseLongOption()
#2 /home/gudk/phpprj/lswoole/vendor/symfony/console/Input/Input.php(55): Symfony\Component\Console\Input\ArgvInput->parse()
#3 /home/gudk/phpprj/lswoole/vendor/symfony/console/Command/Command.php(217): Symfony\Component\Console\Input\Input->bind()
#4 /home/gudk/phpprj/lswoole/vendor/illuminate/console/Command.php(121): Symfony\Component\Console\Command\Command->run()
#5 /home/gudk/phpprj/lswoole/vendor/symfony/console/Application.php(911): Illuminate\Console\Command->run()
#6 /home/gudk/phpprj/lswoole/vendor/symfony/console/Application.php(264): Symfony\Component\Console\Application->doRunCommand()
#7 /home/gudk/phpprj/lswoole/vendor/symfony/console/Application.php(140): Symfony\Component\Console\Application->doRun()
#8 /home/gudk/phpprj/lswoole/vendor/illuminate/console/Application.php(93): Symfony\Component\Console\Application->run()
#9 /home/gudk/phpprj/lswoole/vendor/laravel/lumen-framework/src/Console/Kernel.php(116): Illuminate\Console\Application->run()
#10 /home/gudk/phpprj/lswoole/tests/TestLSwooleServiceProvider.php(53): Laravel\Lumen\Console\Kernel->handle()
#11 [internal function]: TestLSwooleServiceProvider->testInitPid()
#12 phar:///usr/local/bin/phpunit/phpunit/Framework/TestCase.php(1071): ReflectionMethod->invokeArgs()
#13 phar:///usr/local/bin/phpunit/phpunit/Framework/TestCase.php(939): PHPUnit\Framework\TestCase->runTest()
#14 phar:///usr/local/bin/phpunit/phpunit/Framework/TestResult.php(698): PHPUnit\Framework\TestCase->runBare()
#15 phar:///usr/local/bin/phpunit/phpunit/Framework/TestCase.php(894): PHPUnit\Framework\TestResult->run()
#16 phar:///usr/local/bin/phpunit/phpunit/Framework/TestSuite.php(755): PHPUnit\Framework\TestCase->run()
#17 phar:///usr/local/bin/phpunit/phpunit/TextUI/TestRunner.php(546): PHPUnit\Framework\TestSuite->run()
#18 phar:///usr/local/bin/phpunit/phpunit/TextUI/Command.php(195): PHPUnit\TextUI\TestRunner->doRun()
#19 phar:///usr/local/bin/phpunit/phpunit/TextUI/Command.php(148): PHPUnit\TextUI\Command->run()
#20 /usr/local/bin/phpunit(568): PHPUnit\TextUI\Command::main()
#21 {main} {"exception":"[object] (Symfony\\Component\\Console\\Exception\\RuntimeException(code: 0): The \"--daemon\" option does not exist. at /home/gudk/phpprj/lswoole/vendor/symfony/console/Input/ArgvInput.php:200)
[stacktrace]
#0 /home/gudk/phpprj/lswoole/vendor/symfony/console/Input/ArgvInput.php(144): Symfony\\Component\\Console\\Input\\ArgvInput->addLongOption()
#1 /home/gudk/phpprj/lswoole/vendor/symfony/console/Input/ArgvInput.php(78): Symfony\\Component\\Console\\Input\\ArgvInput->parseLongOption()
#2 /home/gudk/phpprj/lswoole/vendor/symfony/console/Input/Input.php(55): Symfony\\Component\\Console\\Input\\ArgvInput->parse()
#3 /home/gudk/phpprj/lswoole/vendor/symfony/console/Command/Command.php(217): Symfony\\Component\\Console\\Input\\Input->bind()
#4 /home/gudk/phpprj/lswoole/vendor/illuminate/console/Command.php(121): Symfony\\Component\\Console\\Command\\Command->run()
#5 /home/gudk/phpprj/lswoole/vendor/symfony/console/Application.php(911): Illuminate\\Console\\Command->run()
#6 /home/gudk/phpprj/lswoole/vendor/symfony/console/Application.php(264): Symfony\\Component\\Console\\Application->doRunCommand()
#7 /home/gudk/phpprj/lswoole/vendor/symfony/console/Application.php(140): Symfony\\Component\\Console\\Application->doRun()
#8 /home/gudk/phpprj/lswoole/vendor/illuminate/console/Application.php(93): Symfony\\Component\\Console\\Application->run()
#9 /home/gudk/phpprj/lswoole/vendor/laravel/lumen-framework/src/Console/Kernel.php(116): Illuminate\\Console\\Application->run()
#10 /home/gudk/phpprj/lswoole/tests/TestLSwooleServiceProvider.php(53): Laravel\\Lumen\\Console\\Kernel->handle()
#11 [internal function]: TestLSwooleServiceProvider->testInitPid()
#12 phar:///usr/local/bin/phpunit/phpunit/Framework/TestCase.php(1071): ReflectionMethod->invokeArgs()
#13 phar:///usr/local/bin/phpunit/phpunit/Framework/TestCase.php(939): PHPUnit\\Framework\\TestCase->runTest()
#14 phar:///usr/local/bin/phpunit/phpunit/Framework/TestResult.php(698): PHPUnit\\Framework\\TestCase->runBare()
#15 phar:///usr/local/bin/phpunit/phpunit/Framework/TestCase.php(894): PHPUnit\\Framework\\TestResult->run()
#16 phar:///usr/local/bin/phpunit/phpunit/Framework/TestSuite.php(755): PHPUnit\\Framework\\TestCase->run()
#17 phar:///usr/local/bin/phpunit/phpunit/TextUI/TestRunner.php(546): PHPUnit\\Framework\\TestSuite->run()
#18 phar:///usr/local/bin/phpunit/phpunit/TextUI/Command.php(195): PHPUnit\\TextUI\\TestRunner->doRun()
#19 phar:///usr/local/bin/phpunit/phpunit/TextUI/Command.php(148): PHPUnit\\TextUI\\Command->run()
#20 /usr/local/bin/phpunit(568): PHPUnit\\TextUI\\Command::main()
#21 {main}
"} 
[2020-08-16 08:11:17] production.ERROR: Symfony\Component\Console\Exception\InvalidArgumentException: The "D" argument does not exist. in /home/gudk/phpprj/lswoole/vendor/symfony/console/Input/Input.php:110
Stack trace:
#0 /home/gudk/phpprj/lswoole/vendor/illuminate/console/Concerns/InteractsWithIO.php(74): Symfony\Component\Console\Input\Input->getArgument()
#1 /home/gudk/phpprj/lswoole/src/Command.php(51): Illuminate\Console\Command->argument()
#2 /home/gudk/phpprj/lswoole/src/Command.php(27): gudongkun\lswoole\Command->start()
#3 [internal function]: gudongkun\lswoole\Command->handle()
#4 /home/gudk/phpprj/lswoole/vendor/illuminate/container/BoundMethod.php(37): call_user_func_array()
#5 /home/gudk/phpprj/lswoole/vendor/illuminate/container/Util.php(37): Illuminate\Container\BoundMethod::Illuminate\Container\{closure}()
#6 /home/gudk/phpprj/lswoole/vendor/illuminate/container/BoundMethod.php(95): Illuminate\Container\Util::unwrapIfClosure()
#7 /home/gudk/phpprj/lswoole/vendor/illuminate/container/BoundMethod.php(39): Illuminate\Container\BoundMethod::callBoundMethod()
#8 /home/gudk/phpprj/lswoole/vendor/illuminate/container/Container.php(596): Illuminate\Container\BoundMethod::call()
#9 /home/gudk/phpprj/lswoole/vendor/illuminate/console/Command.php(134): Illuminate\Container\Container->call()
#10 /home/gudk/phpprj/lswoole/vendor/symfony/console/Command/Command.php(258): Illuminate\Console\Command->execute()
#11 /home/gudk/phpprj/lswoole/vendor/illuminate/console/Command.php(121): Symfony\Component\Console\Command\Command->run()
#12 /home/gudk/phpprj/lswoole/vendor/symfony/console/Application.php(911): Illuminate\Console\Command->run()
#13 /home/gudk/phpprj/lswoole/vendor/symfony/console/Application.php(264): Symfony\Component\Console\Application->doRunCommand()
#14 /home/gudk/phpprj/lswoole/vendor/symfony/console/Application.php(140): Symfony\Component\Console\Application->doRun()
#15 /home/gudk/phpprj/lswoole/vendor/illuminate/console/Application.php(93): Symfony\Component\Console\Application->run()
#16 /home/gudk/phpprj/lswoole/vendor/laravel/lumen-framework/src/Console/Kernel.php(116): Illuminate\Console\Application->run()
#17 /home/gudk/phpprj/lswoole/tests/TestLSwooleServiceProvider.php(53): Laravel\Lumen\Console\Kernel->handle()
#18 [internal function]: TestLSwooleServiceProvider->testInitPid()
#19 phar:///usr/local/bin/phpunit/phpunit/Framework/TestCase.php(1071): ReflectionMethod->invokeArgs()
#20 phar:///usr/local/bin/phpunit/phpunit/Framework/TestCase.php(939): PHPUnit\Framework\TestCase->runTest()
#21 phar:///usr/local/bin/phpunit/phpunit/Framework/TestResult.php(698): PHPUnit\Framework\TestCase->runBare()
#22 phar:///usr/local/bin/phpunit/phpunit/Framework/TestCase.php(894): PHPUnit\Framework\TestResult->run()
#23 phar:///usr/local/bin/phpunit/phpunit/Framework/TestSuite.php(755): PHPUnit\Framework\TestCase->run()
#24 phar:///usr/local/bin/phpunit/phpunit/TextUI/TestRunner.php(546): PHPUnit\Framework\TestSuite->run()
#25 phar:///usr/local/bin/phpunit/phpunit/TextUI/Command.php(195): PHPUnit\TextUI\TestRunner->doRun()
#26 phar:///usr/local/bin/phpunit/phpunit/TextUI/Command.php(148): PHPUnit\TextUI\Command->run()
#27 /usr/local/bin/phpunit(568): PHPUnit\TextUI\Command::main()
#28 {main} {"exception":"[object] (Symfony\\Component\\Console\\Exception\\InvalidArgumentException(code: 0): The \"D\" argument does not exist. at /home/gudk/phpprj/lswoole/vendor/symfony/console/Input/Input.php:110)
[stacktrace]
#0 /home/gudk/phpprj/lswoole/vendor/illuminate/console/Concerns/InteractsWithIO.php(74): Symfony\\Component\\Console\\Input\\Input->getArgument()
#1 /home/gudk/phpprj/lswoole/src/Command.php(51): Illuminate\\Console\\Command->argument()
#2 /home/gudk/phpprj/lswoole/src/Command.php(27): gudongkun\\lswoole\\Command->start()
#3 [internal function]: gudongkun\\lswoole\\Command->handle()
#4 /home/gudk/phpprj/lswoole/vendor/illuminate/container/BoundMethod.php(37): call_user_func_array()
#5 /home/gudk/phpprj/lswoole/vendor/illuminate/container/Util.php(37): Illuminate\\Container\\BoundMethod::Illuminate\\Container\\{closure}()
#6 /home/gudk/phpprj/lswoole/vendor/illuminate/container/BoundMethod.php(95): Illuminate\\Container\\Util::unwrapIfClosure()
#7 /home/gudk/phpprj/lswoole/vendor/illuminate/container/BoundMethod.php(39): Illuminate\\Container\\BoundMethod::callBoundMethod()
#8 /home/gudk/phpprj/lswoole/vendor/illuminate/container/Container.php(596): Illuminate\\Container\\BoundMethod::call()
#9 /home/gudk/phpprj/lswoole/vendor/illuminate/console/Command.php(134): Illuminate\\Container\\Container->call()
#10 /home/gudk/phpprj/lswoole/vendor/symfony/console/Command/Command.php(258): Illuminate\\Console\\Command->execute()
#11 /home/gudk/phpprj/lswoole/vendor/illuminate/console/Command.php(121): Symfony\\Component\\Console\\Command\\Command->run()
#12 /home/gudk/phpprj/lswoole/vendor/symfony/console/Application.php(911): Illuminate\\Console\\Command->run()
#13 /home/gudk/phpprj/lswoole/vendor/symfony/console/Application.php(264): Symfony\\Component\\Console\\Application->doRunCommand()
#14 /home/gudk/phpprj/lswoole/vendor/symfony/console/Application.php(140): Symfony\\Component\\Console\\Application->doRun()
#15 /home/gudk/phpprj/lswoole/vendor/illuminate/console/Application.php(93): Symfony\\Component\\Console\\Application->run()
#16 /home/gudk/phpprj/lswoole/vendor/laravel/lumen-framework/src/Console/Kernel.php(116): Illuminate\\Console\\Application->run()
#17 /home/gudk/phpprj/lswoole/tests/TestLSwooleServiceProvider.php(53): Laravel\\Lumen\\Console\\Kernel->handle()
#18 [internal function]: TestLSwooleServiceProvider->testInitPid()
#19 phar:///usr/local/bin/phpunit/phpunit/Framework/TestCase.php(1071): ReflectionMethod->invokeArgs()
#20 phar:///usr/local/bin/phpunit/phpunit/Framework/TestCase.php(939): PHPUnit\\Framework\\TestCase->runTest()
#21 phar:///usr/local/bin/phpunit/phpunit/Framework/TestResult.php(698): PHPUnit\\Framework\\TestCase->runBare()
#22 phar:///usr/local/bin/phpunit/phpunit/Framework/TestCase.php(894): PHPUnit\\Framework\\TestResult->run()
#23 phar:///usr/local/bin/phpunit/phpunit/Framework/TestSuite.php(755): PHPUnit\\Framework\\TestCase->run()
#24 phar:///usr/local/bin/phpunit/phpunit/TextUI/TestRunner.php(546): PHPUnit\\Framework\\TestSuite->run()
#25 phar:///usr/local/bin/phpunit/phpunit/TextUI/Command.php(195): PHPUnit\\TextUI\\TestRunner->doRun()
#26 phar:///usr/local/bin/phpunit/phpunit/TextUI/Command.php(148): PHPUnit\\TextUI\\Command->run()
#27 /usr/local/bin/phpunit(568): PHPUnit\\TextUI\\Command::main()
#28 {main}
"} 
[2020-08-16 08:11:38] production.ERROR: Symfony\Component\Console\Exception\InvalidArgumentException: The "daemon" argument does not exist. in /home/gudk/phpprj/lswoole/vendor/symfony/console/Input/Input.php:110
Stack trace:
#0 /home/gudk/phpprj/lswoole/vendor/illuminate/console/Concerns/InteractsWithIO.php(74): Symfony\Component\Console\Input\Input->getArgument()
#1 /home/gudk/phpprj/lswoole/src/Command.php(51): Illuminate\Console\Command->argument()
#2 /home/gudk/phpprj/lswoole/src/Command.php(27): gudongkun\lswoole\Command->start()
#3 [internal function]: gudongkun\lswoole\Command->handle()
#4 /home/gudk/phpprj/lswoole/vendor/illuminate/container/BoundMethod.php(37): call_user_func_array()
#5 /home/gudk/phpprj/lswoole/vendor/illuminate/container/Util.php(37): Illuminate\Container\BoundMethod::Illuminate\Container\{closure}()
#6 /home/gudk/phpprj/lswoole/vendor/illuminate/container/BoundMethod.php(95): Illuminate\Container\Util::unwrapIfClosure()
#7 /home/gudk/phpprj/lswoole/vendor/illuminate/container/BoundMethod.php(39): Illuminate\Container\BoundMethod::callBoundMethod()
#8 /home/gudk/phpprj/lswoole/vendor/illuminate/container/Container.php(596): Illuminate\Container\BoundMethod::call()
#9 /home/gudk/phpprj/lswoole/vendor/illuminate/console/Command.php(134): Illuminate\Container\Container->call()
#10 /home/gudk/phpprj/lswoole/vendor/symfony/console/Command/Command.php(258): Illuminate\Console\Command->execute()
#11 /home/gudk/phpprj/lswoole/vendor/illuminate/console/Command.php(121): Symfony\Component\Console\Command\Command->run()
#12 /home/gudk/phpprj/lswoole/vendor/symfony/console/Application.php(911): Illuminate\Console\Command->run()
#13 /home/gudk/phpprj/lswoole/vendor/symfony/console/Application.php(264): Symfony\Component\Console\Application->doRunCommand()
#14 /home/gudk/phpprj/lswoole/vendor/symfony/console/Application.php(140): Symfony\Component\Console\Application->doRun()
#15 /home/gudk/phpprj/lswoole/vendor/illuminate/console/Application.php(93): Symfony\Component\Console\Application->run()
#16 /home/gudk/phpprj/lswoole/vendor/laravel/lumen-framework/src/Console/Kernel.php(116): Illuminate\Console\Application->run()
#17 /home/gudk/phpprj/lswoole/tests/TestLSwooleServiceProvider.php(53): Laravel\Lumen\Console\Kernel->handle()
#18 [internal function]: TestLSwooleServiceProvider->testInitPid()
#19 phar:///usr/local/bin/phpunit/phpunit/Framework/TestCase.php(1071): ReflectionMethod->invokeArgs()
#20 phar:///usr/local/bin/phpunit/phpunit/Framework/TestCase.php(939): PHPUnit\Framework\TestCase->runTest()
#21 phar:///usr/local/bin/phpunit/phpunit/Framework/TestResult.php(698): PHPUnit\Framework\TestCase->runBare()
#22 phar:///usr/local/bin/phpunit/phpunit/Framework/TestCase.php(894): PHPUnit\Framework\TestResult->run()
#23 phar:///usr/local/bin/phpunit/phpunit/Framework/TestSuite.php(755): PHPUnit\Framework\TestCase->run()
#24 phar:///usr/local/bin/phpunit/phpunit/TextUI/TestRunner.php(546): PHPUnit\Framework\TestSuite->run()
#25 phar:///usr/local/bin/phpunit/phpunit/TextUI/Command.php(195): PHPUnit\TextUI\TestRunner->doRun()
#26 phar:///usr/local/bin/phpunit/phpunit/TextUI/Command.php(148): PHPUnit\TextUI\Command->run()
#27 /usr/local/bin/phpunit(568): PHPUnit\TextUI\Command::main()
#28 {main} {"exception":"[object] (Symfony\\Component\\Console\\Exception\\InvalidArgumentException(code: 0): The \"daemon\" argument does not exist. at /home/gudk/phpprj/lswoole/vendor/symfony/console/Input/Input.php:110)
[stacktrace]
#0 /home/gudk/phpprj/lswoole/vendor/illuminate/console/Concerns/InteractsWithIO.php(74): Symfony\\Component\\Console\\Input\\Input->getArgument()
#1 /home/gudk/phpprj/lswoole/src/Command.php(51): Illuminate\\Console\\Command->argument()
#2 /home/gudk/phpprj/lswoole/src/Command.php(27): gudongkun\\lswoole\\Command->start()
#3 [internal function]: gudongkun\\lswoole\\Command->handle()
#4 /home/gudk/phpprj/lswoole/vendor/illuminate/container/BoundMethod.php(37): call_user_func_array()
#5 /home/gudk/phpprj/lswoole/vendor/illuminate/container/Util.php(37): Illuminate\\Container\\BoundMethod::Illuminate\\Container\\{closure}()
#6 /home/gudk/phpprj/lswoole/vendor/illuminate/container/BoundMethod.php(95): Illuminate\\Container\\Util::unwrapIfClosure()
#7 /home/gudk/phpprj/lswoole/vendor/illuminate/container/BoundMethod.php(39): Illuminate\\Container\\BoundMethod::callBoundMethod()
#8 /home/gudk/phpprj/lswoole/vendor/illuminate/container/Container.php(596): Illuminate\\Container\\BoundMethod::call()
#9 /home/gudk/phpprj/lswoole/vendor/illuminate/console/Command.php(134): Illuminate\\Container\\Container->call()
#10 /home/gudk/phpprj/lswoole/vendor/symfony/console/Command/Command.php(258): Illuminate\\Console\\Command->execute()
#11 /home/gudk/phpprj/lswoole/vendor/illuminate/console/Command.php(121): Symfony\\Component\\Console\\Command\\Command->run()
#12 /home/gudk/phpprj/lswoole/vendor/symfony/console/Application.php(911): Illuminate\\Console\\Command->run()
#13 /home/gudk/phpprj/lswoole/vendor/symfony/console/Application.php(264): Symfony\\Component\\Console\\Application->doRunCommand()
#14 /home/gudk/phpprj/lswoole/vendor/symfony/console/Application.php(140): Symfony\\Component\\Console\\Application->doRun()
#15 /home/gudk/phpprj/lswoole/vendor/illuminate/console/Application.php(93): Symfony\\Component\\Console\\Application->run()
#16 /home/gudk/phpprj/lswoole/vendor/laravel/lumen-framework/src/Console/Kernel.php(116): Illuminate\\Console\\Application->run()
#17 /home/gudk/phpprj/lswoole/tests/TestLSwooleServiceProvider.php(53): Laravel\\Lumen\\Console\\Kernel->handle()
#18 [internal function]: TestLSwooleServiceProvider->testInitPid()
#19 phar:///usr/local/bin/phpunit/phpunit/Framework/TestCase.php(1071): ReflectionMethod->invokeArgs()
#20 phar:///usr/local/bin/phpunit/phpunit/Framework/TestCase.php(939): PHPUnit\\Framework\\TestCase->runTest()
#21 phar:///usr/local/bin/phpunit/phpunit/Framework/TestResult.php(698): PHPUnit\\Framework\\TestCase->runBare()
#22 phar:///usr/local/bin/phpunit/phpunit/Framework/TestCase.php(894): PHPUnit\\Framework\\TestResult->run()
#23 phar:///usr/local/bin/phpunit/phpunit/Framework/TestSuite.php(755): PHPUnit\\Framework\\TestCase->run()
#24 phar:///usr/local/bin/phpunit/phpunit/TextUI/TestRunner.php(546): PHPUnit\\Framework\\TestSuite->run()
#25 phar:///usr/local/bin/phpunit/phpunit/TextUI/Command.php(195): PHPUnit\\TextUI\\TestRunner->doRun()
#26 phar:///usr/local/bin/phpunit/phpunit/TextUI/Command.php(148): PHPUnit\\TextUI\\Command->run()
#27 /usr/local/bin/phpunit(568): PHPUnit\\TextUI\\Command::main()
#28 {main}
"} 
[2020-08-16 08:12:21] production.ERROR: Symfony\Component\Console\Exception\RuntimeException: The "--daemon" option does not exist. in /home/gudk/phpprj/lswoole/vendor/symfony/console/Input/ArgvInput.php:200
Stack trace:
#0 /home/gudk/phpprj/lswoole/vendor/symfony/console/Input/ArgvInput.php(144): Symfony\Component\Console\Input\ArgvInput->addLongOption()
#1 /home/gudk/phpprj/lswoole/vendor/symfony/console/Input/ArgvInput.php(78): Symfony\Component\Console\Input\ArgvInput->parseLongOption()
#2 /home/gudk/phpprj/lswoole/vendor/symfony/console/Input/Input.php(55): Symfony\Component\Console\Input\ArgvInput->parse()
#3 /home/gudk/phpprj/lswoole/vendor/symfony/console/Command/Command.php(217): Symfony\Component\Console\Input\Input->bind()
#4 /home/gudk/phpprj/lswoole/vendor/illuminate/console/Command.php(121): Symfony\Component\Console\Command\Command->run()
#5 /home/gudk/phpprj/lswoole/vendor/symfony/console/Application.php(911): Illuminate\Console\Command->run()
#6 /home/gudk/phpprj/lswoole/vendor/symfony/console/Application.php(264): Symfony\Component\Console\Application->doRunCommand()
#7 /home/gudk/phpprj/lswoole/vendor/symfony/console/Application.php(140): Symfony\Component\Console\Application->doRun()
#8 /home/gudk/phpprj/lswoole/vendor/illuminate/console/Application.php(93): Symfony\Component\Console\Application->run()
#9 /home/gudk/phpprj/lswoole/vendor/laravel/lumen-framework/src/Console/Kernel.php(116): Illuminate\Console\Application->run()
#10 /home/gudk/phpprj/lswoole/tests/TestLSwooleServiceProvider.php(53): Laravel\Lumen\Console\Kernel->handle()
#11 [internal function]: TestLSwooleServiceProvider->testInitPid()
#12 phar:///usr/local/bin/phpunit/phpunit/Framework/TestCase.php(1071): ReflectionMethod->invokeArgs()
#13 phar:///usr/local/bin/phpunit/phpunit/Framework/TestCase.php(939): PHPUnit\Framework\TestCase->runTest()
#14 phar:///usr/local/bin/phpunit/phpunit/Framework/TestResult.php(698): PHPUnit\Framework\TestCase->runBare()
#15 phar:///usr/local/bin/phpunit/phpunit/Framework/TestCase.php(894): PHPUnit\Framework\TestResult->run()
#16 phar:///usr/local/bin/phpunit/phpunit/Framework/TestSuite.php(755): PHPUnit\Framework\TestCase->run()
#17 phar:///usr/local/bin/phpunit/phpunit/TextUI/TestRunner.php(546): PHPUnit\Framework\TestSuite->run()
#18 phar:///usr/local/bin/phpunit/phpunit/TextUI/Command.php(195): PHPUnit\TextUI\TestRunner->doRun()
#19 phar:///usr/local/bin/phpunit/phpunit/TextUI/Command.php(148): PHPUnit\TextUI\Command->run()
#20 /usr/local/bin/phpunit(568): PHPUnit\TextUI\Command::main()
#21 {main} {"exception":"[object] (Symfony\\Component\\Console\\Exception\\RuntimeException(code: 0): The \"--daemon\" option does not exist. at /home/gudk/phpprj/lswoole/vendor/symfony/console/Input/ArgvInput.php:200)
[stacktrace]
#0 /home/gudk/phpprj/lswoole/vendor/symfony/console/Input/ArgvInput.php(144): Symfony\\Component\\Console\\Input\\ArgvInput->addLongOption()
#1 /home/gudk/phpprj/lswoole/vendor/symfony/console/Input/ArgvInput.php(78): Symfony\\Component\\Console\\Input\\ArgvInput->parseLongOption()
#2 /home/gudk/phpprj/lswoole/vendor/symfony/console/Input/Input.php(55): Symfony\\Component\\Console\\Input\\ArgvInput->parse()
#3 /home/gudk/phpprj/lswoole/vendor/symfony/console/Command/Command.php(217): Symfony\\Component\\Console\\Input\\Input->bind()
#4 /home/gudk/phpprj/lswoole/vendor/illuminate/console/Command.php(121): Symfony\\Component\\Console\\Command\\Command->run()
#5 /home/gudk/phpprj/lswoole/vendor/symfony/console/Application.php(911): Illuminate\\Console\\Command->run()
#6 /home/gudk/phpprj/lswoole/vendor/symfony/console/Application.php(264): Symfony\\Component\\Console\\Application->doRunCommand()
#7 /home/gudk/phpprj/lswoole/vendor/symfony/console/Application.php(140): Symfony\\Component\\Console\\Application->doRun()
#8 /home/gudk/phpprj/lswoole/vendor/illuminate/console/Application.php(93): Symfony\\Component\\Console\\Application->run()
#9 /home/gudk/phpprj/lswoole/vendor/laravel/lumen-framework/src/Console/Kernel.php(116): Illuminate\\Console\\Application->run()
#10 /home/gudk/phpprj/lswoole/tests/TestLSwooleServiceProvider.php(53): Laravel\\Lumen\\Console\\Kernel->handle()
#11 [internal function]: TestLSwooleServiceProvider->testInitPid()
#12 phar:///usr/local/bin/phpunit/phpunit/Framework/TestCase.php(1071): ReflectionMethod->invokeArgs()
#13 phar:///usr/local/bin/phpunit/phpunit/Framework/TestCase.php(939): PHPUnit\\Framework\\TestCase->runTest()
#14 phar:///usr/local/bin/phpunit/phpunit/Framework/TestResult.php(698): PHPUnit\\Framework\\TestCase->runBare()
#15 phar:///usr/local/bin/phpunit/phpunit/Framework/TestCase.php(894): PHPUnit\\Framework\\TestResult->run()
#16 phar:///usr/local/bin/phpunit/phpunit/Framework/TestSuite.php(755): PHPUnit\\Framework\\TestCase->run()
#17 phar:///usr/local/bin/phpunit/phpunit/TextUI/TestRunner.php(546): PHPUnit\\Framework\\TestSuite->run()
#18 phar:///usr/local/bin/phpunit/phpunit/TextUI/Command.php(195): PHPUnit\\TextUI\\TestRunner->doRun()
#19 phar:///usr/local/bin/phpunit/phpunit/TextUI/Command.php(148): PHPUnit\\TextUI\\Command->run()
#20 /usr/local/bin/phpunit(568): PHPUnit\\TextUI\\Command::main()
#21 {main}
"} 
[2020-08-16 08:43:01] production.ERROR: ErrorException: Use of undefined constant TERM - assumed 'TERM' (this will throw an Error in a future version of PHP) in /home/gudk/phpprj/lswoole/src/Command.php:178
Stack trace:
#0 /home/gudk/phpprj/lswoole/src/Command.php(178): Laravel\Lumen\Application->Laravel\Lumen\Concerns\{closure}()
#1 /home/gudk/phpprj/lswoole/src/Command.php(36): gudongkun\lswoole\Command->stop()
#2 [internal function]: gudongkun\lswoole\Command->handle()
#3 /home/gudk/phpprj/lswoole/vendor/illuminate/container/BoundMethod.php(37): call_user_func_array()
#4 /home/gudk/phpprj/lswoole/vendor/illuminate/container/Util.php(37): Illuminate\Container\BoundMethod::Illuminate\Container\{closure}()
#5 /home/gudk/phpprj/lswoole/vendor/illuminate/container/BoundMethod.php(95): Illuminate\Container\Util::unwrapIfClosure()
#6 /home/gudk/phpprj/lswoole/vendor/illuminate/container/BoundMethod.php(39): Illuminate\Container\BoundMethod::callBoundMethod()
#7 /home/gudk/phpprj/lswoole/vendor/illuminate/container/Container.php(596): Illuminate\Container\BoundMethod::call()
#8 /home/gudk/phpprj/lswoole/vendor/illuminate/console/Command.php(134): Illuminate\Container\Container->call()
#9 /home/gudk/phpprj/lswoole/vendor/symfony/console/Command/Command.php(258): Illuminate\Console\Command->execute()
#10 /home/gudk/phpprj/lswoole/vendor/illuminate/console/Command.php(121): Symfony\Component\Console\Command\Command->run()
#11 /home/gudk/phpprj/lswoole/vendor/symfony/console/Application.php(911): Illuminate\Console\Command->run()
#12 /home/gudk/phpprj/lswoole/vendor/symfony/console/Application.php(264): Symfony\Component\Console\Application->doRunCommand()
#13 /home/gudk/phpprj/lswoole/vendor/symfony/console/Application.php(140): Symfony\Component\Console\Application->doRun()
#14 /home/gudk/phpprj/lswoole/vendor/illuminate/console/Application.php(93): Symfony\Component\Console\Application->run()
#15 /home/gudk/phpprj/lswoole/vendor/laravel/lumen-framework/src/Console/Kernel.php(116): Illuminate\Console\Application->run()
#16 /home/gudk/phpprj/lswoole/tests/TestLSwooleServiceProvider.php(55): Laravel\Lumen\Console\Kernel->handle()
#17 [internal function]: TestLSwooleServiceProvider->testInitPid()
#18 phar:///usr/local/bin/phpunit/phpunit/Framework/TestCase.php(1071): ReflectionMethod->invokeArgs()
#19 phar:///usr/local/bin/phpunit/phpunit/Framework/TestCase.php(939): PHPUnit\Framework\TestCase->runTest()
#20 phar:///usr/local/bin/phpunit/phpunit/Framework/TestResult.php(698): PHPUnit\Framework\TestCase->runBare()
#21 phar:///usr/local/bin/phpunit/phpunit/Framework/TestCase.php(894): PHPUnit\Framework\TestResult->run()
#22 phar:///usr/local/bin/phpunit/phpunit/Framework/TestSuite.php(755): PHPUnit\Framework\TestCase->run()
#23 phar:///usr/local/bin/phpunit/phpunit/TextUI/TestRunner.php(546): PHPUnit\Framework\TestSuite->run()
#24 phar:///usr/local/bin/phpunit/phpunit/TextUI/Command.php(195): PHPUnit\TextUI\TestRunner->doRun()
#25 phar:///usr/local/bin/phpunit/phpunit/TextUI/Command.php(148): PHPUnit\TextUI\Command->run()
#26 /usr/local/bin/phpunit(568): PHPUnit\TextUI\Command::main()
#27 {main} {"exception":"[object] (ErrorException(code: 0): Use of undefined constant TERM - assumed 'TERM' (this will throw an Error in a future version of PHP) at /home/gudk/phpprj/lswoole/src/Command.php:178)
[stacktrace]
#0 /home/gudk/phpprj/lswoole/src/Command.php(178): Laravel\\Lumen\\Application->Laravel\\Lumen\\Concerns\\{closure}()
#1 /home/gudk/phpprj/lswoole/src/Command.php(36): gudongkun\\lswoole\\Command->stop()
#2 [internal function]: gudongkun\\lswoole\\Command->handle()
#3 /home/gudk/phpprj/lswoole/vendor/illuminate/container/BoundMethod.php(37): call_user_func_array()
#4 /home/gudk/phpprj/lswoole/vendor/illuminate/container/Util.php(37): Illuminate\\Container\\BoundMethod::Illuminate\\Container\\{closure}()
#5 /home/gudk/phpprj/lswoole/vendor/illuminate/container/BoundMethod.php(95): Illuminate\\Container\\Util::unwrapIfClosure()
#6 /home/gudk/phpprj/lswoole/vendor/illuminate/container/BoundMethod.php(39): Illuminate\\Container\\BoundMethod::callBoundMethod()
#7 /home/gudk/phpprj/lswoole/vendor/illuminate/container/Container.php(596): Illuminate\\Container\\BoundMethod::call()
#8 /home/gudk/phpprj/lswoole/vendor/illuminate/console/Command.php(134): Illuminate\\Container\\Container->call()
#9 /home/gudk/phpprj/lswoole/vendor/symfony/console/Command/Command.php(258): Illuminate\\Console\\Command->execute()
#10 /home/gudk/phpprj/lswoole/vendor/illuminate/console/Command.php(121): Symfony\\Component\\Console\\Command\\Command->run()
#11 /home/gudk/phpprj/lswoole/vendor/symfony/console/Application.php(911): Illuminate\\Console\\Command->run()
#12 /home/gudk/phpprj/lswoole/vendor/symfony/console/Application.php(264): Symfony\\Component\\Console\\Application->doRunCommand()
#13 /home/gudk/phpprj/lswoole/vendor/symfony/console/Application.php(140): Symfony\\Component\\Console\\Application->doRun()
#14 /home/gudk/phpprj/lswoole/vendor/illuminate/console/Application.php(93): Symfony\\Component\\Console\\Application->run()
#15 /home/gudk/phpprj/lswoole/vendor/laravel/lumen-framework/src/Console/Kernel.php(116): Illuminate\\Console\\Application->run()
#16 /home/gudk/phpprj/lswoole/tests/TestLSwooleServiceProvider.php(55): Laravel\\Lumen\\Console\\Kernel->handle()
#17 [internal function]: TestLSwooleServiceProvider->testInitPid()
#18 phar:///usr/local/bin/phpunit/phpunit/Framework/TestCase.php(1071): ReflectionMethod->invokeArgs()
#19 phar:///usr/local/bin/phpunit/phpunit/Framework/TestCase.php(939): PHPUnit\\Framework\\TestCase->runTest()
#20 phar:///usr/local/bin/phpunit/phpunit/Framework/TestResult.php(698): PHPUnit\\Framework\\TestCase->runBare()
#21 phar:///usr/local/bin/phpunit/phpunit/Framework/TestCase.php(894): PHPUnit\\Framework\\TestResult->run()
#22 phar:///usr/local/bin/phpunit/phpunit/Framework/TestSuite.php(755): PHPUnit\\Framework\\TestCase->run()
#23 phar:///usr/local/bin/phpunit/phpunit/TextUI/TestRunner.php(546): PHPUnit\\Framework\\TestSuite->run()
#24 phar:///usr/local/bin/phpunit/phpunit/TextUI/Command.php(195): PHPUnit\\TextUI\\TestRunner->doRun()
#25 phar:///usr/local/bin/phpunit/phpunit/TextUI/Command.php(148): PHPUnit\\TextUI\\Command->run()
#26 /usr/local/bin/phpunit(568): PHPUnit\\TextUI\\Command::main()
#27 {main}
"} 
[2020-08-16 10:29:52] production.ERROR: Symfony\Component\HttpKernel\Exception\NotFoundHttpException in /home/gudk/phpprj/lswoole/vendor/laravel/lumen-framework/src/Concerns/RoutesRequests.php:230
Stack trace:
#0 /home/gudk/phpprj/lswoole/vendor/laravel/lumen-framework/src/Concerns/RoutesRequests.php(170): Laravel\Lumen\Application->handleDispatcherResponse()
#1 /home/gudk/phpprj/lswoole/vendor/laravel/lumen-framework/src/Concerns/RoutesRequests.php(426): Laravel\Lumen\Application->Laravel\Lumen\Concerns\{closure}()
#2 /home/gudk/phpprj/lswoole/vendor/laravel/lumen-framework/src/Concerns/RoutesRequests.php(172): Laravel\Lumen\Application->sendThroughPipeline()
#3 /home/gudk/phpprj/lswoole/vendor/laravel/lumen-framework/src/Concerns/RoutesRequests.php(92): Laravel\Lumen\Application->dispatch()
#4 /home/gudk/phpprj/lswoole/src/LSwooleServer.php(87): Laravel\Lumen\Application->handle()
#5 {main} {"exception":"[object] (Symfony\\Component\\HttpKernel\\Exception\\NotFoundHttpException(code: 0):  at /home/gudk/phpprj/lswoole/vendor/laravel/lumen-framework/src/Concerns/RoutesRequests.php:230)
[stacktrace]
#0 /home/gudk/phpprj/lswoole/vendor/laravel/lumen-framework/src/Concerns/RoutesRequests.php(170): Laravel\\Lumen\\Application->handleDispatcherResponse()
#1 /home/gudk/phpprj/lswoole/vendor/laravel/lumen-framework/src/Concerns/RoutesRequests.php(426): Laravel\\Lumen\\Application->Laravel\\Lumen\\Concerns\\{closure}()
#2 /home/gudk/phpprj/lswoole/vendor/laravel/lumen-framework/src/Concerns/RoutesRequests.php(172): Laravel\\Lumen\\Application->sendThroughPipeline()
#3 /home/gudk/phpprj/lswoole/vendor/laravel/lumen-framework/src/Concerns/RoutesRequests.php(92): Laravel\\Lumen\\Application->dispatch()
#4 /home/gudk/phpprj/lswoole/src/LSwooleServer.php(87): Laravel\\Lumen\\Application->handle()
#5 {main}
"} 
[2020-08-16 10:34:57] production.ERROR: ErrorException: Uninitialized string offset: 0 in /home/gudk/phpprj/lswoole/src/Command.php:103
Stack trace:
#0 /home/gudk/phpprj/lswoole/src/Command.php(103): Laravel\Lumen\Application->Laravel\Lumen\Concerns\{closure}()
#1 /home/gudk/phpprj/lswoole/src/Command.php(172): gudongkun\lswoole\Command->checkPidFile()
#2 /home/gudk/phpprj/lswoole/src/Command.php(34): gudongkun\lswoole\Command->restart()
#3 [internal function]: gudongkun\lswoole\Command->handle()
#4 /home/gudk/phpprj/lswoole/vendor/illuminate/container/BoundMethod.php(37): call_user_func_array()
#5 /home/gudk/phpprj/lswoole/vendor/illuminate/container/Util.php(37): Illuminate\Container\BoundMethod::Illuminate\Container\{closure}()
#6 /home/gudk/phpprj/lswoole/vendor/illuminate/container/BoundMethod.php(95): Illuminate\Container\Util::unwrapIfClosure()
#7 /home/gudk/phpprj/lswoole/vendor/illuminate/container/BoundMethod.php(39): Illuminate\Container\BoundMethod::callBoundMethod()
#8 /home/gudk/phpprj/lswoole/vendor/illuminate/container/Container.php(596): Illuminate\Container\BoundMethod::call()
#9 /home/gudk/phpprj/lswoole/vendor/illuminate/console/Command.php(134): Illuminate\Container\Container->call()
#10 /home/gudk/phpprj/lswoole/vendor/symfony/console/Command/Command.php(258): Illuminate\Console\Command->execute()
#11 /home/gudk/phpprj/lswoole/vendor/illuminate/console/Command.php(121): Symfony\Component\Console\Command\Command->run()
#12 /home/gudk/phpprj/lswoole/vendor/symfony/console/Application.php(911): Illuminate\Console\Command->run()
#13 /home/gudk/phpprj/lswoole/vendor/symfony/console/Application.php(264): Symfony\Component\Console\Application->doRunCommand()
#14 /home/gudk/phpprj/lswoole/vendor/symfony/console/Application.php(140): Symfony\Component\Console\Application->doRun()
#15 /home/gudk/phpprj/lswoole/vendor/illuminate/console/Application.php(93): Symfony\Component\Console\Application->run()
#16 /home/gudk/phpprj/lswoole/vendor/laravel/lumen-framework/src/Console/Kernel.php(116): Illuminate\Console\Application->run()
#17 /home/gudk/phpprj/lswoole/tests/TestLSwooleServiceProvider.php(53): Laravel\Lumen\Console\Kernel->handle()
#18 [internal function]: TestLSwooleServiceProvider->testInitPid()
#19 phar:///usr/local/bin/phpunit/phpunit/Framework/TestCase.php(1071): ReflectionMethod->invokeArgs()
#20 phar:///usr/local/bin/phpunit/phpunit/Framework/TestCase.php(939): PHPUnit\Framework\TestCase->runTest()
#21 phar:///usr/local/bin/phpunit/phpunit/Framework/TestResult.php(698): PHPUnit\Framework\TestCase->runBare()
#22 phar:///usr/local/bin/phpunit/phpunit/Framework/TestCase.php(894): PHPUnit\Framework\TestResult->run()
#23 phar:///usr/local/bin/phpunit/phpunit/Framework/TestSuite.php(755): PHPUnit\Framework\TestCase->run()
#24 phar:///usr/local/bin/phpunit/phpunit/TextUI/TestRunner.php(546): PHPUnit\Framework\TestSuite->run()
#25 phar:///usr/local/bin/phpunit/phpunit/TextUI/Command.php(195): PHPUnit\TextUI\TestRunner->doRun()
#26 phar:///usr/local/bin/phpunit/phpunit/TextUI/Command.php(148): PHPUnit\TextUI\Command->run()
#27 /usr/local/bin/phpunit(568): PHPUnit\TextUI\Command::main()
#28 {main} {"exception":"[object] (ErrorException(code: 0): Uninitialized string offset: 0 at /home/gudk/phpprj/lswoole/src/Command.php:103)
[stacktrace]
#0 /home/gudk/phpprj/lswoole/src/Command.php(103): Laravel\\Lumen\\Application->Laravel\\Lumen\\Concerns\\{closure}()
#1 /home/gudk/phpprj/lswoole/src/Command.php(172): gudongkun\\lswoole\\Command->checkPidFile()
#2 /home/gudk/phpprj/lswoole/src/Command.php(34): gudongkun\\lswoole\\Command->restart()
#3 [internal function]: gudongkun\\lswoole\\Command->handle()
#4 /home/gudk/phpprj/lswoole/vendor/illuminate/container/BoundMethod.php(37): call_user_func_array()
#5 /home/gudk/phpprj/lswoole/vendor/illuminate/container/Util.php(37): Illuminate\\Container\\BoundMethod::Illuminate\\Container\\{closure}()
#6 /home/gudk/phpprj/lswoole/vendor/illuminate/container/BoundMethod.php(95): Illuminate\\Container\\Util::unwrapIfClosure()
#7 /home/gudk/phpprj/lswoole/vendor/illuminate/container/BoundMethod.php(39): Illuminate\\Container\\BoundMethod::callBoundMethod()
#8 /home/gudk/phpprj/lswoole/vendor/illuminate/container/Container.php(596): Illuminate\\Container\\BoundMethod::call()
#9 /home/gudk/phpprj/lswoole/vendor/illuminate/console/Command.php(134): Illuminate\\Container\\Container->call()
#10 /home/gudk/phpprj/lswoole/vendor/symfony/console/Command/Command.php(258): Illuminate\\Console\\Command->execute()
#11 /home/gudk/phpprj/lswoole/vendor/illuminate/console/Command.php(121): Symfony\\Component\\Console\\Command\\Command->run()
#12 /home/gudk/phpprj/lswoole/vendor/symfony/console/Application.php(911): Illuminate\\Console\\Command->run()
#13 /home/gudk/phpprj/lswoole/vendor/symfony/console/Application.php(264): Symfony\\Component\\Console\\Application->doRunCommand()
#14 /home/gudk/phpprj/lswoole/vendor/symfony/console/Application.php(140): Symfony\\Component\\Console\\Application->doRun()
#15 /home/gudk/phpprj/lswoole/vendor/illuminate/console/Application.php(93): Symfony\\Component\\Console\\Application->run()
#16 /home/gudk/phpprj/lswoole/vendor/laravel/lumen-framework/src/Console/Kernel.php(116): Illuminate\\Console\\Application->run()
#17 /home/gudk/phpprj/lswoole/tests/TestLSwooleServiceProvider.php(53): Laravel\\Lumen\\Console\\Kernel->handle()
#18 [internal function]: TestLSwooleServiceProvider->testInitPid()
#19 phar:///usr/local/bin/phpunit/phpunit/Framework/TestCase.php(1071): ReflectionMethod->invokeArgs()
#20 phar:///usr/local/bin/phpunit/phpunit/Framework/TestCase.php(939): PHPUnit\\Framework\\TestCase->runTest()
#21 phar:///usr/local/bin/phpunit/phpunit/Framework/TestResult.php(698): PHPUnit\\Framework\\TestCase->runBare()
#22 phar:///usr/local/bin/phpunit/phpunit/Framework/TestCase.php(894): PHPUnit\\Framework\\TestResult->run()
#23 phar:///usr/local/bin/phpunit/phpunit/Framework/TestSuite.php(755): PHPUnit\\Framework\\TestCase->run()
#24 phar:///usr/local/bin/phpunit/phpunit/TextUI/TestRunner.php(546): PHPUnit\\Framework\\TestSuite->run()
#25 phar:///usr/local/bin/phpunit/phpunit/TextUI/Command.php(195): PHPUnit\\TextUI\\TestRunner->doRun()
#26 phar:///usr/local/bin/phpunit/phpunit/TextUI/Command.php(148): PHPUnit\\TextUI\\Command->run()
#27 /usr/local/bin/phpunit(568): PHPUnit\\TextUI\\Command::main()
#28 {main}
"} 
[2020-08-16 10:50:16] production.ERROR: ErrorException: file_get_contents(/proc/16980/cmdline): failed to open stream: No such process in /home/gudk/phpprj/lswoole/src/Command.php:101
Stack trace:
#0 [internal function]: Laravel\Lumen\Application->Laravel\Lumen\Concerns\{closure}()
#1 /home/gudk/phpprj/lswoole/src/Command.php(101): file_get_contents()
#2 /home/gudk/phpprj/lswoole/src/Command.php(172): gudongkun\lswoole\Command->checkPidFile()
#3 /home/gudk/phpprj/lswoole/src/Command.php(34): gudongkun\lswoole\Command->restart()
#4 [internal function]: gudongkun\lswoole\Command->handle()
#5 /home/gudk/phpprj/lswoole/vendor/illuminate/container/BoundMethod.php(37): call_user_func_array()
#6 /home/gudk/phpprj/lswoole/vendor/illuminate/container/Util.php(37): Illuminate\Container\BoundMethod::Illuminate\Container\{closure}()
#7 /home/gudk/phpprj/lswoole/vendor/illuminate/container/BoundMethod.php(95): Illuminate\Container\Util::unwrapIfClosure()
#8 /home/gudk/phpprj/lswoole/vendor/illuminate/container/BoundMethod.php(39): Illuminate\Container\BoundMethod::callBoundMethod()
#9 /home/gudk/phpprj/lswoole/vendor/illuminate/container/Container.php(596): Illuminate\Container\BoundMethod::call()
#10 /home/gudk/phpprj/lswoole/vendor/illuminate/console/Command.php(134): Illuminate\Container\Container->call()
#11 /home/gudk/phpprj/lswoole/vendor/symfony/console/Command/Command.php(258): Illuminate\Console\Command->execute()
#12 /home/gudk/phpprj/lswoole/vendor/illuminate/console/Command.php(121): Symfony\Component\Console\Command\Command->run()
#13 /home/gudk/phpprj/lswoole/vendor/symfony/console/Application.php(911): Illuminate\Console\Command->run()
#14 /home/gudk/phpprj/lswoole/vendor/symfony/console/Application.php(264): Symfony\Component\Console\Application->doRunCommand()
#15 /home/gudk/phpprj/lswoole/vendor/symfony/console/Application.php(140): Symfony\Component\Console\Application->doRun()
#16 /home/gudk/phpprj/lswoole/vendor/illuminate/console/Application.php(93): Symfony\Component\Console\Application->run()
#17 /home/gudk/phpprj/lswoole/vendor/laravel/lumen-framework/src/Console/Kernel.php(116): Illuminate\Console\Application->run()
#18 /home/gudk/phpprj/lswoole/tests/TestLSwooleServiceProvider.php(53): Laravel\Lumen\Console\Kernel->handle()
#19 [internal function]: TestLSwooleServiceProvider->testInitPid()
#20 phar:///usr/local/bin/phpunit/phpunit/Framework/TestCase.php(1071): ReflectionMethod->invokeArgs()
#21 phar:///usr/local/bin/phpunit/phpunit/Framework/TestCase.php(939): PHPUnit\Framework\TestCase->runTest()
#22 phar:///usr/local/bin/phpunit/phpunit/Framework/TestResult.php(698): PHPUnit\Framework\TestCase->runBare()
#23 phar:///usr/local/bin/phpunit/phpunit/Framework/TestCase.php(894): PHPUnit\Framework\TestResult->run()
#24 phar:///usr/local/bin/phpunit/phpunit/Framework/TestSuite.php(755): PHPUnit\Framework\TestCase->run()
#25 phar:///usr/local/bin/phpunit/phpunit/TextUI/TestRunner.php(546): PHPUnit\Framework\TestSuite->run()
#26 phar:///usr/local/bin/phpunit/phpunit/TextUI/Command.php(195): PHPUnit\TextUI\TestRunner->doRun()
#27 phar:///usr/local/bin/phpunit/phpunit/TextUI/Command.php(148): PHPUnit\TextUI\Command->run()
#28 /usr/local/bin/phpunit(568): PHPUnit\TextUI\Command::main()
#29 {main} {"exception":"[object] (ErrorException(code: 0): file_get_contents(/proc/16980/cmdline): failed to open stream: No such process at /home/gudk/phpprj/lswoole/src/Command.php:101)
[stacktrace]
#0 [internal function]: Laravel\\Lumen\\Application->Laravel\\Lumen\\Concerns\\{closure}()
#1 /home/gudk/phpprj/lswoole/src/Command.php(101): file_get_contents()
#2 /home/gudk/phpprj/lswoole/src/Command.php(172): gudongkun\\lswoole\\Command->checkPidFile()
#3 /home/gudk/phpprj/lswoole/src/Command.php(34): gudongkun\\lswoole\\Command->restart()
#4 [internal function]: gudongkun\\lswoole\\Command->handle()
#5 /home/gudk/phpprj/lswoole/vendor/illuminate/container/BoundMethod.php(37): call_user_func_array()
#6 /home/gudk/phpprj/lswoole/vendor/illuminate/container/Util.php(37): Illuminate\\Container\\BoundMethod::Illuminate\\Container\\{closure}()
#7 /home/gudk/phpprj/lswoole/vendor/illuminate/container/BoundMethod.php(95): Illuminate\\Container\\Util::unwrapIfClosure()
#8 /home/gudk/phpprj/lswoole/vendor/illuminate/container/BoundMethod.php(39): Illuminate\\Container\\BoundMethod::callBoundMethod()
#9 /home/gudk/phpprj/lswoole/vendor/illuminate/container/Container.php(596): Illuminate\\Container\\BoundMethod::call()
#10 /home/gudk/phpprj/lswoole/vendor/illuminate/console/Command.php(134): Illuminate\\Container\\Container->call()
#11 /home/gudk/phpprj/lswoole/vendor/symfony/console/Command/Command.php(258): Illuminate\\Console\\Command->execute()
#12 /home/gudk/phpprj/lswoole/vendor/illuminate/console/Command.php(121): Symfony\\Component\\Console\\Command\\Command->run()
#13 /home/gudk/phpprj/lswoole/vendor/symfony/console/Application.php(911): Illuminate\\Console\\Command->run()
#14 /home/gudk/phpprj/lswoole/vendor/symfony/console/Application.php(264): Symfony\\Component\\Console\\Application->doRunCommand()
#15 /home/gudk/phpprj/lswoole/vendor/symfony/console/Application.php(140): Symfony\\Component\\Console\\Application->doRun()
#16 /home/gudk/phpprj/lswoole/vendor/illuminate/console/Application.php(93): Symfony\\Component\\Console\\Application->run()
#17 /home/gudk/phpprj/lswoole/vendor/laravel/lumen-framework/src/Console/Kernel.php(116): Illuminate\\Console\\Application->run()
#18 /home/gudk/phpprj/lswoole/tests/TestLSwooleServiceProvider.php(53): Laravel\\Lumen\\Console\\Kernel->handle()
#19 [internal function]: TestLSwooleServiceProvider->testInitPid()
#20 phar:///usr/local/bin/phpunit/phpunit/Framework/TestCase.php(1071): ReflectionMethod->invokeArgs()
#21 phar:///usr/local/bin/phpunit/phpunit/Framework/TestCase.php(939): PHPUnit\\Framework\\TestCase->runTest()
#22 phar:///usr/local/bin/phpunit/phpunit/Framework/TestResult.php(698): PHPUnit\\Framework\\TestCase->runBare()
#23 phar:///usr/local/bin/phpunit/phpunit/Framework/TestCase.php(894): PHPUnit\\Framework\\TestResult->run()
#24 phar:///usr/local/bin/phpunit/phpunit/Framework/TestSuite.php(755): PHPUnit\\Framework\\TestCase->run()
#25 phar:///usr/local/bin/phpunit/phpunit/TextUI/TestRunner.php(546): PHPUnit\\Framework\\TestSuite->run()
#26 phar:///usr/local/bin/phpunit/phpunit/TextUI/Command.php(195): PHPUnit\\TextUI\\TestRunner->doRun()
#27 phar:///usr/local/bin/phpunit/phpunit/TextUI/Command.php(148): PHPUnit\\TextUI\\Command->run()
#28 /usr/local/bin/phpunit(568): PHPUnit\\TextUI\\Command::main()
#29 {main}
"} 
[2020-08-16 10:53:43] production.ERROR: ErrorException: Uninitialized string offset: 0 in /home/gudk/phpprj/lswoole/src/Command.php:103
Stack trace:
#0 /home/gudk/phpprj/lswoole/src/Command.php(103): Laravel\Lumen\Application->Laravel\Lumen\Concerns\{closure}()
#1 /home/gudk/phpprj/lswoole/src/Command.php(172): gudongkun\lswoole\Command->checkPidFile()
#2 /home/gudk/phpprj/lswoole/src/Command.php(34): gudongkun\lswoole\Command->restart()
#3 [internal function]: gudongkun\lswoole\Command->handle()
#4 /home/gudk/phpprj/lswoole/vendor/illuminate/container/BoundMethod.php(37): call_user_func_array()
#5 /home/gudk/phpprj/lswoole/vendor/illuminate/container/Util.php(37): Illuminate\Container\BoundMethod::Illuminate\Container\{closure}()
#6 /home/gudk/phpprj/lswoole/vendor/illuminate/container/BoundMethod.php(95): Illuminate\Container\Util::unwrapIfClosure()
#7 /home/gudk/phpprj/lswoole/vendor/illuminate/container/BoundMethod.php(39): Illuminate\Container\BoundMethod::callBoundMethod()
#8 /home/gudk/phpprj/lswoole/vendor/illuminate/container/Container.php(596): Illuminate\Container\BoundMethod::call()
#9 /home/gudk/phpprj/lswoole/vendor/illuminate/console/Command.php(134): Illuminate\Container\Container->call()
#10 /home/gudk/phpprj/lswoole/vendor/symfony/console/Command/Command.php(258): Illuminate\Console\Command->execute()
#11 /home/gudk/phpprj/lswoole/vendor/illuminate/console/Command.php(121): Symfony\Component\Console\Command\Command->run()
#12 /home/gudk/phpprj/lswoole/vendor/symfony/console/Application.php(911): Illuminate\Console\Command->run()
#13 /home/gudk/phpprj/lswoole/vendor/symfony/console/Application.php(264): Symfony\Component\Console\Application->doRunCommand()
#14 /home/gudk/phpprj/lswoole/vendor/symfony/console/Application.php(140): Symfony\Component\Console\Application->doRun()
#15 /home/gudk/phpprj/lswoole/vendor/illuminate/console/Application.php(93): Symfony\Component\Console\Application->run()
#16 /home/gudk/phpprj/lswoole/vendor/laravel/lumen-framework/src/Console/Kernel.php(116): Illuminate\Console\Application->run()
#17 /home/gudk/phpprj/lswoole/tests/TestLSwooleServiceProvider.php(53): Laravel\Lumen\Console\Kernel->handle()
#18 [internal function]: TestLSwooleServiceProvider->testInitPid()
#19 phar:///usr/local/bin/phpunit/phpunit/Framework/TestCase.php(1071): ReflectionMethod->invokeArgs()
#20 phar:///usr/local/bin/phpunit/phpunit/Framework/TestCase.php(939): PHPUnit\Framework\TestCase->runTest()
#21 phar:///usr/local/bin/phpunit/phpunit/Framework/TestResult.php(698): PHPUnit\Framework\TestCase->runBare()
#22 phar:///usr/local/bin/phpunit/phpunit/Framework/TestCase.php(894): PHPUnit\Framework\TestResult->run()
#23 phar:///usr/local/bin/phpunit/phpunit/Framework/TestSuite.php(755): PHPUnit\Framework\TestCase->run()
#24 phar:///usr/local/bin/phpunit/phpunit/TextUI/TestRunner.php(546): PHPUnit\Framework\TestSuite->run()
#25 phar:///usr/local/bin/phpunit/phpunit/TextUI/Command.php(195): PHPUnit\TextUI\TestRunner->doRun()
#26 phar:///usr/local/bin/phpunit/phpunit/TextUI/Command.php(148): PHPUnit\TextUI\Command->run()
#27 /usr/local/bin/phpunit(568): PHPUnit\TextUI\Command::main()
#28 {main} {"exception":"[object] (ErrorException(code: 0): Uninitialized string offset: 0 at /home/gudk/phpprj/lswoole/src/Command.php:103)
[stacktrace]
#0 /home/gudk/phpprj/lswoole/src/Command.php(103): Laravel\\Lumen\\Application->Laravel\\Lumen\\Concerns\\{closure}()
#1 /home/gudk/phpprj/lswoole/src/Command.php(172): gudongkun\\lswoole\\Command->checkPidFile()
#2 /home/gudk/phpprj/lswoole/src/Command.php(34): gudongkun\\lswoole\\Command->restart()
#3 [internal function]: gudongkun\\lswoole\\Command->handle()
#4 /home/gudk/phpprj/lswoole/vendor/illuminate/container/BoundMethod.php(37): call_user_func_array()
#5 /home/gudk/phpprj/lswoole/vendor/illuminate/container/Util.php(37): Illuminate\\Container\\BoundMethod::Illuminate\\Container\\{closure}()
#6 /home/gudk/phpprj/lswoole/vendor/illuminate/container/BoundMethod.php(95): Illuminate\\Container\\Util::unwrapIfClosure()
#7 /home/gudk/phpprj/lswoole/vendor/illuminate/container/BoundMethod.php(39): Illuminate\\Container\\BoundMethod::callBoundMethod()
#8 /home/gudk/phpprj/lswoole/vendor/illuminate/container/Container.php(596): Illuminate\\Container\\BoundMethod::call()
#9 /home/gudk/phpprj/lswoole/vendor/illuminate/console/Command.php(134): Illuminate\\Container\\Container->call()
#10 /home/gudk/phpprj/lswoole/vendor/symfony/console/Command/Command.php(258): Illuminate\\Console\\Command->execute()
#11 /home/gudk/phpprj/lswoole/vendor/illuminate/console/Command.php(121): Symfony\\Component\\Console\\Command\\Command->run()
#12 /home/gudk/phpprj/lswoole/vendor/symfony/console/Application.php(911): Illuminate\\Console\\Command->run()
#13 /home/gudk/phpprj/lswoole/vendor/symfony/console/Application.php(264): Symfony\\Component\\Console\\Application->doRunCommand()
#14 /home/gudk/phpprj/lswoole/vendor/symfony/console/Application.php(140): Symfony\\Component\\Console\\Application->doRun()
#15 /home/gudk/phpprj/lswoole/vendor/illuminate/console/Application.php(93): Symfony\\Component\\Console\\Application->run()
#16 /home/gudk/phpprj/lswoole/vendor/laravel/lumen-framework/src/Console/Kernel.php(116): Illuminate\\Console\\Application->run()
#17 /home/gudk/phpprj/lswoole/tests/TestLSwooleServiceProvider.php(53): Laravel\\Lumen\\Console\\Kernel->handle()
#18 [internal function]: TestLSwooleServiceProvider->testInitPid()
#19 phar:///usr/local/bin/phpunit/phpunit/Framework/TestCase.php(1071): ReflectionMethod->invokeArgs()
#20 phar:///usr/local/bin/phpunit/phpunit/Framework/TestCase.php(939): PHPUnit\\Framework\\TestCase->runTest()
#21 phar:///usr/local/bin/phpunit/phpunit/Framework/TestResult.php(698): PHPUnit\\Framework\\TestCase->runBare()
#22 phar:///usr/local/bin/phpunit/phpunit/Framework/TestCase.php(894): PHPUnit\\Framework\\TestResult->run()
#23 phar:///usr/local/bin/phpunit/phpunit/Framework/TestSuite.php(755): PHPUnit\\Framework\\TestCase->run()
#24 phar:///usr/local/bin/phpunit/phpunit/TextUI/TestRunner.php(546): PHPUnit\\Framework\\TestSuite->run()
#25 phar:///usr/local/bin/phpunit/phpunit/TextUI/Command.php(195): PHPUnit\\TextUI\\TestRunner->doRun()
#26 phar:///usr/local/bin/phpunit/phpunit/TextUI/Command.php(148): PHPUnit\\TextUI\\Command->run()
#27 /usr/local/bin/phpunit(568): PHPUnit\\TextUI\\Command::main()
#28 {main}
"} 
[2020-08-16 14:52:10] production.ERROR: ErrorException: Uninitialized string offset: 0 in /home/gudk/phpprj/lswoole/src/Command.php:104
Stack trace:
#0 /home/gudk/phpprj/lswoole/src/Command.php(104): Laravel\Lumen\Application->Laravel\Lumen\Concerns\{closure}()
#1 /home/gudk/phpprj/lswoole/src/Command.php(173): gudongkun\lswoole\Command->checkPidFile()
#2 /home/gudk/phpprj/lswoole/src/Command.php(34): gudongkun\lswoole\Command->restart()
#3 [internal function]: gudongkun\lswoole\Command->handle()
#4 /home/gudk/phpprj/lswoole/vendor/illuminate/container/BoundMethod.php(37): call_user_func_array()
#5 /home/gudk/phpprj/lswoole/vendor/illuminate/container/Util.php(37): Illuminate\Container\BoundMethod::Illuminate\Container\{closure}()
#6 /home/gudk/phpprj/lswoole/vendor/illuminate/container/BoundMethod.php(95): Illuminate\Container\Util::unwrapIfClosure()
#7 /home/gudk/phpprj/lswoole/vendor/illuminate/container/BoundMethod.php(39): Illuminate\Container\BoundMethod::callBoundMethod()
#8 /home/gudk/phpprj/lswoole/vendor/illuminate/container/Container.php(596): Illuminate\Container\BoundMethod::call()
#9 /home/gudk/phpprj/lswoole/vendor/illuminate/console/Command.php(134): Illuminate\Container\Container->call()
#10 /home/gudk/phpprj/lswoole/vendor/symfony/console/Command/Command.php(258): Illuminate\Console\Command->execute()
#11 /home/gudk/phpprj/lswoole/vendor/illuminate/console/Command.php(121): Symfony\Component\Console\Command\Command->run()
#12 /home/gudk/phpprj/lswoole/vendor/symfony/console/Application.php(911): Illuminate\Console\Command->run()
#13 /home/gudk/phpprj/lswoole/vendor/symfony/console/Application.php(264): Symfony\Component\Console\Application->doRunCommand()
#14 /home/gudk/phpprj/lswoole/vendor/symfony/console/Application.php(140): Symfony\Component\Console\Application->doRun()
#15 /home/gudk/phpprj/lswoole/vendor/illuminate/console/Application.php(93): Symfony\Component\Console\Application->run()
#16 /home/gudk/phpprj/lswoole/vendor/laravel/lumen-framework/src/Console/Kernel.php(116): Illuminate\Console\Application->run()
#17 /home/gudk/phpprj/lswoole/tests/TestLSwooleServiceProvider.php(61): Laravel\Lumen\Console\Kernel->handle()
#18 [internal function]: TestLSwooleServiceProvider->testInitPid()
#19 phar:///usr/local/bin/phpunit/phpunit/Framework/TestCase.php(1071): ReflectionMethod->invokeArgs()
#20 phar:///usr/local/bin/phpunit/phpunit/Framework/TestCase.php(939): PHPUnit\Framework\TestCase->runTest()
#21 phar:///usr/local/bin/phpunit/phpunit/Framework/TestResult.php(698): PHPUnit\Framework\TestCase->runBare()
#22 phar:///usr/local/bin/phpunit/phpunit/Framework/TestCase.php(894): PHPUnit\Framework\TestResult->run()
#23 phar:///usr/local/bin/phpunit/phpunit/Framework/TestSuite.php(755): PHPUnit\Framework\TestCase->run()
#24 phar:///usr/local/bin/phpunit/phpunit/TextUI/TestRunner.php(546): PHPUnit\Framework\TestSuite->run()
#25 phar:///usr/local/bin/phpunit/phpunit/TextUI/Command.php(195): PHPUnit\TextUI\TestRunner->doRun()
#26 phar:///usr/local/bin/phpunit/phpunit/TextUI/Command.php(148): PHPUnit\TextUI\Command->run()
#27 /usr/local/bin/phpunit(568): PHPUnit\TextUI\Command::main()
#28 {main} {"exception":"[object] (ErrorException(code: 0): Uninitialized string offset: 0 at /home/gudk/phpprj/lswoole/src/Command.php:104)
[stacktrace]
#0 /home/gudk/phpprj/lswoole/src/Command.php(104): Laravel\\Lumen\\Application->Laravel\\Lumen\\Concerns\\{closure}()
#1 /home/gudk/phpprj/lswoole/src/Command.php(173): gudongkun\\lswoole\\Command->checkPidFile()
#2 /home/gudk/phpprj/lswoole/src/Command.php(34): gudongkun\\lswoole\\Command->restart()
#3 [internal function]: gudongkun\\lswoole\\Command->handle()
#4 /home/gudk/phpprj/lswoole/vendor/illuminate/container/BoundMethod.php(37): call_user_func_array()
#5 /home/gudk/phpprj/lswoole/vendor/illuminate/container/Util.php(37): Illuminate\\Container\\BoundMethod::Illuminate\\Container\\{closure}()
#6 /home/gudk/phpprj/lswoole/vendor/illuminate/container/BoundMethod.php(95): Illuminate\\Container\\Util::unwrapIfClosure()
#7 /home/gudk/phpprj/lswoole/vendor/illuminate/container/BoundMethod.php(39): Illuminate\\Container\\BoundMethod::callBoundMethod()
#8 /home/gudk/phpprj/lswoole/vendor/illuminate/container/Container.php(596): Illuminate\\Container\\BoundMethod::call()
#9 /home/gudk/phpprj/lswoole/vendor/illuminate/console/Command.php(134): Illuminate\\Container\\Container->call()
#10 /home/gudk/phpprj/lswoole/vendor/symfony/console/Command/Command.php(258): Illuminate\\Console\\Command->execute()
#11 /home/gudk/phpprj/lswoole/vendor/illuminate/console/Command.php(121): Symfony\\Component\\Console\\Command\\Command->run()
#12 /home/gudk/phpprj/lswoole/vendor/symfony/console/Application.php(911): Illuminate\\Console\\Command->run()
#13 /home/gudk/phpprj/lswoole/vendor/symfony/console/Application.php(264): Symfony\\Component\\Console\\Application->doRunCommand()
#14 /home/gudk/phpprj/lswoole/vendor/symfony/console/Application.php(140): Symfony\\Component\\Console\\Application->doRun()
#15 /home/gudk/phpprj/lswoole/vendor/illuminate/console/Application.php(93): Symfony\\Component\\Console\\Application->run()
#16 /home/gudk/phpprj/lswoole/vendor/laravel/lumen-framework/src/Console/Kernel.php(116): Illuminate\\Console\\Application->run()
#17 /home/gudk/phpprj/lswoole/tests/TestLSwooleServiceProvider.php(61): Laravel\\Lumen\\Console\\Kernel->handle()
#18 [internal function]: TestLSwooleServiceProvider->testInitPid()
#19 phar:///usr/local/bin/phpunit/phpunit/Framework/TestCase.php(1071): ReflectionMethod->invokeArgs()
#20 phar:///usr/local/bin/phpunit/phpunit/Framework/TestCase.php(939): PHPUnit\\Framework\\TestCase->runTest()
#21 phar:///usr/local/bin/phpunit/phpunit/Framework/TestResult.php(698): PHPUnit\\Framework\\TestCase->runBare()
#22 phar:///usr/local/bin/phpunit/phpunit/Framework/TestCase.php(894): PHPUnit\\Framework\\TestResult->run()
#23 phar:///usr/local/bin/phpunit/phpunit/Framework/TestSuite.php(755): PHPUnit\\Framework\\TestCase->run()
#24 phar:///usr/local/bin/phpunit/phpunit/TextUI/TestRunner.php(546): PHPUnit\\Framework\\TestSuite->run()
#25 phar:///usr/local/bin/phpunit/phpunit/TextUI/Command.php(195): PHPUnit\\TextUI\\TestRunner->doRun()
#26 phar:///usr/local/bin/phpunit/phpunit/TextUI/Command.php(148): PHPUnit\\TextUI\\Command->run()
#27 /usr/local/bin/phpunit(568): PHPUnit\\TextUI\\Command::main()
#28 {main}
"} 
[2020-08-16 14:53:22] production.ERROR: ErrorException: Uninitialized string offset: 0 in /home/gudk/phpprj/lswoole/src/Command.php:104
Stack trace:
#0 /home/gudk/phpprj/lswoole/src/Command.php(104): Laravel\Lumen\Application->Laravel\Lumen\Concerns\{closure}()
#1 /home/gudk/phpprj/lswoole/src/Command.php(173): gudongkun\lswoole\Command->checkPidFile()
#2 /home/gudk/phpprj/lswoole/src/Command.php(34): gudongkun\lswoole\Command->restart()
#3 [internal function]: gudongkun\lswoole\Command->handle()
#4 /home/gudk/phpprj/lswoole/vendor/illuminate/container/BoundMethod.php(37): call_user_func_array()
#5 /home/gudk/phpprj/lswoole/vendor/illuminate/container/Util.php(37): Illuminate\Container\BoundMethod::Illuminate\Container\{closure}()
#6 /home/gudk/phpprj/lswoole/vendor/illuminate/container/BoundMethod.php(95): Illuminate\Container\Util::unwrapIfClosure()
#7 /home/gudk/phpprj/lswoole/vendor/illuminate/container/BoundMethod.php(39): Illuminate\Container\BoundMethod::callBoundMethod()
#8 /home/gudk/phpprj/lswoole/vendor/illuminate/container/Container.php(596): Illuminate\Container\BoundMethod::call()
#9 /home/gudk/phpprj/lswoole/vendor/illuminate/console/Command.php(134): Illuminate\Container\Container->call()
#10 /home/gudk/phpprj/lswoole/vendor/symfony/console/Command/Command.php(258): Illuminate\Console\Command->execute()
#11 /home/gudk/phpprj/lswoole/vendor/illuminate/console/Command.php(121): Symfony\Component\Console\Command\Command->run()
#12 /home/gudk/phpprj/lswoole/vendor/symfony/console/Application.php(911): Illuminate\Console\Command->run()
#13 /home/gudk/phpprj/lswoole/vendor/symfony/console/Application.php(264): Symfony\Component\Console\Application->doRunCommand()
#14 /home/gudk/phpprj/lswoole/vendor/symfony/console/Application.php(140): Symfony\Component\Console\Application->doRun()
#15 /home/gudk/phpprj/lswoole/vendor/illuminate/console/Application.php(93): Symfony\Component\Console\Application->run()
#16 /home/gudk/phpprj/lswoole/vendor/laravel/lumen-framework/src/Console/Kernel.php(116): Illuminate\Console\Application->run()
#17 /home/gudk/phpprj/lswoole/tests/TestLSwooleServiceProvider.php(61): Laravel\Lumen\Console\Kernel->handle()
#18 [internal function]: TestLSwooleServiceProvider->testInitPid()
#19 phar:///usr/local/bin/phpunit/phpunit/Framework/TestCase.php(1071): ReflectionMethod->invokeArgs()
#20 phar:///usr/local/bin/phpunit/phpunit/Framework/TestCase.php(939): PHPUnit\Framework\TestCase->runTest()
#21 phar:///usr/local/bin/phpunit/phpunit/Framework/TestResult.php(698): PHPUnit\Framework\TestCase->runBare()
#22 phar:///usr/local/bin/phpunit/phpunit/Framework/TestCase.php(894): PHPUnit\Framework\TestResult->run()
#23 phar:///usr/local/bin/phpunit/phpunit/Framework/TestSuite.php(755): PHPUnit\Framework\TestCase->run()
#24 phar:///usr/local/bin/phpunit/phpunit/TextUI/TestRunner.php(546): PHPUnit\Framework\TestSuite->run()
#25 phar:///usr/local/bin/phpunit/phpunit/TextUI/Command.php(195): PHPUnit\TextUI\TestRunner->doRun()
#26 phar:///usr/local/bin/phpunit/phpunit/TextUI/Command.php(148): PHPUnit\TextUI\Command->run()
#27 /usr/local/bin/phpunit(568): PHPUnit\TextUI\Command::main()
#28 {main} {"exception":"[object] (ErrorException(code: 0): Uninitialized string offset: 0 at /home/gudk/phpprj/lswoole/src/Command.php:104)
[stacktrace]
#0 /home/gudk/phpprj/lswoole/src/Command.php(104): Laravel\\Lumen\\Application->Laravel\\Lumen\\Concerns\\{closure}()
#1 /home/gudk/phpprj/lswoole/src/Command.php(173): gudongkun\\lswoole\\Command->checkPidFile()
#2 /home/gudk/phpprj/lswoole/src/Command.php(34): gudongkun\\lswoole\\Command->restart()
#3 [internal function]: gudongkun\\lswoole\\Command->handle()
#4 /home/gudk/phpprj/lswoole/vendor/illuminate/container/BoundMethod.php(37): call_user_func_array()
#5 /home/gudk/phpprj/lswoole/vendor/illuminate/container/Util.php(37): Illuminate\\Container\\BoundMethod::Illuminate\\Container\\{closure}()
#6 /home/gudk/phpprj/lswoole/vendor/illuminate/container/BoundMethod.php(95): Illuminate\\Container\\Util::unwrapIfClosure()
#7 /home/gudk/phpprj/lswoole/vendor/illuminate/container/BoundMethod.php(39): Illuminate\\Container\\BoundMethod::callBoundMethod()
#8 /home/gudk/phpprj/lswoole/vendor/illuminate/container/Container.php(596): Illuminate\\Container\\BoundMethod::call()
#9 /home/gudk/phpprj/lswoole/vendor/illuminate/console/Command.php(134): Illuminate\\Container\\Container->call()
#10 /home/gudk/phpprj/lswoole/vendor/symfony/console/Command/Command.php(258): Illuminate\\Console\\Command->execute()
#11 /home/gudk/phpprj/lswoole/vendor/illuminate/console/Command.php(121): Symfony\\Component\\Console\\Command\\Command->run()
#12 /home/gudk/phpprj/lswoole/vendor/symfony/console/Application.php(911): Illuminate\\Console\\Command->run()
#13 /home/gudk/phpprj/lswoole/vendor/symfony/console/Application.php(264): Symfony\\Component\\Console\\Application->doRunCommand()
#14 /home/gudk/phpprj/lswoole/vendor/symfony/console/Application.php(140): Symfony\\Component\\Console\\Application->doRun()
#15 /home/gudk/phpprj/lswoole/vendor/illuminate/console/Application.php(93): Symfony\\Component\\Console\\Application->run()
#16 /home/gudk/phpprj/lswoole/vendor/laravel/lumen-framework/src/Console/Kernel.php(116): Illuminate\\Console\\Application->run()
#17 /home/gudk/phpprj/lswoole/tests/TestLSwooleServiceProvider.php(61): Laravel\\Lumen\\Console\\Kernel->handle()
#18 [internal function]: TestLSwooleServiceProvider->testInitPid()
#19 phar:///usr/local/bin/phpunit/phpunit/Framework/TestCase.php(1071): ReflectionMethod->invokeArgs()
#20 phar:///usr/local/bin/phpunit/phpunit/Framework/TestCase.php(939): PHPUnit\\Framework\\TestCase->runTest()
#21 phar:///usr/local/bin/phpunit/phpunit/Framework/TestResult.php(698): PHPUnit\\Framework\\TestCase->runBare()
#22 phar:///usr/local/bin/phpunit/phpunit/Framework/TestCase.php(894): PHPUnit\\Framework\\TestResult->run()
#23 phar:///usr/local/bin/phpunit/phpunit/Framework/TestSuite.php(755): PHPUnit\\Framework\\TestCase->run()
#24 phar:///usr/local/bin/phpunit/phpunit/TextUI/TestRunner.php(546): PHPUnit\\Framework\\TestSuite->run()
#25 phar:///usr/local/bin/phpunit/phpunit/TextUI/Command.php(195): PHPUnit\\TextUI\\TestRunner->doRun()
#26 phar:///usr/local/bin/phpunit/phpunit/TextUI/Command.php(148): PHPUnit\\TextUI\\Command->run()
#27 /usr/local/bin/phpunit(568): PHPUnit\\TextUI\\Command::main()
#28 {main}
"} 
[2020-08-16 14:54:10] production.ERROR: Exception: pid,/home/gudk/phpprj/lswoole/storage/logs/swoole.pid in /home/gudk/phpprj/lswoole/src/Command.php:104
Stack trace:
#0 /home/gudk/phpprj/lswoole/src/Command.php(173): gudongkun\lswoole\Command->checkPidFile()
#1 /home/gudk/phpprj/lswoole/src/Command.php(34): gudongkun\lswoole\Command->restart()
#2 [internal function]: gudongkun\lswoole\Command->handle()
#3 /home/gudk/phpprj/lswoole/vendor/illuminate/container/BoundMethod.php(37): call_user_func_array()
#4 /home/gudk/phpprj/lswoole/vendor/illuminate/container/Util.php(37): Illuminate\Container\BoundMethod::Illuminate\Container\{closure}()
#5 /home/gudk/phpprj/lswoole/vendor/illuminate/container/BoundMethod.php(95): Illuminate\Container\Util::unwrapIfClosure()
#6 /home/gudk/phpprj/lswoole/vendor/illuminate/container/BoundMethod.php(39): Illuminate\Container\BoundMethod::callBoundMethod()
#7 /home/gudk/phpprj/lswoole/vendor/illuminate/container/Container.php(596): Illuminate\Container\BoundMethod::call()
#8 /home/gudk/phpprj/lswoole/vendor/illuminate/console/Command.php(134): Illuminate\Container\Container->call()
#9 /home/gudk/phpprj/lswoole/vendor/symfony/console/Command/Command.php(258): Illuminate\Console\Command->execute()
#10 /home/gudk/phpprj/lswoole/vendor/illuminate/console/Command.php(121): Symfony\Component\Console\Command\Command->run()
#11 /home/gudk/phpprj/lswoole/vendor/symfony/console/Application.php(911): Illuminate\Console\Command->run()
#12 /home/gudk/phpprj/lswoole/vendor/symfony/console/Application.php(264): Symfony\Component\Console\Application->doRunCommand()
#13 /home/gudk/phpprj/lswoole/vendor/symfony/console/Application.php(140): Symfony\Component\Console\Application->doRun()
#14 /home/gudk/phpprj/lswoole/vendor/illuminate/console/Application.php(93): Symfony\Component\Console\Application->run()
#15 /home/gudk/phpprj/lswoole/vendor/laravel/lumen-framework/src/Console/Kernel.php(116): Illuminate\Console\Application->run()
#16 /home/gudk/phpprj/lswoole/tests/TestLSwooleServiceProvider.php(61): Laravel\Lumen\Console\Kernel->handle()
#17 [internal function]: TestLSwooleServiceProvider->testInitPid()
#18 phar:///usr/local/bin/phpunit/phpunit/Framework/TestCase.php(1071): ReflectionMethod->invokeArgs()
#19 phar:///usr/local/bin/phpunit/phpunit/Framework/TestCase.php(939): PHPUnit\Framework\TestCase->runTest()
#20 phar:///usr/local/bin/phpunit/phpunit/Framework/TestResult.php(698): PHPUnit\Framework\TestCase->runBare()
#21 phar:///usr/local/bin/phpunit/phpunit/Framework/TestCase.php(894): PHPUnit\Framework\TestResult->run()
#22 phar:///usr/local/bin/phpunit/phpunit/Framework/TestSuite.php(755): PHPUnit\Framework\TestCase->run()
#23 phar:///usr/local/bin/phpunit/phpunit/TextUI/TestRunner.php(546): PHPUnit\Framework\TestSuite->run()
#24 phar:///usr/local/bin/phpunit/phpunit/TextUI/Command.php(195): PHPUnit\TextUI\TestRunner->doRun()
#25 phar:///usr/local/bin/phpunit/phpunit/TextUI/Command.php(148): PHPUnit\TextUI\Command->run()
#26 /usr/local/bin/phpunit(568): PHPUnit\TextUI\Command::main()
#27 {main} {"exception":"[object] (Exception(code: 0): pid,/home/gudk/phpprj/lswoole/storage/logs/swoole.pid at /home/gudk/phpprj/lswoole/src/Command.php:104)
[stacktrace]
#0 /home/gudk/phpprj/lswoole/src/Command.php(173): gudongkun\\lswoole\\Command->checkPidFile()
#1 /home/gudk/phpprj/lswoole/src/Command.php(34): gudongkun\\lswoole\\Command->restart()
#2 [internal function]: gudongkun\\lswoole\\Command->handle()
#3 /home/gudk/phpprj/lswoole/vendor/illuminate/container/BoundMethod.php(37): call_user_func_array()
#4 /home/gudk/phpprj/lswoole/vendor/illuminate/container/Util.php(37): Illuminate\\Container\\BoundMethod::Illuminate\\Container\\{closure}()
#5 /home/gudk/phpprj/lswoole/vendor/illuminate/container/BoundMethod.php(95): Illuminate\\Container\\Util::unwrapIfClosure()
#6 /home/gudk/phpprj/lswoole/vendor/illuminate/container/BoundMethod.php(39): Illuminate\\Container\\BoundMethod::callBoundMethod()
#7 /home/gudk/phpprj/lswoole/vendor/illuminate/container/Container.php(596): Illuminate\\Container\\BoundMethod::call()
#8 /home/gudk/phpprj/lswoole/vendor/illuminate/console/Command.php(134): Illuminate\\Container\\Container->call()
#9 /home/gudk/phpprj/lswoole/vendor/symfony/console/Command/Command.php(258): Illuminate\\Console\\Command->execute()
#10 /home/gudk/phpprj/lswoole/vendor/illuminate/console/Command.php(121): Symfony\\Component\\Console\\Command\\Command->run()
#11 /home/gudk/phpprj/lswoole/vendor/symfony/console/Application.php(911): Illuminate\\Console\\Command->run()
#12 /home/gudk/phpprj/lswoole/vendor/symfony/console/Application.php(264): Symfony\\Component\\Console\\Application->doRunCommand()
#13 /home/gudk/phpprj/lswoole/vendor/symfony/console/Application.php(140): Symfony\\Component\\Console\\Application->doRun()
#14 /home/gudk/phpprj/lswoole/vendor/illuminate/console/Application.php(93): Symfony\\Component\\Console\\Application->run()
#15 /home/gudk/phpprj/lswoole/vendor/laravel/lumen-framework/src/Console/Kernel.php(116): Illuminate\\Console\\Application->run()
#16 /home/gudk/phpprj/lswoole/tests/TestLSwooleServiceProvider.php(61): Laravel\\Lumen\\Console\\Kernel->handle()
#17 [internal function]: TestLSwooleServiceProvider->testInitPid()
#18 phar:///usr/local/bin/phpunit/phpunit/Framework/TestCase.php(1071): ReflectionMethod->invokeArgs()
#19 phar:///usr/local/bin/phpunit/phpunit/Framework/TestCase.php(939): PHPUnit\\Framework\\TestCase->runTest()
#20 phar:///usr/local/bin/phpunit/phpunit/Framework/TestResult.php(698): PHPUnit\\Framework\\TestCase->runBare()
#21 phar:///usr/local/bin/phpunit/phpunit/Framework/TestCase.php(894): PHPUnit\\Framework\\TestResult->run()
#22 phar:///usr/local/bin/phpunit/phpunit/Framework/TestSuite.php(755): PHPUnit\\Framework\\TestCase->run()
#23 phar:///usr/local/bin/phpunit/phpunit/TextUI/TestRunner.php(546): PHPUnit\\Framework\\TestSuite->run()
#24 phar:///usr/local/bin/phpunit/phpunit/TextUI/Command.php(195): PHPUnit\\TextUI\\TestRunner->doRun()
#25 phar:///usr/local/bin/phpunit/phpunit/TextUI/Command.php(148): PHPUnit\\TextUI\\Command->run()
#26 /usr/local/bin/phpunit(568): PHPUnit\\TextUI\\Command::main()
#27 {main}
"} 
[2020-08-16 14:54:51] production.ERROR: Exception: pid,/home/gudk/phpprj/lswoole/storage/logs/swoole.pid in /home/gudk/phpprj/lswoole/src/Command.php:104
Stack trace:
#0 /home/gudk/phpprj/lswoole/src/Command.php(173): gudongkun\lswoole\Command->checkPidFile()
#1 /home/gudk/phpprj/lswoole/src/Command.php(34): gudongkun\lswoole\Command->restart()
#2 [internal function]: gudongkun\lswoole\Command->handle()
#3 /home/gudk/phpprj/lswoole/vendor/illuminate/container/BoundMethod.php(37): call_user_func_array()
#4 /home/gudk/phpprj/lswoole/vendor/illuminate/container/Util.php(37): Illuminate\Container\BoundMethod::Illuminate\Container\{closure}()
#5 /home/gudk/phpprj/lswoole/vendor/illuminate/container/BoundMethod.php(95): Illuminate\Container\Util::unwrapIfClosure()
#6 /home/gudk/phpprj/lswoole/vendor/illuminate/container/BoundMethod.php(39): Illuminate\Container\BoundMethod::callBoundMethod()
#7 /home/gudk/phpprj/lswoole/vendor/illuminate/container/Container.php(596): Illuminate\Container\BoundMethod::call()
#8 /home/gudk/phpprj/lswoole/vendor/illuminate/console/Command.php(134): Illuminate\Container\Container->call()
#9 /home/gudk/phpprj/lswoole/vendor/symfony/console/Command/Command.php(258): Illuminate\Console\Command->execute()
#10 /home/gudk/phpprj/lswoole/vendor/illuminate/console/Command.php(121): Symfony\Component\Console\Command\Command->run()
#11 /home/gudk/phpprj/lswoole/vendor/symfony/console/Application.php(911): Illuminate\Console\Command->run()
#12 /home/gudk/phpprj/lswoole/vendor/symfony/console/Application.php(264): Symfony\Component\Console\Application->doRunCommand()
#13 /home/gudk/phpprj/lswoole/vendor/symfony/console/Application.php(140): Symfony\Component\Console\Application->doRun()
#14 /home/gudk/phpprj/lswoole/vendor/illuminate/console/Application.php(93): Symfony\Component\Console\Application->run()
#15 /home/gudk/phpprj/lswoole/vendor/laravel/lumen-framework/src/Console/Kernel.php(116): Illuminate\Console\Application->run()
#16 /home/gudk/phpprj/lswoole/tests/TestLSwooleServiceProvider.php(61): Laravel\Lumen\Console\Kernel->handle()
#17 [internal function]: TestLSwooleServiceProvider->testInitPid()
#18 phar:///usr/local/bin/phpunit/phpunit/Framework/TestCase.php(1071): ReflectionMethod->invokeArgs()
#19 phar:///usr/local/bin/phpunit/phpunit/Framework/TestCase.php(939): PHPUnit\Framework\TestCase->runTest()
#20 phar:///usr/local/bin/phpunit/phpunit/Framework/TestResult.php(698): PHPUnit\Framework\TestCase->runBare()
#21 phar:///usr/local/bin/phpunit/phpunit/Framework/TestCase.php(894): PHPUnit\Framework\TestResult->run()
#22 phar:///usr/local/bin/phpunit/phpunit/Framework/TestSuite.php(755): PHPUnit\Framework\TestCase->run()
#23 phar:///usr/local/bin/phpunit/phpunit/TextUI/TestRunner.php(546): PHPUnit\Framework\TestSuite->run()
#24 phar:///usr/local/bin/phpunit/phpunit/TextUI/Command.php(195): PHPUnit\TextUI\TestRunner->doRun()
#25 phar:///usr/local/bin/phpunit/phpunit/TextUI/Command.php(148): PHPUnit\TextUI\Command->run()
#26 /usr/local/bin/phpunit(568): PHPUnit\TextUI\Command::main()
#27 {main} {"exception":"[object] (Exception(code: 0): pid,/home/gudk/phpprj/lswoole/storage/logs/swoole.pid at /home/gudk/phpprj/lswoole/src/Command.php:104)
[stacktrace]
#0 /home/gudk/phpprj/lswoole/src/Command.php(173): gudongkun\\lswoole\\Command->checkPidFile()
#1 /home/gudk/phpprj/lswoole/src/Command.php(34): gudongkun\\lswoole\\Command->restart()
#2 [internal function]: gudongkun\\lswoole\\Command->handle()
#3 /home/gudk/phpprj/lswoole/vendor/illuminate/container/BoundMethod.php(37): call_user_func_array()
#4 /home/gudk/phpprj/lswoole/vendor/illuminate/container/Util.php(37): Illuminate\\Container\\BoundMethod::Illuminate\\Container\\{closure}()
#5 /home/gudk/phpprj/lswoole/vendor/illuminate/container/BoundMethod.php(95): Illuminate\\Container\\Util::unwrapIfClosure()
#6 /home/gudk/phpprj/lswoole/vendor/illuminate/container/BoundMethod.php(39): Illuminate\\Container\\BoundMethod::callBoundMethod()
#7 /home/gudk/phpprj/lswoole/vendor/illuminate/container/Container.php(596): Illuminate\\Container\\BoundMethod::call()
#8 /home/gudk/phpprj/lswoole/vendor/illuminate/console/Command.php(134): Illuminate\\Container\\Container->call()
#9 /home/gudk/phpprj/lswoole/vendor/symfony/console/Command/Command.php(258): Illuminate\\Console\\Command->execute()
#10 /home/gudk/phpprj/lswoole/vendor/illuminate/console/Command.php(121): Symfony\\Component\\Console\\Command\\Command->run()
#11 /home/gudk/phpprj/lswoole/vendor/symfony/console/Application.php(911): Illuminate\\Console\\Command->run()
#12 /home/gudk/phpprj/lswoole/vendor/symfony/console/Application.php(264): Symfony\\Component\\Console\\Application->doRunCommand()
#13 /home/gudk/phpprj/lswoole/vendor/symfony/console/Application.php(140): Symfony\\Component\\Console\\Application->doRun()
#14 /home/gudk/phpprj/lswoole/vendor/illuminate/console/Application.php(93): Symfony\\Component\\Console\\Application->run()
#15 /home/gudk/phpprj/lswoole/vendor/laravel/lumen-framework/src/Console/Kernel.php(116): Illuminate\\Console\\Application->run()
#16 /home/gudk/phpprj/lswoole/tests/TestLSwooleServiceProvider.php(61): Laravel\\Lumen\\Console\\Kernel->handle()
#17 [internal function]: TestLSwooleServiceProvider->testInitPid()
#18 phar:///usr/local/bin/phpunit/phpunit/Framework/TestCase.php(1071): ReflectionMethod->invokeArgs()
#19 phar:///usr/local/bin/phpunit/phpunit/Framework/TestCase.php(939): PHPUnit\\Framework\\TestCase->runTest()
#20 phar:///usr/local/bin/phpunit/phpunit/Framework/TestResult.php(698): PHPUnit\\Framework\\TestCase->runBare()
#21 phar:///usr/local/bin/phpunit/phpunit/Framework/TestCase.php(894): PHPUnit\\Framework\\TestResult->run()
#22 phar:///usr/local/bin/phpunit/phpunit/Framework/TestSuite.php(755): PHPUnit\\Framework\\TestCase->run()
#23 phar:///usr/local/bin/phpunit/phpunit/TextUI/TestRunner.php(546): PHPUnit\\Framework\\TestSuite->run()
#24 phar:///usr/local/bin/phpunit/phpunit/TextUI/Command.php(195): PHPUnit\\TextUI\\TestRunner->doRun()
#25 phar:///usr/local/bin/phpunit/phpunit/TextUI/Command.php(148): PHPUnit\\TextUI\\Command->run()
#26 /usr/local/bin/phpunit(568): PHPUnit\\TextUI\\Command::main()
#27 {main}
"} 
[2020-08-16 14:56:05] production.ERROR: Exception: pid,/home/gudk/phpprj/lswoole/storage/logs/swoole.pid in /home/gudk/phpprj/lswoole/src/Command.php:104
Stack trace:
#0 /home/gudk/phpprj/lswoole/src/Command.php(173): gudongkun\lswoole\Command->checkPidFile()
#1 /home/gudk/phpprj/lswoole/src/Command.php(34): gudongkun\lswoole\Command->restart()
#2 [internal function]: gudongkun\lswoole\Command->handle()
#3 /home/gudk/phpprj/lswoole/vendor/illuminate/container/BoundMethod.php(37): call_user_func_array()
#4 /home/gudk/phpprj/lswoole/vendor/illuminate/container/Util.php(37): Illuminate\Container\BoundMethod::Illuminate\Container\{closure}()
#5 /home/gudk/phpprj/lswoole/vendor/illuminate/container/BoundMethod.php(95): Illuminate\Container\Util::unwrapIfClosure()
#6 /home/gudk/phpprj/lswoole/vendor/illuminate/container/BoundMethod.php(39): Illuminate\Container\BoundMethod::callBoundMethod()
#7 /home/gudk/phpprj/lswoole/vendor/illuminate/container/Container.php(596): Illuminate\Container\BoundMethod::call()
#8 /home/gudk/phpprj/lswoole/vendor/illuminate/console/Command.php(134): Illuminate\Container\Container->call()
#9 /home/gudk/phpprj/lswoole/vendor/symfony/console/Command/Command.php(258): Illuminate\Console\Command->execute()
#10 /home/gudk/phpprj/lswoole/vendor/illuminate/console/Command.php(121): Symfony\Component\Console\Command\Command->run()
#11 /home/gudk/phpprj/lswoole/vendor/symfony/console/Application.php(911): Illuminate\Console\Command->run()
#12 /home/gudk/phpprj/lswoole/vendor/symfony/console/Application.php(264): Symfony\Component\Console\Application->doRunCommand()
#13 /home/gudk/phpprj/lswoole/vendor/symfony/console/Application.php(140): Symfony\Component\Console\Application->doRun()
#14 /home/gudk/phpprj/lswoole/vendor/illuminate/console/Application.php(93): Symfony\Component\Console\Application->run()
#15 /home/gudk/phpprj/lswoole/vendor/laravel/lumen-framework/src/Console/Kernel.php(116): Illuminate\Console\Application->run()
#16 /home/gudk/phpprj/lswoole/tests/TestLSwooleServiceProvider.php(61): Laravel\Lumen\Console\Kernel->handle()
#17 [internal function]: TestLSwooleServiceProvider->testInitPid()
#18 phar:///usr/local/bin/phpunit/phpunit/Framework/TestCase.php(1071): ReflectionMethod->invokeArgs()
#19 phar:///usr/local/bin/phpunit/phpunit/Framework/TestCase.php(939): PHPUnit\Framework\TestCase->runTest()
#20 phar:///usr/local/bin/phpunit/phpunit/Framework/TestResult.php(698): PHPUnit\Framework\TestCase->runBare()
#21 phar:///usr/local/bin/phpunit/phpunit/Framework/TestCase.php(894): PHPUnit\Framework\TestResult->run()
#22 phar:///usr/local/bin/phpunit/phpunit/Framework/TestSuite.php(755): PHPUnit\Framework\TestCase->run()
#23 phar:///usr/local/bin/phpunit/phpunit/TextUI/TestRunner.php(546): PHPUnit\Framework\TestSuite->run()
#24 phar:///usr/local/bin/phpunit/phpunit/TextUI/Command.php(195): PHPUnit\TextUI\TestRunner->doRun()
#25 phar:///usr/local/bin/phpunit/phpunit/TextUI/Command.php(148): PHPUnit\TextUI\Command->run()
#26 /usr/local/bin/phpunit(568): PHPUnit\TextUI\Command::main()
#27 {main} {"exception":"[object] (Exception(code: 0): pid,/home/gudk/phpprj/lswoole/storage/logs/swoole.pid at /home/gudk/phpprj/lswoole/src/Command.php:104)
[stacktrace]
#0 /home/gudk/phpprj/lswoole/src/Command.php(173): gudongkun\\lswoole\\Command->checkPidFile()
#1 /home/gudk/phpprj/lswoole/src/Command.php(34): gudongkun\\lswoole\\Command->restart()
#2 [internal function]: gudongkun\\lswoole\\Command->handle()
#3 /home/gudk/phpprj/lswoole/vendor/illuminate/container/BoundMethod.php(37): call_user_func_array()
#4 /home/gudk/phpprj/lswoole/vendor/illuminate/container/Util.php(37): Illuminate\\Container\\BoundMethod::Illuminate\\Container\\{closure}()
#5 /home/gudk/phpprj/lswoole/vendor/illuminate/container/BoundMethod.php(95): Illuminate\\Container\\Util::unwrapIfClosure()
#6 /home/gudk/phpprj/lswoole/vendor/illuminate/container/BoundMethod.php(39): Illuminate\\Container\\BoundMethod::callBoundMethod()
#7 /home/gudk/phpprj/lswoole/vendor/illuminate/container/Container.php(596): Illuminate\\Container\\BoundMethod::call()
#8 /home/gudk/phpprj/lswoole/vendor/illuminate/console/Command.php(134): Illuminate\\Container\\Container->call()
#9 /home/gudk/phpprj/lswoole/vendor/symfony/console/Command/Command.php(258): Illuminate\\Console\\Command->execute()
#10 /home/gudk/phpprj/lswoole/vendor/illuminate/console/Command.php(121): Symfony\\Component\\Console\\Command\\Command->run()
#11 /home/gudk/phpprj/lswoole/vendor/symfony/console/Application.php(911): Illuminate\\Console\\Command->run()
#12 /home/gudk/phpprj/lswoole/vendor/symfony/console/Application.php(264): Symfony\\Component\\Console\\Application->doRunCommand()
#13 /home/gudk/phpprj/lswoole/vendor/symfony/console/Application.php(140): Symfony\\Component\\Console\\Application->doRun()
#14 /home/gudk/phpprj/lswoole/vendor/illuminate/console/Application.php(93): Symfony\\Component\\Console\\Application->run()
#15 /home/gudk/phpprj/lswoole/vendor/laravel/lumen-framework/src/Console/Kernel.php(116): Illuminate\\Console\\Application->run()
#16 /home/gudk/phpprj/lswoole/tests/TestLSwooleServiceProvider.php(61): Laravel\\Lumen\\Console\\Kernel->handle()
#17 [internal function]: TestLSwooleServiceProvider->testInitPid()
#18 phar:///usr/local/bin/phpunit/phpunit/Framework/TestCase.php(1071): ReflectionMethod->invokeArgs()
#19 phar:///usr/local/bin/phpunit/phpunit/Framework/TestCase.php(939): PHPUnit\\Framework\\TestCase->runTest()
#20 phar:///usr/local/bin/phpunit/phpunit/Framework/TestResult.php(698): PHPUnit\\Framework\\TestCase->runBare()
#21 phar:///usr/local/bin/phpunit/phpunit/Framework/TestCase.php(894): PHPUnit\\Framework\\TestResult->run()
#22 phar:///usr/local/bin/phpunit/phpunit/Framework/TestSuite.php(755): PHPUnit\\Framework\\TestCase->run()
#23 phar:///usr/local/bin/phpunit/phpunit/TextUI/TestRunner.php(546): PHPUnit\\Framework\\TestSuite->run()
#24 phar:///usr/local/bin/phpunit/phpunit/TextUI/Command.php(195): PHPUnit\\TextUI\\TestRunner->doRun()
#25 phar:///usr/local/bin/phpunit/phpunit/TextUI/Command.php(148): PHPUnit\\TextUI\\Command->run()
#26 /usr/local/bin/phpunit(568): PHPUnit\\TextUI\\Command::main()
#27 {main}
"} 
[2020-08-16 14:59:43] production.ERROR: Exception: pid,/home/gudk/phpprj/lswoole/storage/logs/swoole.pid in /home/gudk/phpprj/lswoole/src/Command.php:104
Stack trace:
#0 /home/gudk/phpprj/lswoole/src/Command.php(173): gudongkun\lswoole\Command->checkPidFile()
#1 /home/gudk/phpprj/lswoole/src/Command.php(34): gudongkun\lswoole\Command->restart()
#2 [internal function]: gudongkun\lswoole\Command->handle()
#3 /home/gudk/phpprj/lswoole/vendor/illuminate/container/BoundMethod.php(37): call_user_func_array()
#4 /home/gudk/phpprj/lswoole/vendor/illuminate/container/Util.php(37): Illuminate\Container\BoundMethod::Illuminate\Container\{closure}()
#5 /home/gudk/phpprj/lswoole/vendor/illuminate/container/BoundMethod.php(95): Illuminate\Container\Util::unwrapIfClosure()
#6 /home/gudk/phpprj/lswoole/vendor/illuminate/container/BoundMethod.php(39): Illuminate\Container\BoundMethod::callBoundMethod()
#7 /home/gudk/phpprj/lswoole/vendor/illuminate/container/Container.php(596): Illuminate\Container\BoundMethod::call()
#8 /home/gudk/phpprj/lswoole/vendor/illuminate/console/Command.php(134): Illuminate\Container\Container->call()
#9 /home/gudk/phpprj/lswoole/vendor/symfony/console/Command/Command.php(258): Illuminate\Console\Command->execute()
#10 /home/gudk/phpprj/lswoole/vendor/illuminate/console/Command.php(121): Symfony\Component\Console\Command\Command->run()
#11 /home/gudk/phpprj/lswoole/vendor/symfony/console/Application.php(911): Illuminate\Console\Command->run()
#12 /home/gudk/phpprj/lswoole/vendor/symfony/console/Application.php(264): Symfony\Component\Console\Application->doRunCommand()
#13 /home/gudk/phpprj/lswoole/vendor/symfony/console/Application.php(140): Symfony\Component\Console\Application->doRun()
#14 /home/gudk/phpprj/lswoole/vendor/illuminate/console/Application.php(93): Symfony\Component\Console\Application->run()
#15 /home/gudk/phpprj/lswoole/vendor/laravel/lumen-framework/src/Console/Kernel.php(116): Illuminate\Console\Application->run()
#16 /home/gudk/phpprj/lswoole/tests/TestLSwooleServiceProvider.php(61): Laravel\Lumen\Console\Kernel->handle()
#17 [internal function]: TestLSwooleServiceProvider->testInitPid()
#18 phar:///usr/local/bin/phpunit/phpunit/Framework/TestCase.php(1071): ReflectionMethod->invokeArgs()
#19 phar:///usr/local/bin/phpunit/phpunit/Framework/TestCase.php(939): PHPUnit\Framework\TestCase->runTest()
#20 phar:///usr/local/bin/phpunit/phpunit/Framework/TestResult.php(698): PHPUnit\Framework\TestCase->runBare()
#21 phar:///usr/local/bin/phpunit/phpunit/Framework/TestCase.php(894): PHPUnit\Framework\TestResult->run()
#22 phar:///usr/local/bin/phpunit/phpunit/Framework/TestSuite.php(755): PHPUnit\Framework\TestCase->run()
#23 phar:///usr/local/bin/phpunit/phpunit/TextUI/TestRunner.php(546): PHPUnit\Framework\TestSuite->run()
#24 phar:///usr/local/bin/phpunit/phpunit/TextUI/Command.php(195): PHPUnit\TextUI\TestRunner->doRun()
#25 phar:///usr/local/bin/phpunit/phpunit/TextUI/Command.php(148): PHPUnit\TextUI\Command->run()
#26 /usr/local/bin/phpunit(568): PHPUnit\TextUI\Command::main()
#27 {main} {"exception":"[object] (Exception(code: 0): pid,/home/gudk/phpprj/lswoole/storage/logs/swoole.pid at /home/gudk/phpprj/lswoole/src/Command.php:104)
[stacktrace]
#0 /home/gudk/phpprj/lswoole/src/Command.php(173): gudongkun\\lswoole\\Command->checkPidFile()
#1 /home/gudk/phpprj/lswoole/src/Command.php(34): gudongkun\\lswoole\\Command->restart()
#2 [internal function]: gudongkun\\lswoole\\Command->handle()
#3 /home/gudk/phpprj/lswoole/vendor/illuminate/container/BoundMethod.php(37): call_user_func_array()
#4 /home/gudk/phpprj/lswoole/vendor/illuminate/container/Util.php(37): Illuminate\\Container\\BoundMethod::Illuminate\\Container\\{closure}()
#5 /home/gudk/phpprj/lswoole/vendor/illuminate/container/BoundMethod.php(95): Illuminate\\Container\\Util::unwrapIfClosure()
#6 /home/gudk/phpprj/lswoole/vendor/illuminate/container/BoundMethod.php(39): Illuminate\\Container\\BoundMethod::callBoundMethod()
#7 /home/gudk/phpprj/lswoole/vendor/illuminate/container/Container.php(596): Illuminate\\Container\\BoundMethod::call()
#8 /home/gudk/phpprj/lswoole/vendor/illuminate/console/Command.php(134): Illuminate\\Container\\Container->call()
#9 /home/gudk/phpprj/lswoole/vendor/symfony/console/Command/Command.php(258): Illuminate\\Console\\Command->execute()
#10 /home/gudk/phpprj/lswoole/vendor/illuminate/console/Command.php(121): Symfony\\Component\\Console\\Command\\Command->run()
#11 /home/gudk/phpprj/lswoole/vendor/symfony/console/Application.php(911): Illuminate\\Console\\Command->run()
#12 /home/gudk/phpprj/lswoole/vendor/symfony/console/Application.php(264): Symfony\\Component\\Console\\Application->doRunCommand()
#13 /home/gudk/phpprj/lswoole/vendor/symfony/console/Application.php(140): Symfony\\Component\\Console\\Application->doRun()
#14 /home/gudk/phpprj/lswoole/vendor/illuminate/console/Application.php(93): Symfony\\Component\\Console\\Application->run()
#15 /home/gudk/phpprj/lswoole/vendor/laravel/lumen-framework/src/Console/Kernel.php(116): Illuminate\\Console\\Application->run()
#16 /home/gudk/phpprj/lswoole/tests/TestLSwooleServiceProvider.php(61): Laravel\\Lumen\\Console\\Kernel->handle()
#17 [internal function]: TestLSwooleServiceProvider->testInitPid()
#18 phar:///usr/local/bin/phpunit/phpunit/Framework/TestCase.php(1071): ReflectionMethod->invokeArgs()
#19 phar:///usr/local/bin/phpunit/phpunit/Framework/TestCase.php(939): PHPUnit\\Framework\\TestCase->runTest()
#20 phar:///usr/local/bin/phpunit/phpunit/Framework/TestResult.php(698): PHPUnit\\Framework\\TestCase->runBare()
#21 phar:///usr/local/bin/phpunit/phpunit/Framework/TestCase.php(894): PHPUnit\\Framework\\TestResult->run()
#22 phar:///usr/local/bin/phpunit/phpunit/Framework/TestSuite.php(755): PHPUnit\\Framework\\TestCase->run()
#23 phar:///usr/local/bin/phpunit/phpunit/TextUI/TestRunner.php(546): PHPUnit\\Framework\\TestSuite->run()
#24 phar:///usr/local/bin/phpunit/phpunit/TextUI/Command.php(195): PHPUnit\\TextUI\\TestRunner->doRun()
#25 phar:///usr/local/bin/phpunit/phpunit/TextUI/Command.php(148): PHPUnit\\TextUI\\Command->run()
#26 /usr/local/bin/phpunit(568): PHPUnit\\TextUI\\Command::main()
#27 {main}
"} 
[2020-08-16 15:00:11] production.ERROR: Exception: pid,/home/gudk/phpprj/lswoole/storage/logs/swoole.pid in /home/gudk/phpprj/lswoole/src/Command.php:104
Stack trace:
#0 /home/gudk/phpprj/lswoole/src/Command.php(173): gudongkun\lswoole\Command->checkPidFile()
#1 /home/gudk/phpprj/lswoole/src/Command.php(34): gudongkun\lswoole\Command->restart()
#2 [internal function]: gudongkun\lswoole\Command->handle()
#3 /home/gudk/phpprj/lswoole/vendor/illuminate/container/BoundMethod.php(37): call_user_func_array()
#4 /home/gudk/phpprj/lswoole/vendor/illuminate/container/Util.php(37): Illuminate\Container\BoundMethod::Illuminate\Container\{closure}()
#5 /home/gudk/phpprj/lswoole/vendor/illuminate/container/BoundMethod.php(95): Illuminate\Container\Util::unwrapIfClosure()
#6 /home/gudk/phpprj/lswoole/vendor/illuminate/container/BoundMethod.php(39): Illuminate\Container\BoundMethod::callBoundMethod()
#7 /home/gudk/phpprj/lswoole/vendor/illuminate/container/Container.php(596): Illuminate\Container\BoundMethod::call()
#8 /home/gudk/phpprj/lswoole/vendor/illuminate/console/Command.php(134): Illuminate\Container\Container->call()
#9 /home/gudk/phpprj/lswoole/vendor/symfony/console/Command/Command.php(258): Illuminate\Console\Command->execute()
#10 /home/gudk/phpprj/lswoole/vendor/illuminate/console/Command.php(121): Symfony\Component\Console\Command\Command->run()
#11 /home/gudk/phpprj/lswoole/vendor/symfony/console/Application.php(911): Illuminate\Console\Command->run()
#12 /home/gudk/phpprj/lswoole/vendor/symfony/console/Application.php(264): Symfony\Component\Console\Application->doRunCommand()
#13 /home/gudk/phpprj/lswoole/vendor/symfony/console/Application.php(140): Symfony\Component\Console\Application->doRun()
#14 /home/gudk/phpprj/lswoole/vendor/illuminate/console/Application.php(93): Symfony\Component\Console\Application->run()
#15 /home/gudk/phpprj/lswoole/vendor/laravel/lumen-framework/src/Console/Kernel.php(116): Illuminate\Console\Application->run()
#16 /home/gudk/phpprj/lswoole/tests/TestLSwooleServiceProvider.php(61): Laravel\Lumen\Console\Kernel->handle()
#17 [internal function]: TestLSwooleServiceProvider->testInitPid()
#18 phar:///usr/local/bin/phpunit/phpunit/Framework/TestCase.php(1071): ReflectionMethod->invokeArgs()
#19 phar:///usr/local/bin/phpunit/phpunit/Framework/TestCase.php(939): PHPUnit\Framework\TestCase->runTest()
#20 phar:///usr/local/bin/phpunit/phpunit/Framework/TestResult.php(698): PHPUnit\Framework\TestCase->runBare()
#21 phar:///usr/local/bin/phpunit/phpunit/Framework/TestCase.php(894): PHPUnit\Framework\TestResult->run()
#22 phar:///usr/local/bin/phpunit/phpunit/Framework/TestSuite.php(755): PHPUnit\Framework\TestCase->run()
#23 phar:///usr/local/bin/phpunit/phpunit/TextUI/TestRunner.php(546): PHPUnit\Framework\TestSuite->run()
#24 phar:///usr/local/bin/phpunit/phpunit/TextUI/Command.php(195): PHPUnit\TextUI\TestRunner->doRun()
#25 phar:///usr/local/bin/phpunit/phpunit/TextUI/Command.php(148): PHPUnit\TextUI\Command->run()
#26 /usr/local/bin/phpunit(568): PHPUnit\TextUI\Command::main()
#27 {main} {"exception":"[object] (Exception(code: 0): pid,/home/gudk/phpprj/lswoole/storage/logs/swoole.pid at /home/gudk/phpprj/lswoole/src/Command.php:104)
[stacktrace]
#0 /home/gudk/phpprj/lswoole/src/Command.php(173): gudongkun\\lswoole\\Command->checkPidFile()
#1 /home/gudk/phpprj/lswoole/src/Command.php(34): gudongkun\\lswoole\\Command->restart()
#2 [internal function]: gudongkun\\lswoole\\Command->handle()
#3 /home/gudk/phpprj/lswoole/vendor/illuminate/container/BoundMethod.php(37): call_user_func_array()
#4 /home/gudk/phpprj/lswoole/vendor/illuminate/container/Util.php(37): Illuminate\\Container\\BoundMethod::Illuminate\\Container\\{closure}()
#5 /home/gudk/phpprj/lswoole/vendor/illuminate/container/BoundMethod.php(95): Illuminate\\Container\\Util::unwrapIfClosure()
#6 /home/gudk/phpprj/lswoole/vendor/illuminate/container/BoundMethod.php(39): Illuminate\\Container\\BoundMethod::callBoundMethod()
#7 /home/gudk/phpprj/lswoole/vendor/illuminate/container/Container.php(596): Illuminate\\Container\\BoundMethod::call()
#8 /home/gudk/phpprj/lswoole/vendor/illuminate/console/Command.php(134): Illuminate\\Container\\Container->call()
#9 /home/gudk/phpprj/lswoole/vendor/symfony/console/Command/Command.php(258): Illuminate\\Console\\Command->execute()
#10 /home/gudk/phpprj/lswoole/vendor/illuminate/console/Command.php(121): Symfony\\Component\\Console\\Command\\Command->run()
#11 /home/gudk/phpprj/lswoole/vendor/symfony/console/Application.php(911): Illuminate\\Console\\Command->run()
#12 /home/gudk/phpprj/lswoole/vendor/symfony/console/Application.php(264): Symfony\\Component\\Console\\Application->doRunCommand()
#13 /home/gudk/phpprj/lswoole/vendor/symfony/console/Application.php(140): Symfony\\Component\\Console\\Application->doRun()
#14 /home/gudk/phpprj/lswoole/vendor/illuminate/console/Application.php(93): Symfony\\Component\\Console\\Application->run()
#15 /home/gudk/phpprj/lswoole/vendor/laravel/lumen-framework/src/Console/Kernel.php(116): Illuminate\\Console\\Application->run()
#16 /home/gudk/phpprj/lswoole/tests/TestLSwooleServiceProvider.php(61): Laravel\\Lumen\\Console\\Kernel->handle()
#17 [internal function]: TestLSwooleServiceProvider->testInitPid()
#18 phar:///usr/local/bin/phpunit/phpunit/Framework/TestCase.php(1071): ReflectionMethod->invokeArgs()
#19 phar:///usr/local/bin/phpunit/phpunit/Framework/TestCase.php(939): PHPUnit\\Framework\\TestCase->runTest()
#20 phar:///usr/local/bin/phpunit/phpunit/Framework/TestResult.php(698): PHPUnit\\Framework\\TestCase->runBare()
#21 phar:///usr/local/bin/phpunit/phpunit/Framework/TestCase.php(894): PHPUnit\\Framework\\TestResult->run()
#22 phar:///usr/local/bin/phpunit/phpunit/Framework/TestSuite.php(755): PHPUnit\\Framework\\TestCase->run()
#23 phar:///usr/local/bin/phpunit/phpunit/TextUI/TestRunner.php(546): PHPUnit\\Framework\\TestSuite->run()
#24 phar:///usr/local/bin/phpunit/phpunit/TextUI/Command.php(195): PHPUnit\\TextUI\\TestRunner->doRun()
#25 phar:///usr/local/bin/phpunit/phpunit/TextUI/Command.php(148): PHPUnit\\TextUI\\Command->run()
#26 /usr/local/bin/phpunit(568): PHPUnit\\TextUI\\Command::main()
#27 {main}
"} 
[2020-08-16 15:01:10] production.ERROR: Exception: pid,/home/gudk/phpprj/lswoole/storage/logs/swoole.pid in /home/gudk/phpprj/lswoole/src/Command.php:104
Stack trace:
#0 /home/gudk/phpprj/lswoole/src/Command.php(173): gudongkun\lswoole\Command->checkPidFile()
#1 /home/gudk/phpprj/lswoole/src/Command.php(34): gudongkun\lswoole\Command->restart()
#2 [internal function]: gudongkun\lswoole\Command->handle()
#3 /home/gudk/phpprj/lswoole/vendor/illuminate/container/BoundMethod.php(37): call_user_func_array()
#4 /home/gudk/phpprj/lswoole/vendor/illuminate/container/Util.php(37): Illuminate\Container\BoundMethod::Illuminate\Container\{closure}()
#5 /home/gudk/phpprj/lswoole/vendor/illuminate/container/BoundMethod.php(95): Illuminate\Container\Util::unwrapIfClosure()
#6 /home/gudk/phpprj/lswoole/vendor/illuminate/container/BoundMethod.php(39): Illuminate\Container\BoundMethod::callBoundMethod()
#7 /home/gudk/phpprj/lswoole/vendor/illuminate/container/Container.php(596): Illuminate\Container\BoundMethod::call()
#8 /home/gudk/phpprj/lswoole/vendor/illuminate/console/Command.php(134): Illuminate\Container\Container->call()
#9 /home/gudk/phpprj/lswoole/vendor/symfony/console/Command/Command.php(258): Illuminate\Console\Command->execute()
#10 /home/gudk/phpprj/lswoole/vendor/illuminate/console/Command.php(121): Symfony\Component\Console\Command\Command->run()
#11 /home/gudk/phpprj/lswoole/vendor/symfony/console/Application.php(911): Illuminate\Console\Command->run()
#12 /home/gudk/phpprj/lswoole/vendor/symfony/console/Application.php(264): Symfony\Component\Console\Application->doRunCommand()
#13 /home/gudk/phpprj/lswoole/vendor/symfony/console/Application.php(140): Symfony\Component\Console\Application->doRun()
#14 /home/gudk/phpprj/lswoole/vendor/illuminate/console/Application.php(93): Symfony\Component\Console\Application->run()
#15 /home/gudk/phpprj/lswoole/vendor/laravel/lumen-framework/src/Console/Kernel.php(116): Illuminate\Console\Application->run()
#16 /home/gudk/phpprj/lswoole/tests/TestLSwooleServiceProvider.php(61): Laravel\Lumen\Console\Kernel->handle()
#17 [internal function]: TestLSwooleServiceProvider->testInitPid()
#18 phar:///usr/local/bin/phpunit/phpunit/Framework/TestCase.php(1071): ReflectionMethod->invokeArgs()
#19 phar:///usr/local/bin/phpunit/phpunit/Framework/TestCase.php(939): PHPUnit\Framework\TestCase->runTest()
#20 phar:///usr/local/bin/phpunit/phpunit/Framework/TestResult.php(698): PHPUnit\Framework\TestCase->runBare()
#21 phar:///usr/local/bin/phpunit/phpunit/Framework/TestCase.php(894): PHPUnit\Framework\TestResult->run()
#22 phar:///usr/local/bin/phpunit/phpunit/Framework/TestSuite.php(755): PHPUnit\Framework\TestCase->run()
#23 phar:///usr/local/bin/phpunit/phpunit/TextUI/TestRunner.php(546): PHPUnit\Framework\TestSuite->run()
#24 phar:///usr/local/bin/phpunit/phpunit/TextUI/Command.php(195): PHPUnit\TextUI\TestRunner->doRun()
#25 phar:///usr/local/bin/phpunit/phpunit/TextUI/Command.php(148): PHPUnit\TextUI\Command->run()
#26 /usr/local/bin/phpunit(568): PHPUnit\TextUI\Command::main()
#27 {main} {"exception":"[object] (Exception(code: 0): pid,/home/gudk/phpprj/lswoole/storage/logs/swoole.pid at /home/gudk/phpprj/lswoole/src/Command.php:104)
[stacktrace]
#0 /home/gudk/phpprj/lswoole/src/Command.php(173): gudongkun\\lswoole\\Command->checkPidFile()
#1 /home/gudk/phpprj/lswoole/src/Command.php(34): gudongkun\\lswoole\\Command->restart()
#2 [internal function]: gudongkun\\lswoole\\Command->handle()
#3 /home/gudk/phpprj/lswoole/vendor/illuminate/container/BoundMethod.php(37): call_user_func_array()
#4 /home/gudk/phpprj/lswoole/vendor/illuminate/container/Util.php(37): Illuminate\\Container\\BoundMethod::Illuminate\\Container\\{closure}()
#5 /home/gudk/phpprj/lswoole/vendor/illuminate/container/BoundMethod.php(95): Illuminate\\Container\\Util::unwrapIfClosure()
#6 /home/gudk/phpprj/lswoole/vendor/illuminate/container/BoundMethod.php(39): Illuminate\\Container\\BoundMethod::callBoundMethod()
#7 /home/gudk/phpprj/lswoole/vendor/illuminate/container/Container.php(596): Illuminate\\Container\\BoundMethod::call()
#8 /home/gudk/phpprj/lswoole/vendor/illuminate/console/Command.php(134): Illuminate\\Container\\Container->call()
#9 /home/gudk/phpprj/lswoole/vendor/symfony/console/Command/Command.php(258): Illuminate\\Console\\Command->execute()
#10 /home/gudk/phpprj/lswoole/vendor/illuminate/console/Command.php(121): Symfony\\Component\\Console\\Command\\Command->run()
#11 /home/gudk/phpprj/lswoole/vendor/symfony/console/Application.php(911): Illuminate\\Console\\Command->run()
#12 /home/gudk/phpprj/lswoole/vendor/symfony/console/Application.php(264): Symfony\\Component\\Console\\Application->doRunCommand()
#13 /home/gudk/phpprj/lswoole/vendor/symfony/console/Application.php(140): Symfony\\Component\\Console\\Application->doRun()
#14 /home/gudk/phpprj/lswoole/vendor/illuminate/console/Application.php(93): Symfony\\Component\\Console\\Application->run()
#15 /home/gudk/phpprj/lswoole/vendor/laravel/lumen-framework/src/Console/Kernel.php(116): Illuminate\\Console\\Application->run()
#16 /home/gudk/phpprj/lswoole/tests/TestLSwooleServiceProvider.php(61): Laravel\\Lumen\\Console\\Kernel->handle()
#17 [internal function]: TestLSwooleServiceProvider->testInitPid()
#18 phar:///usr/local/bin/phpunit/phpunit/Framework/TestCase.php(1071): ReflectionMethod->invokeArgs()
#19 phar:///usr/local/bin/phpunit/phpunit/Framework/TestCase.php(939): PHPUnit\\Framework\\TestCase->runTest()
#20 phar:///usr/local/bin/phpunit/phpunit/Framework/TestResult.php(698): PHPUnit\\Framework\\TestCase->runBare()
#21 phar:///usr/local/bin/phpunit/phpunit/Framework/TestCase.php(894): PHPUnit\\Framework\\TestResult->run()
#22 phar:///usr/local/bin/phpunit/phpunit/Framework/TestSuite.php(755): PHPUnit\\Framework\\TestCase->run()
#23 phar:///usr/local/bin/phpunit/phpunit/TextUI/TestRunner.php(546): PHPUnit\\Framework\\TestSuite->run()
#24 phar:///usr/local/bin/phpunit/phpunit/TextUI/Command.php(195): PHPUnit\\TextUI\\TestRunner->doRun()
#25 phar:///usr/local/bin/phpunit/phpunit/TextUI/Command.php(148): PHPUnit\\TextUI\\Command->run()
#26 /usr/local/bin/phpunit(568): PHPUnit\\TextUI\\Command::main()
#27 {main}
"} 
[2020-08-16 15:01:34] production.ERROR: Exception: pid,/home/gudk/phpprj/lswoole/storage/logs/swoole.pid in /home/gudk/phpprj/lswoole/src/Command.php:104
Stack trace:
#0 /home/gudk/phpprj/lswoole/src/Command.php(173): gudongkun\lswoole\Command->checkPidFile()
#1 /home/gudk/phpprj/lswoole/src/Command.php(34): gudongkun\lswoole\Command->restart()
#2 [internal function]: gudongkun\lswoole\Command->handle()
#3 /home/gudk/phpprj/lswoole/vendor/illuminate/container/BoundMethod.php(37): call_user_func_array()
#4 /home/gudk/phpprj/lswoole/vendor/illuminate/container/Util.php(37): Illuminate\Container\BoundMethod::Illuminate\Container\{closure}()
#5 /home/gudk/phpprj/lswoole/vendor/illuminate/container/BoundMethod.php(95): Illuminate\Container\Util::unwrapIfClosure()
#6 /home/gudk/phpprj/lswoole/vendor/illuminate/container/BoundMethod.php(39): Illuminate\Container\BoundMethod::callBoundMethod()
#7 /home/gudk/phpprj/lswoole/vendor/illuminate/container/Container.php(596): Illuminate\Container\BoundMethod::call()
#8 /home/gudk/phpprj/lswoole/vendor/illuminate/console/Command.php(134): Illuminate\Container\Container->call()
#9 /home/gudk/phpprj/lswoole/vendor/symfony/console/Command/Command.php(258): Illuminate\Console\Command->execute()
#10 /home/gudk/phpprj/lswoole/vendor/illuminate/console/Command.php(121): Symfony\Component\Console\Command\Command->run()
#11 /home/gudk/phpprj/lswoole/vendor/symfony/console/Application.php(911): Illuminate\Console\Command->run()
#12 /home/gudk/phpprj/lswoole/vendor/symfony/console/Application.php(264): Symfony\Component\Console\Application->doRunCommand()
#13 /home/gudk/phpprj/lswoole/vendor/symfony/console/Application.php(140): Symfony\Component\Console\Application->doRun()
#14 /home/gudk/phpprj/lswoole/vendor/illuminate/console/Application.php(93): Symfony\Component\Console\Application->run()
#15 /home/gudk/phpprj/lswoole/vendor/laravel/lumen-framework/src/Console/Kernel.php(116): Illuminate\Console\Application->run()
#16 /home/gudk/phpprj/lswoole/tests/TestLSwooleServiceProvider.php(61): Laravel\Lumen\Console\Kernel->handle()
#17 [internal function]: TestLSwooleServiceProvider->testInitPid()
#18 phar:///usr/local/bin/phpunit/phpunit/Framework/TestCase.php(1071): ReflectionMethod->invokeArgs()
#19 phar:///usr/local/bin/phpunit/phpunit/Framework/TestCase.php(939): PHPUnit\Framework\TestCase->runTest()
#20 phar:///usr/local/bin/phpunit/phpunit/Framework/TestResult.php(698): PHPUnit\Framework\TestCase->runBare()
#21 phar:///usr/local/bin/phpunit/phpunit/Framework/TestCase.php(894): PHPUnit\Framework\TestResult->run()
#22 phar:///usr/local/bin/phpunit/phpunit/Framework/TestSuite.php(755): PHPUnit\Framework\TestCase->run()
#23 phar:///usr/local/bin/phpunit/phpunit/TextUI/TestRunner.php(546): PHPUnit\Framework\TestSuite->run()
#24 phar:///usr/local/bin/phpunit/phpunit/TextUI/Command.php(195): PHPUnit\TextUI\TestRunner->doRun()
#25 phar:///usr/local/bin/phpunit/phpunit/TextUI/Command.php(148): PHPUnit\TextUI\Command->run()
#26 /usr/local/bin/phpunit(568): PHPUnit\TextUI\Command::main()
#27 {main} {"exception":"[object] (Exception(code: 0): pid,/home/gudk/phpprj/lswoole/storage/logs/swoole.pid at /home/gudk/phpprj/lswoole/src/Command.php:104)
[stacktrace]
#0 /home/gudk/phpprj/lswoole/src/Command.php(173): gudongkun\\lswoole\\Command->checkPidFile()
#1 /home/gudk/phpprj/lswoole/src/Command.php(34): gudongkun\\lswoole\\Command->restart()
#2 [internal function]: gudongkun\\lswoole\\Command->handle()
#3 /home/gudk/phpprj/lswoole/vendor/illuminate/container/BoundMethod.php(37): call_user_func_array()
#4 /home/gudk/phpprj/lswoole/vendor/illuminate/container/Util.php(37): Illuminate\\Container\\BoundMethod::Illuminate\\Container\\{closure}()
#5 /home/gudk/phpprj/lswoole/vendor/illuminate/container/BoundMethod.php(95): Illuminate\\Container\\Util::unwrapIfClosure()
#6 /home/gudk/phpprj/lswoole/vendor/illuminate/container/BoundMethod.php(39): Illuminate\\Container\\BoundMethod::callBoundMethod()
#7 /home/gudk/phpprj/lswoole/vendor/illuminate/container/Container.php(596): Illuminate\\Container\\BoundMethod::call()
#8 /home/gudk/phpprj/lswoole/vendor/illuminate/console/Command.php(134): Illuminate\\Container\\Container->call()
#9 /home/gudk/phpprj/lswoole/vendor/symfony/console/Command/Command.php(258): Illuminate\\Console\\Command->execute()
#10 /home/gudk/phpprj/lswoole/vendor/illuminate/console/Command.php(121): Symfony\\Component\\Console\\Command\\Command->run()
#11 /home/gudk/phpprj/lswoole/vendor/symfony/console/Application.php(911): Illuminate\\Console\\Command->run()
#12 /home/gudk/phpprj/lswoole/vendor/symfony/console/Application.php(264): Symfony\\Component\\Console\\Application->doRunCommand()
#13 /home/gudk/phpprj/lswoole/vendor/symfony/console/Application.php(140): Symfony\\Component\\Console\\Application->doRun()
#14 /home/gudk/phpprj/lswoole/vendor/illuminate/console/Application.php(93): Symfony\\Component\\Console\\Application->run()
#15 /home/gudk/phpprj/lswoole/vendor/laravel/lumen-framework/src/Console/Kernel.php(116): Illuminate\\Console\\Application->run()
#16 /home/gudk/phpprj/lswoole/tests/TestLSwooleServiceProvider.php(61): Laravel\\Lumen\\Console\\Kernel->handle()
#17 [internal function]: TestLSwooleServiceProvider->testInitPid()
#18 phar:///usr/local/bin/phpunit/phpunit/Framework/TestCase.php(1071): ReflectionMethod->invokeArgs()
#19 phar:///usr/local/bin/phpunit/phpunit/Framework/TestCase.php(939): PHPUnit\\Framework\\TestCase->runTest()
#20 phar:///usr/local/bin/phpunit/phpunit/Framework/TestResult.php(698): PHPUnit\\Framework\\TestCase->runBare()
#21 phar:///usr/local/bin/phpunit/phpunit/Framework/TestCase.php(894): PHPUnit\\Framework\\TestResult->run()
#22 phar:///usr/local/bin/phpunit/phpunit/Framework/TestSuite.php(755): PHPUnit\\Framework\\TestCase->run()
#23 phar:///usr/local/bin/phpunit/phpunit/TextUI/TestRunner.php(546): PHPUnit\\Framework\\TestSuite->run()
#24 phar:///usr/local/bin/phpunit/phpunit/TextUI/Command.php(195): PHPUnit\\TextUI\\TestRunner->doRun()
#25 phar:///usr/local/bin/phpunit/phpunit/TextUI/Command.php(148): PHPUnit\\TextUI\\Command->run()
#26 /usr/local/bin/phpunit(568): PHPUnit\\TextUI\\Command::main()
#27 {main}
"} 
[2020-08-16 15:05:36] production.ERROR: Exception: pid,/home/gudk/phpprj/lswoole/storage/logs/swoole.pid in /home/gudk/phpprj/lswoole/src/Command.php:104
Stack trace:
#0 /home/gudk/phpprj/lswoole/src/Command.php(173): gudongkun\lswoole\Command->checkPidFile()
#1 /home/gudk/phpprj/lswoole/src/Command.php(34): gudongkun\lswoole\Command->restart()
#2 [internal function]: gudongkun\lswoole\Command->handle()
#3 /home/gudk/phpprj/lswoole/vendor/illuminate/container/BoundMethod.php(37): call_user_func_array()
#4 /home/gudk/phpprj/lswoole/vendor/illuminate/container/Util.php(37): Illuminate\Container\BoundMethod::Illuminate\Container\{closure}()
#5 /home/gudk/phpprj/lswoole/vendor/illuminate/container/BoundMethod.php(95): Illuminate\Container\Util::unwrapIfClosure()
#6 /home/gudk/phpprj/lswoole/vendor/illuminate/container/BoundMethod.php(39): Illuminate\Container\BoundMethod::callBoundMethod()
#7 /home/gudk/phpprj/lswoole/vendor/illuminate/container/Container.php(596): Illuminate\Container\BoundMethod::call()
#8 /home/gudk/phpprj/lswoole/vendor/illuminate/console/Command.php(134): Illuminate\Container\Container->call()
#9 /home/gudk/phpprj/lswoole/vendor/symfony/console/Command/Command.php(258): Illuminate\Console\Command->execute()
#10 /home/gudk/phpprj/lswoole/vendor/illuminate/console/Command.php(121): Symfony\Component\Console\Command\Command->run()
#11 /home/gudk/phpprj/lswoole/vendor/symfony/console/Application.php(911): Illuminate\Console\Command->run()
#12 /home/gudk/phpprj/lswoole/vendor/symfony/console/Application.php(264): Symfony\Component\Console\Application->doRunCommand()
#13 /home/gudk/phpprj/lswoole/vendor/symfony/console/Application.php(140): Symfony\Component\Console\Application->doRun()
#14 /home/gudk/phpprj/lswoole/vendor/illuminate/console/Application.php(93): Symfony\Component\Console\Application->run()
#15 /home/gudk/phpprj/lswoole/vendor/laravel/lumen-framework/src/Console/Kernel.php(116): Illuminate\Console\Application->run()
#16 /home/gudk/phpprj/lswoole/tests/TestLSwooleServiceProvider.php(61): Laravel\Lumen\Console\Kernel->handle()
#17 [internal function]: TestLSwooleServiceProvider->testInitPid()
#18 phar:///usr/local/bin/phpunit/phpunit/Framework/TestCase.php(1071): ReflectionMethod->invokeArgs()
#19 phar:///usr/local/bin/phpunit/phpunit/Framework/TestCase.php(939): PHPUnit\Framework\TestCase->runTest()
#20 phar:///usr/local/bin/phpunit/phpunit/Framework/TestResult.php(698): PHPUnit\Framework\TestCase->runBare()
#21 phar:///usr/local/bin/phpunit/phpunit/Framework/TestCase.php(894): PHPUnit\Framework\TestResult->run()
#22 phar:///usr/local/bin/phpunit/phpunit/Framework/TestSuite.php(755): PHPUnit\Framework\TestCase->run()
#23 phar:///usr/local/bin/phpunit/phpunit/TextUI/TestRunner.php(546): PHPUnit\Framework\TestSuite->run()
#24 phar:///usr/local/bin/phpunit/phpunit/TextUI/Command.php(195): PHPUnit\TextUI\TestRunner->doRun()
#25 phar:///usr/local/bin/phpunit/phpunit/TextUI/Command.php(148): PHPUnit\TextUI\Command->run()
#26 /usr/local/bin/phpunit(568): PHPUnit\TextUI\Command::main()
#27 {main} {"exception":"[object] (Exception(code: 0): pid,/home/gudk/phpprj/lswoole/storage/logs/swoole.pid at /home/gudk/phpprj/lswoole/src/Command.php:104)
[stacktrace]
#0 /home/gudk/phpprj/lswoole/src/Command.php(173): gudongkun\\lswoole\\Command->checkPidFile()
#1 /home/gudk/phpprj/lswoole/src/Command.php(34): gudongkun\\lswoole\\Command->restart()
#2 [internal function]: gudongkun\\lswoole\\Command->handle()
#3 /home/gudk/phpprj/lswoole/vendor/illuminate/container/BoundMethod.php(37): call_user_func_array()
#4 /home/gudk/phpprj/lswoole/vendor/illuminate/container/Util.php(37): Illuminate\\Container\\BoundMethod::Illuminate\\Container\\{closure}()
#5 /home/gudk/phpprj/lswoole/vendor/illuminate/container/BoundMethod.php(95): Illuminate\\Container\\Util::unwrapIfClosure()
#6 /home/gudk/phpprj/lswoole/vendor/illuminate/container/BoundMethod.php(39): Illuminate\\Container\\BoundMethod::callBoundMethod()
#7 /home/gudk/phpprj/lswoole/vendor/illuminate/container/Container.php(596): Illuminate\\Container\\BoundMethod::call()
#8 /home/gudk/phpprj/lswoole/vendor/illuminate/console/Command.php(134): Illuminate\\Container\\Container->call()
#9 /home/gudk/phpprj/lswoole/vendor/symfony/console/Command/Command.php(258): Illuminate\\Console\\Command->execute()
#10 /home/gudk/phpprj/lswoole/vendor/illuminate/console/Command.php(121): Symfony\\Component\\Console\\Command\\Command->run()
#11 /home/gudk/phpprj/lswoole/vendor/symfony/console/Application.php(911): Illuminate\\Console\\Command->run()
#12 /home/gudk/phpprj/lswoole/vendor/symfony/console/Application.php(264): Symfony\\Component\\Console\\Application->doRunCommand()
#13 /home/gudk/phpprj/lswoole/vendor/symfony/console/Application.php(140): Symfony\\Component\\Console\\Application->doRun()
#14 /home/gudk/phpprj/lswoole/vendor/illuminate/console/Application.php(93): Symfony\\Component\\Console\\Application->run()
#15 /home/gudk/phpprj/lswoole/vendor/laravel/lumen-framework/src/Console/Kernel.php(116): Illuminate\\Console\\Application->run()
#16 /home/gudk/phpprj/lswoole/tests/TestLSwooleServiceProvider.php(61): Laravel\\Lumen\\Console\\Kernel->handle()
#17 [internal function]: TestLSwooleServiceProvider->testInitPid()
#18 phar:///usr/local/bin/phpunit/phpunit/Framework/TestCase.php(1071): ReflectionMethod->invokeArgs()
#19 phar:///usr/local/bin/phpunit/phpunit/Framework/TestCase.php(939): PHPUnit\\Framework\\TestCase->runTest()
#20 phar:///usr/local/bin/phpunit/phpunit/Framework/TestResult.php(698): PHPUnit\\Framework\\TestCase->runBare()
#21 phar:///usr/local/bin/phpunit/phpunit/Framework/TestCase.php(894): PHPUnit\\Framework\\TestResult->run()
#22 phar:///usr/local/bin/phpunit/phpunit/Framework/TestSuite.php(755): PHPUnit\\Framework\\TestCase->run()
#23 phar:///usr/local/bin/phpunit/phpunit/TextUI/TestRunner.php(546): PHPUnit\\Framework\\TestSuite->run()
#24 phar:///usr/local/bin/phpunit/phpunit/TextUI/Command.php(195): PHPUnit\\TextUI\\TestRunner->doRun()
#25 phar:///usr/local/bin/phpunit/phpunit/TextUI/Command.php(148): PHPUnit\\TextUI\\Command->run()
#26 /usr/local/bin/phpunit(568): PHPUnit\\TextUI\\Command::main()
#27 {main}
"} 
[2020-08-16 15:08:44] production.ERROR: Exception: pid,/home/gudk/phpprj/lswoole/storage/logs/swoole.pid in /home/gudk/phpprj/lswoole/src/Command.php:104
Stack trace:
#0 /home/gudk/phpprj/lswoole/src/Command.php(173): gudongkun\lswoole\Command->checkPidFile()
#1 /home/gudk/phpprj/lswoole/src/Command.php(34): gudongkun\lswoole\Command->restart()
#2 [internal function]: gudongkun\lswoole\Command->handle()
#3 /home/gudk/phpprj/lswoole/vendor/illuminate/container/BoundMethod.php(37): call_user_func_array()
#4 /home/gudk/phpprj/lswoole/vendor/illuminate/container/Util.php(37): Illuminate\Container\BoundMethod::Illuminate\Container\{closure}()
#5 /home/gudk/phpprj/lswoole/vendor/illuminate/container/BoundMethod.php(95): Illuminate\Container\Util::unwrapIfClosure()
#6 /home/gudk/phpprj/lswoole/vendor/illuminate/container/BoundMethod.php(39): Illuminate\Container\BoundMethod::callBoundMethod()
#7 /home/gudk/phpprj/lswoole/vendor/illuminate/container/Container.php(596): Illuminate\Container\BoundMethod::call()
#8 /home/gudk/phpprj/lswoole/vendor/illuminate/console/Command.php(134): Illuminate\Container\Container->call()
#9 /home/gudk/phpprj/lswoole/vendor/symfony/console/Command/Command.php(258): Illuminate\Console\Command->execute()
#10 /home/gudk/phpprj/lswoole/vendor/illuminate/console/Command.php(121): Symfony\Component\Console\Command\Command->run()
#11 /home/gudk/phpprj/lswoole/vendor/symfony/console/Application.php(911): Illuminate\Console\Command->run()
#12 /home/gudk/phpprj/lswoole/vendor/symfony/console/Application.php(264): Symfony\Component\Console\Application->doRunCommand()
#13 /home/gudk/phpprj/lswoole/vendor/symfony/console/Application.php(140): Symfony\Component\Console\Application->doRun()
#14 /home/gudk/phpprj/lswoole/vendor/illuminate/console/Application.php(93): Symfony\Component\Console\Application->run()
#15 /home/gudk/phpprj/lswoole/vendor/laravel/lumen-framework/src/Console/Kernel.php(116): Illuminate\Console\Application->run()
#16 /home/gudk/phpprj/lswoole/tests/TestLSwooleServiceProvider.php(61): Laravel\Lumen\Console\Kernel->handle()
#17 [internal function]: TestLSwooleServiceProvider->testInitPid()
#18 phar:///usr/local/bin/phpunit/phpunit/Framework/TestCase.php(1071): ReflectionMethod->invokeArgs()
#19 phar:///usr/local/bin/phpunit/phpunit/Framework/TestCase.php(939): PHPUnit\Framework\TestCase->runTest()
#20 phar:///usr/local/bin/phpunit/phpunit/Framework/TestResult.php(698): PHPUnit\Framework\TestCase->runBare()
#21 phar:///usr/local/bin/phpunit/phpunit/Framework/TestCase.php(894): PHPUnit\Framework\TestResult->run()
#22 phar:///usr/local/bin/phpunit/phpunit/Framework/TestSuite.php(755): PHPUnit\Framework\TestCase->run()
#23 phar:///usr/local/bin/phpunit/phpunit/TextUI/TestRunner.php(546): PHPUnit\Framework\TestSuite->run()
#24 phar:///usr/local/bin/phpunit/phpunit/TextUI/Command.php(195): PHPUnit\TextUI\TestRunner->doRun()
#25 phar:///usr/local/bin/phpunit/phpunit/TextUI/Command.php(148): PHPUnit\TextUI\Command->run()
#26 /usr/local/bin/phpunit(568): PHPUnit\TextUI\Command::main()
#27 {main} {"exception":"[object] (Exception(code: 0): pid,/home/gudk/phpprj/lswoole/storage/logs/swoole.pid at /home/gudk/phpprj/lswoole/src/Command.php:104)
[stacktrace]
#0 /home/gudk/phpprj/lswoole/src/Command.php(173): gudongkun\\lswoole\\Command->checkPidFile()
#1 /home/gudk/phpprj/lswoole/src/Command.php(34): gudongkun\\lswoole\\Command->restart()
#2 [internal function]: gudongkun\\lswoole\\Command->handle()
#3 /home/gudk/phpprj/lswoole/vendor/illuminate/container/BoundMethod.php(37): call_user_func_array()
#4 /home/gudk/phpprj/lswoole/vendor/illuminate/container/Util.php(37): Illuminate\\Container\\BoundMethod::Illuminate\\Container\\{closure}()
#5 /home/gudk/phpprj/lswoole/vendor/illuminate/container/BoundMethod.php(95): Illuminate\\Container\\Util::unwrapIfClosure()
#6 /home/gudk/phpprj/lswoole/vendor/illuminate/container/BoundMethod.php(39): Illuminate\\Container\\BoundMethod::callBoundMethod()
#7 /home/gudk/phpprj/lswoole/vendor/illuminate/container/Container.php(596): Illuminate\\Container\\BoundMethod::call()
#8 /home/gudk/phpprj/lswoole/vendor/illuminate/console/Command.php(134): Illuminate\\Container\\Container->call()
#9 /home/gudk/phpprj/lswoole/vendor/symfony/console/Command/Command.php(258): Illuminate\\Console\\Command->execute()
#10 /home/gudk/phpprj/lswoole/vendor/illuminate/console/Command.php(121): Symfony\\Component\\Console\\Command\\Command->run()
#11 /home/gudk/phpprj/lswoole/vendor/symfony/console/Application.php(911): Illuminate\\Console\\Command->run()
#12 /home/gudk/phpprj/lswoole/vendor/symfony/console/Application.php(264): Symfony\\Component\\Console\\Application->doRunCommand()
#13 /home/gudk/phpprj/lswoole/vendor/symfony/console/Application.php(140): Symfony\\Component\\Console\\Application->doRun()
#14 /home/gudk/phpprj/lswoole/vendor/illuminate/console/Application.php(93): Symfony\\Component\\Console\\Application->run()
#15 /home/gudk/phpprj/lswoole/vendor/laravel/lumen-framework/src/Console/Kernel.php(116): Illuminate\\Console\\Application->run()
#16 /home/gudk/phpprj/lswoole/tests/TestLSwooleServiceProvider.php(61): Laravel\\Lumen\\Console\\Kernel->handle()
#17 [internal function]: TestLSwooleServiceProvider->testInitPid()
#18 phar:///usr/local/bin/phpunit/phpunit/Framework/TestCase.php(1071): ReflectionMethod->invokeArgs()
#19 phar:///usr/local/bin/phpunit/phpunit/Framework/TestCase.php(939): PHPUnit\\Framework\\TestCase->runTest()
#20 phar:///usr/local/bin/phpunit/phpunit/Framework/TestResult.php(698): PHPUnit\\Framework\\TestCase->runBare()
#21 phar:///usr/local/bin/phpunit/phpunit/Framework/TestCase.php(894): PHPUnit\\Framework\\TestResult->run()
#22 phar:///usr/local/bin/phpunit/phpunit/Framework/TestSuite.php(755): PHPUnit\\Framework\\TestCase->run()
#23 phar:///usr/local/bin/phpunit/phpunit/TextUI/TestRunner.php(546): PHPUnit\\Framework\\TestSuite->run()
#24 phar:///usr/local/bin/phpunit/phpunit/TextUI/Command.php(195): PHPUnit\\TextUI\\TestRunner->doRun()
#25 phar:///usr/local/bin/phpunit/phpunit/TextUI/Command.php(148): PHPUnit\\TextUI\\Command->run()
#26 /usr/local/bin/phpunit(568): PHPUnit\\TextUI\\Command::main()
#27 {main}
"} 
[2020-08-16 15:08:57] production.ERROR: Exception: pid,/home/gudk/phpprj/lswoole/storage/logs/swoole.pid in /home/gudk/phpprj/lswoole/src/Command.php:104
Stack trace:
#0 /home/gudk/phpprj/lswoole/src/Command.php(173): gudongkun\lswoole\Command->checkPidFile()
#1 /home/gudk/phpprj/lswoole/src/Command.php(34): gudongkun\lswoole\Command->restart()
#2 [internal function]: gudongkun\lswoole\Command->handle()
#3 /home/gudk/phpprj/lswoole/vendor/illuminate/container/BoundMethod.php(37): call_user_func_array()
#4 /home/gudk/phpprj/lswoole/vendor/illuminate/container/Util.php(37): Illuminate\Container\BoundMethod::Illuminate\Container\{closure}()
#5 /home/gudk/phpprj/lswoole/vendor/illuminate/container/BoundMethod.php(95): Illuminate\Container\Util::unwrapIfClosure()
#6 /home/gudk/phpprj/lswoole/vendor/illuminate/container/BoundMethod.php(39): Illuminate\Container\BoundMethod::callBoundMethod()
#7 /home/gudk/phpprj/lswoole/vendor/illuminate/container/Container.php(596): Illuminate\Container\BoundMethod::call()
#8 /home/gudk/phpprj/lswoole/vendor/illuminate/console/Command.php(134): Illuminate\Container\Container->call()
#9 /home/gudk/phpprj/lswoole/vendor/symfony/console/Command/Command.php(258): Illuminate\Console\Command->execute()
#10 /home/gudk/phpprj/lswoole/vendor/illuminate/console/Command.php(121): Symfony\Component\Console\Command\Command->run()
#11 /home/gudk/phpprj/lswoole/vendor/symfony/console/Application.php(911): Illuminate\Console\Command->run()
#12 /home/gudk/phpprj/lswoole/vendor/symfony/console/Application.php(264): Symfony\Component\Console\Application->doRunCommand()
#13 /home/gudk/phpprj/lswoole/vendor/symfony/console/Application.php(140): Symfony\Component\Console\Application->doRun()
#14 /home/gudk/phpprj/lswoole/vendor/illuminate/console/Application.php(93): Symfony\Component\Console\Application->run()
#15 /home/gudk/phpprj/lswoole/vendor/laravel/lumen-framework/src/Console/Kernel.php(116): Illuminate\Console\Application->run()
#16 /home/gudk/phpprj/lswoole/tests/TestLSwooleServiceProvider.php(61): Laravel\Lumen\Console\Kernel->handle()
#17 [internal function]: TestLSwooleServiceProvider->testInitPid()
#18 phar:///usr/local/bin/phpunit/phpunit/Framework/TestCase.php(1071): ReflectionMethod->invokeArgs()
#19 phar:///usr/local/bin/phpunit/phpunit/Framework/TestCase.php(939): PHPUnit\Framework\TestCase->runTest()
#20 phar:///usr/local/bin/phpunit/phpunit/Framework/TestResult.php(698): PHPUnit\Framework\TestCase->runBare()
#21 phar:///usr/local/bin/phpunit/phpunit/Framework/TestCase.php(894): PHPUnit\Framework\TestResult->run()
#22 phar:///usr/local/bin/phpunit/phpunit/Framework/TestSuite.php(755): PHPUnit\Framework\TestCase->run()
#23 phar:///usr/local/bin/phpunit/phpunit/TextUI/TestRunner.php(546): PHPUnit\Framework\TestSuite->run()
#24 phar:///usr/local/bin/phpunit/phpunit/TextUI/Command.php(195): PHPUnit\TextUI\TestRunner->doRun()
#25 phar:///usr/local/bin/phpunit/phpunit/TextUI/Command.php(148): PHPUnit\TextUI\Command->run()
#26 /usr/local/bin/phpunit(568): PHPUnit\TextUI\Command::main()
#27 {main} {"exception":"[object] (Exception(code: 0): pid,/home/gudk/phpprj/lswoole/storage/logs/swoole.pid at /home/gudk/phpprj/lswoole/src/Command.php:104)
[stacktrace]
#0 /home/gudk/phpprj/lswoole/src/Command.php(173): gudongkun\\lswoole\\Command->checkPidFile()
#1 /home/gudk/phpprj/lswoole/src/Command.php(34): gudongkun\\lswoole\\Command->restart()
#2 [internal function]: gudongkun\\lswoole\\Command->handle()
#3 /home/gudk/phpprj/lswoole/vendor/illuminate/container/BoundMethod.php(37): call_user_func_array()
#4 /home/gudk/phpprj/lswoole/vendor/illuminate/container/Util.php(37): Illuminate\\Container\\BoundMethod::Illuminate\\Container\\{closure}()
#5 /home/gudk/phpprj/lswoole/vendor/illuminate/container/BoundMethod.php(95): Illuminate\\Container\\Util::unwrapIfClosure()
#6 /home/gudk/phpprj/lswoole/vendor/illuminate/container/BoundMethod.php(39): Illuminate\\Container\\BoundMethod::callBoundMethod()
#7 /home/gudk/phpprj/lswoole/vendor/illuminate/container/Container.php(596): Illuminate\\Container\\BoundMethod::call()
#8 /home/gudk/phpprj/lswoole/vendor/illuminate/console/Command.php(134): Illuminate\\Container\\Container->call()
#9 /home/gudk/phpprj/lswoole/vendor/symfony/console/Command/Command.php(258): Illuminate\\Console\\Command->execute()
#10 /home/gudk/phpprj/lswoole/vendor/illuminate/console/Command.php(121): Symfony\\Component\\Console\\Command\\Command->run()
#11 /home/gudk/phpprj/lswoole/vendor/symfony/console/Application.php(911): Illuminate\\Console\\Command->run()
#12 /home/gudk/phpprj/lswoole/vendor/symfony/console/Application.php(264): Symfony\\Component\\Console\\Application->doRunCommand()
#13 /home/gudk/phpprj/lswoole/vendor/symfony/console/Application.php(140): Symfony\\Component\\Console\\Application->doRun()
#14 /home/gudk/phpprj/lswoole/vendor/illuminate/console/Application.php(93): Symfony\\Component\\Console\\Application->run()
#15 /home/gudk/phpprj/lswoole/vendor/laravel/lumen-framework/src/Console/Kernel.php(116): Illuminate\\Console\\Application->run()
#16 /home/gudk/phpprj/lswoole/tests/TestLSwooleServiceProvider.php(61): Laravel\\Lumen\\Console\\Kernel->handle()
#17 [internal function]: TestLSwooleServiceProvider->testInitPid()
#18 phar:///usr/local/bin/phpunit/phpunit/Framework/TestCase.php(1071): ReflectionMethod->invokeArgs()
#19 phar:///usr/local/bin/phpunit/phpunit/Framework/TestCase.php(939): PHPUnit\\Framework\\TestCase->runTest()
#20 phar:///usr/local/bin/phpunit/phpunit/Framework/TestResult.php(698): PHPUnit\\Framework\\TestCase->runBare()
#21 phar:///usr/local/bin/phpunit/phpunit/Framework/TestCase.php(894): PHPUnit\\Framework\\TestResult->run()
#22 phar:///usr/local/bin/phpunit/phpunit/Framework/TestSuite.php(755): PHPUnit\\Framework\\TestCase->run()
#23 phar:///usr/local/bin/phpunit/phpunit/TextUI/TestRunner.php(546): PHPUnit\\Framework\\TestSuite->run()
#24 phar:///usr/local/bin/phpunit/phpunit/TextUI/Command.php(195): PHPUnit\\TextUI\\TestRunner->doRun()
#25 phar:///usr/local/bin/phpunit/phpunit/TextUI/Command.php(148): PHPUnit\\TextUI\\Command->run()
#26 /usr/local/bin/phpunit(568): PHPUnit\\TextUI\\Command::main()
#27 {main}
"} 
[2020-08-16 15:18:47] production.ERROR: ErrorException: A non-numeric value encountered in /home/gudk/phpprj/lswoole/src/Command.php:171
Stack trace:
#0 /home/gudk/phpprj/lswoole/src/Command.php(171): Laravel\Lumen\Application->Laravel\Lumen\Concerns\{closure}()
#1 /home/gudk/phpprj/lswoole/src/Command.php(34): gudongkun\lswoole\Command->restart()
#2 [internal function]: gudongkun\lswoole\Command->handle()
#3 /home/gudk/phpprj/lswoole/vendor/illuminate/container/BoundMethod.php(37): call_user_func_array()
#4 /home/gudk/phpprj/lswoole/vendor/illuminate/container/Util.php(37): Illuminate\Container\BoundMethod::Illuminate\Container\{closure}()
#5 /home/gudk/phpprj/lswoole/vendor/illuminate/container/BoundMethod.php(95): Illuminate\Container\Util::unwrapIfClosure()
#6 /home/gudk/phpprj/lswoole/vendor/illuminate/container/BoundMethod.php(39): Illuminate\Container\BoundMethod::callBoundMethod()
#7 /home/gudk/phpprj/lswoole/vendor/illuminate/container/Container.php(596): Illuminate\Container\BoundMethod::call()
#8 /home/gudk/phpprj/lswoole/vendor/illuminate/console/Command.php(134): Illuminate\Container\Container->call()
#9 /home/gudk/phpprj/lswoole/vendor/symfony/console/Command/Command.php(258): Illuminate\Console\Command->execute()
#10 /home/gudk/phpprj/lswoole/vendor/illuminate/console/Command.php(121): Symfony\Component\Console\Command\Command->run()
#11 /home/gudk/phpprj/lswoole/vendor/symfony/console/Application.php(911): Illuminate\Console\Command->run()
#12 /home/gudk/phpprj/lswoole/vendor/symfony/console/Application.php(264): Symfony\Component\Console\Application->doRunCommand()
#13 /home/gudk/phpprj/lswoole/vendor/symfony/console/Application.php(140): Symfony\Component\Console\Application->doRun()
#14 /home/gudk/phpprj/lswoole/vendor/illuminate/console/Application.php(93): Symfony\Component\Console\Application->run()
#15 /home/gudk/phpprj/lswoole/vendor/laravel/lumen-framework/src/Console/Kernel.php(116): Illuminate\Console\Application->run()
#16 /home/gudk/phpprj/lswoole/tests/TestLSwooleServiceProvider.php(64): Laravel\Lumen\Console\Kernel->handle()
#17 [internal function]: TestLSwooleServiceProvider->testInitPid()
#18 phar:///usr/local/bin/phpunit/phpunit/Framework/TestCase.php(1071): ReflectionMethod->invokeArgs()
#19 phar:///usr/local/bin/phpunit/phpunit/Framework/TestCase.php(939): PHPUnit\Framework\TestCase->runTest()
#20 phar:///usr/local/bin/phpunit/phpunit/Framework/TestResult.php(698): PHPUnit\Framework\TestCase->runBare()
#21 phar:///usr/local/bin/phpunit/phpunit/Framework/TestCase.php(894): PHPUnit\Framework\TestResult->run()
#22 phar:///usr/local/bin/phpunit/phpunit/Framework/TestSuite.php(755): PHPUnit\Framework\TestCase->run()
#23 phar:///usr/local/bin/phpunit/phpunit/TextUI/TestRunner.php(546): PHPUnit\Framework\TestSuite->run()
#24 phar:///usr/local/bin/phpunit/phpunit/TextUI/Command.php(195): PHPUnit\TextUI\TestRunner->doRun()
#25 phar:///usr/local/bin/phpunit/phpunit/TextUI/Command.php(148): PHPUnit\TextUI\Command->run()
#26 /usr/local/bin/phpunit(568): PHPUnit\TextUI\Command::main()
#27 {main} {"exception":"[object] (ErrorException(code: 0): A non-numeric value encountered at /home/gudk/phpprj/lswoole/src/Command.php:171)
[stacktrace]
#0 /home/gudk/phpprj/lswoole/src/Command.php(171): Laravel\\Lumen\\Application->Laravel\\Lumen\\Concerns\\{closure}()
#1 /home/gudk/phpprj/lswoole/src/Command.php(34): gudongkun\\lswoole\\Command->restart()
#2 [internal function]: gudongkun\\lswoole\\Command->handle()
#3 /home/gudk/phpprj/lswoole/vendor/illuminate/container/BoundMethod.php(37): call_user_func_array()
#4 /home/gudk/phpprj/lswoole/vendor/illuminate/container/Util.php(37): Illuminate\\Container\\BoundMethod::Illuminate\\Container\\{closure}()
#5 /home/gudk/phpprj/lswoole/vendor/illuminate/container/BoundMethod.php(95): Illuminate\\Container\\Util::unwrapIfClosure()
#6 /home/gudk/phpprj/lswoole/vendor/illuminate/container/BoundMethod.php(39): Illuminate\\Container\\BoundMethod::callBoundMethod()
#7 /home/gudk/phpprj/lswoole/vendor/illuminate/container/Container.php(596): Illuminate\\Container\\BoundMethod::call()
#8 /home/gudk/phpprj/lswoole/vendor/illuminate/console/Command.php(134): Illuminate\\Container\\Container->call()
#9 /home/gudk/phpprj/lswoole/vendor/symfony/console/Command/Command.php(258): Illuminate\\Console\\Command->execute()
#10 /home/gudk/phpprj/lswoole/vendor/illuminate/console/Command.php(121): Symfony\\Component\\Console\\Command\\Command->run()
#11 /home/gudk/phpprj/lswoole/vendor/symfony/console/Application.php(911): Illuminate\\Console\\Command->run()
#12 /home/gudk/phpprj/lswoole/vendor/symfony/console/Application.php(264): Symfony\\Component\\Console\\Application->doRunCommand()
#13 /home/gudk/phpprj/lswoole/vendor/symfony/console/Application.php(140): Symfony\\Component\\Console\\Application->doRun()
#14 /home/gudk/phpprj/lswoole/vendor/illuminate/console/Application.php(93): Symfony\\Component\\Console\\Application->run()
#15 /home/gudk/phpprj/lswoole/vendor/laravel/lumen-framework/src/Console/Kernel.php(116): Illuminate\\Console\\Application->run()
#16 /home/gudk/phpprj/lswoole/tests/TestLSwooleServiceProvider.php(64): Laravel\\Lumen\\Console\\Kernel->handle()
#17 [internal function]: TestLSwooleServiceProvider->testInitPid()
#18 phar:///usr/local/bin/phpunit/phpunit/Framework/TestCase.php(1071): ReflectionMethod->invokeArgs()
#19 phar:///usr/local/bin/phpunit/phpunit/Framework/TestCase.php(939): PHPUnit\\Framework\\TestCase->runTest()
#20 phar:///usr/local/bin/phpunit/phpunit/Framework/TestResult.php(698): PHPUnit\\Framework\\TestCase->runBare()
#21 phar:///usr/local/bin/phpunit/phpunit/Framework/TestCase.php(894): PHPUnit\\Framework\\TestResult->run()
#22 phar:///usr/local/bin/phpunit/phpunit/Framework/TestSuite.php(755): PHPUnit\\Framework\\TestCase->run()
#23 phar:///usr/local/bin/phpunit/phpunit/TextUI/TestRunner.php(546): PHPUnit\\Framework\\TestSuite->run()
#24 phar:///usr/local/bin/phpunit/phpunit/TextUI/Command.php(195): PHPUnit\\TextUI\\TestRunner->doRun()
#25 phar:///usr/local/bin/phpunit/phpunit/TextUI/Command.php(148): PHPUnit\\TextUI\\Command->run()
#26 /usr/local/bin/phpunit(568): PHPUnit\\TextUI\\Command::main()
#27 {main}
"} 
[2020-08-16 15:19:03] production.ERROR: Exception: pid,/home/gudk/phpprj/lswoole/storage/logs/swoole.pid in /home/gudk/phpprj/lswoole/src/Command.php:104
Stack trace:
#0 /home/gudk/phpprj/lswoole/src/Command.php(173): gudongkun\lswoole\Command->checkPidFile()
#1 /home/gudk/phpprj/lswoole/src/Command.php(34): gudongkun\lswoole\Command->restart()
#2 [internal function]: gudongkun\lswoole\Command->handle()
#3 /home/gudk/phpprj/lswoole/vendor/illuminate/container/BoundMethod.php(37): call_user_func_array()
#4 /home/gudk/phpprj/lswoole/vendor/illuminate/container/Util.php(37): Illuminate\Container\BoundMethod::Illuminate\Container\{closure}()
#5 /home/gudk/phpprj/lswoole/vendor/illuminate/container/BoundMethod.php(95): Illuminate\Container\Util::unwrapIfClosure()
#6 /home/gudk/phpprj/lswoole/vendor/illuminate/container/BoundMethod.php(39): Illuminate\Container\BoundMethod::callBoundMethod()
#7 /home/gudk/phpprj/lswoole/vendor/illuminate/container/Container.php(596): Illuminate\Container\BoundMethod::call()
#8 /home/gudk/phpprj/lswoole/vendor/illuminate/console/Command.php(134): Illuminate\Container\Container->call()
#9 /home/gudk/phpprj/lswoole/vendor/symfony/console/Command/Command.php(258): Illuminate\Console\Command->execute()
#10 /home/gudk/phpprj/lswoole/vendor/illuminate/console/Command.php(121): Symfony\Component\Console\Command\Command->run()
#11 /home/gudk/phpprj/lswoole/vendor/symfony/console/Application.php(911): Illuminate\Console\Command->run()
#12 /home/gudk/phpprj/lswoole/vendor/symfony/console/Application.php(264): Symfony\Component\Console\Application->doRunCommand()
#13 /home/gudk/phpprj/lswoole/vendor/symfony/console/Application.php(140): Symfony\Component\Console\Application->doRun()
#14 /home/gudk/phpprj/lswoole/vendor/illuminate/console/Application.php(93): Symfony\Component\Console\Application->run()
#15 /home/gudk/phpprj/lswoole/vendor/laravel/lumen-framework/src/Console/Kernel.php(116): Illuminate\Console\Application->run()
#16 /home/gudk/phpprj/lswoole/tests/TestLSwooleServiceProvider.php(64): Laravel\Lumen\Console\Kernel->handle()
#17 [internal function]: TestLSwooleServiceProvider->testInitPid()
#18 phar:///usr/local/bin/phpunit/phpunit/Framework/TestCase.php(1071): ReflectionMethod->invokeArgs()
#19 phar:///usr/local/bin/phpunit/phpunit/Framework/TestCase.php(939): PHPUnit\Framework\TestCase->runTest()
#20 phar:///usr/local/bin/phpunit/phpunit/Framework/TestResult.php(698): PHPUnit\Framework\TestCase->runBare()
#21 phar:///usr/local/bin/phpunit/phpunit/Framework/TestCase.php(894): PHPUnit\Framework\TestResult->run()
#22 phar:///usr/local/bin/phpunit/phpunit/Framework/TestSuite.php(755): PHPUnit\Framework\TestCase->run()
#23 phar:///usr/local/bin/phpunit/phpunit/TextUI/TestRunner.php(546): PHPUnit\Framework\TestSuite->run()
#24 phar:///usr/local/bin/phpunit/phpunit/TextUI/Command.php(195): PHPUnit\TextUI\TestRunner->doRun()
#25 phar:///usr/local/bin/phpunit/phpunit/TextUI/Command.php(148): PHPUnit\TextUI\Command->run()
#26 /usr/local/bin/phpunit(568): PHPUnit\TextUI\Command::main()
#27 {main} {"exception":"[object] (Exception(code: 0): pid,/home/gudk/phpprj/lswoole/storage/logs/swoole.pid at /home/gudk/phpprj/lswoole/src/Command.php:104)
[stacktrace]
#0 /home/gudk/phpprj/lswoole/src/Command.php(173): gudongkun\\lswoole\\Command->checkPidFile()
#1 /home/gudk/phpprj/lswoole/src/Command.php(34): gudongkun\\lswoole\\Command->restart()
#2 [internal function]: gudongkun\\lswoole\\Command->handle()
#3 /home/gudk/phpprj/lswoole/vendor/illuminate/container/BoundMethod.php(37): call_user_func_array()
#4 /home/gudk/phpprj/lswoole/vendor/illuminate/container/Util.php(37): Illuminate\\Container\\BoundMethod::Illuminate\\Container\\{closure}()
#5 /home/gudk/phpprj/lswoole/vendor/illuminate/container/BoundMethod.php(95): Illuminate\\Container\\Util::unwrapIfClosure()
#6 /home/gudk/phpprj/lswoole/vendor/illuminate/container/BoundMethod.php(39): Illuminate\\Container\\BoundMethod::callBoundMethod()
#7 /home/gudk/phpprj/lswoole/vendor/illuminate/container/Container.php(596): Illuminate\\Container\\BoundMethod::call()
#8 /home/gudk/phpprj/lswoole/vendor/illuminate/console/Command.php(134): Illuminate\\Container\\Container->call()
#9 /home/gudk/phpprj/lswoole/vendor/symfony/console/Command/Command.php(258): Illuminate\\Console\\Command->execute()
#10 /home/gudk/phpprj/lswoole/vendor/illuminate/console/Command.php(121): Symfony\\Component\\Console\\Command\\Command->run()
#11 /home/gudk/phpprj/lswoole/vendor/symfony/console/Application.php(911): Illuminate\\Console\\Command->run()
#12 /home/gudk/phpprj/lswoole/vendor/symfony/console/Application.php(264): Symfony\\Component\\Console\\Application->doRunCommand()
#13 /home/gudk/phpprj/lswoole/vendor/symfony/console/Application.php(140): Symfony\\Component\\Console\\Application->doRun()
#14 /home/gudk/phpprj/lswoole/vendor/illuminate/console/Application.php(93): Symfony\\Component\\Console\\Application->run()
#15 /home/gudk/phpprj/lswoole/vendor/laravel/lumen-framework/src/Console/Kernel.php(116): Illuminate\\Console\\Application->run()
#16 /home/gudk/phpprj/lswoole/tests/TestLSwooleServiceProvider.php(64): Laravel\\Lumen\\Console\\Kernel->handle()
#17 [internal function]: TestLSwooleServiceProvider->testInitPid()
#18 phar:///usr/local/bin/phpunit/phpunit/Framework/TestCase.php(1071): ReflectionMethod->invokeArgs()
#19 phar:///usr/local/bin/phpunit/phpunit/Framework/TestCase.php(939): PHPUnit\\Framework\\TestCase->runTest()
#20 phar:///usr/local/bin/phpunit/phpunit/Framework/TestResult.php(698): PHPUnit\\Framework\\TestCase->runBare()
#21 phar:///usr/local/bin/phpunit/phpunit/Framework/TestCase.php(894): PHPUnit\\Framework\\TestResult->run()
#22 phar:///usr/local/bin/phpunit/phpunit/Framework/TestSuite.php(755): PHPUnit\\Framework\\TestCase->run()
#23 phar:///usr/local/bin/phpunit/phpunit/TextUI/TestRunner.php(546): PHPUnit\\Framework\\TestSuite->run()
#24 phar:///usr/local/bin/phpunit/phpunit/TextUI/Command.php(195): PHPUnit\\TextUI\\TestRunner->doRun()
#25 phar:///usr/local/bin/phpunit/phpunit/TextUI/Command.php(148): PHPUnit\\TextUI\\Command->run()
#26 /usr/local/bin/phpunit(568): PHPUnit\\TextUI\\Command::main()
#27 {main}
"} 
[2020-08-16 15:23:03] production.ERROR: Exception: pid,/home/gudk/phpprj/lswoole/storage/logs/swoole.pid in /home/gudk/phpprj/lswoole/src/Command.php:104
Stack trace:
#0 /home/gudk/phpprj/lswoole/src/Command.php(173): gudongkun\lswoole\Command->checkPidFile()
#1 /home/gudk/phpprj/lswoole/src/Command.php(34): gudongkun\lswoole\Command->restart()
#2 [internal function]: gudongkun\lswoole\Command->handle()
#3 /home/gudk/phpprj/lswoole/vendor/illuminate/container/BoundMethod.php(37): call_user_func_array()
#4 /home/gudk/phpprj/lswoole/vendor/illuminate/container/Util.php(37): Illuminate\Container\BoundMethod::Illuminate\Container\{closure}()
#5 /home/gudk/phpprj/lswoole/vendor/illuminate/container/BoundMethod.php(95): Illuminate\Container\Util::unwrapIfClosure()
#6 /home/gudk/phpprj/lswoole/vendor/illuminate/container/BoundMethod.php(39): Illuminate\Container\BoundMethod::callBoundMethod()
#7 /home/gudk/phpprj/lswoole/vendor/illuminate/container/Container.php(596): Illuminate\Container\BoundMethod::call()
#8 /home/gudk/phpprj/lswoole/vendor/illuminate/console/Command.php(134): Illuminate\Container\Container->call()
#9 /home/gudk/phpprj/lswoole/vendor/symfony/console/Command/Command.php(258): Illuminate\Console\Command->execute()
#10 /home/gudk/phpprj/lswoole/vendor/illuminate/console/Command.php(121): Symfony\Component\Console\Command\Command->run()
#11 /home/gudk/phpprj/lswoole/vendor/symfony/console/Application.php(911): Illuminate\Console\Command->run()
#12 /home/gudk/phpprj/lswoole/vendor/symfony/console/Application.php(264): Symfony\Component\Console\Application->doRunCommand()
#13 /home/gudk/phpprj/lswoole/vendor/symfony/console/Application.php(140): Symfony\Component\Console\Application->doRun()
#14 /home/gudk/phpprj/lswoole/vendor/illuminate/console/Application.php(93): Symfony\Component\Console\Application->run()
#15 /home/gudk/phpprj/lswoole/vendor/laravel/lumen-framework/src/Console/Kernel.php(116): Illuminate\Console\Application->run()
#16 /home/gudk/phpprj/lswoole/tests/TestLSwooleServiceProvider.php(65): Laravel\Lumen\Console\Kernel->handle()
#17 [internal function]: TestLSwooleServiceProvider->testInitPid()
#18 phar:///usr/local/bin/phpunit/phpunit/Framework/TestCase.php(1071): ReflectionMethod->invokeArgs()
#19 phar:///usr/local/bin/phpunit/phpunit/Framework/TestCase.php(939): PHPUnit\Framework\TestCase->runTest()
#20 phar:///usr/local/bin/phpunit/phpunit/Framework/TestResult.php(698): PHPUnit\Framework\TestCase->runBare()
#21 phar:///usr/local/bin/phpunit/phpunit/Framework/TestCase.php(894): PHPUnit\Framework\TestResult->run()
#22 phar:///usr/local/bin/phpunit/phpunit/Framework/TestSuite.php(755): PHPUnit\Framework\TestCase->run()
#23 phar:///usr/local/bin/phpunit/phpunit/TextUI/TestRunner.php(546): PHPUnit\Framework\TestSuite->run()
#24 phar:///usr/local/bin/phpunit/phpunit/TextUI/Command.php(195): PHPUnit\TextUI\TestRunner->doRun()
#25 phar:///usr/local/bin/phpunit/phpunit/TextUI/Command.php(148): PHPUnit\TextUI\Command->run()
#26 /usr/local/bin/phpunit(568): PHPUnit\TextUI\Command::main()
#27 {main} {"exception":"[object] (Exception(code: 0): pid,/home/gudk/phpprj/lswoole/storage/logs/swoole.pid at /home/gudk/phpprj/lswoole/src/Command.php:104)
[stacktrace]
#0 /home/gudk/phpprj/lswoole/src/Command.php(173): gudongkun\\lswoole\\Command->checkPidFile()
#1 /home/gudk/phpprj/lswoole/src/Command.php(34): gudongkun\\lswoole\\Command->restart()
#2 [internal function]: gudongkun\\lswoole\\Command->handle()
#3 /home/gudk/phpprj/lswoole/vendor/illuminate/container/BoundMethod.php(37): call_user_func_array()
#4 /home/gudk/phpprj/lswoole/vendor/illuminate/container/Util.php(37): Illuminate\\Container\\BoundMethod::Illuminate\\Container\\{closure}()
#5 /home/gudk/phpprj/lswoole/vendor/illuminate/container/BoundMethod.php(95): Illuminate\\Container\\Util::unwrapIfClosure()
#6 /home/gudk/phpprj/lswoole/vendor/illuminate/container/BoundMethod.php(39): Illuminate\\Container\\BoundMethod::callBoundMethod()
#7 /home/gudk/phpprj/lswoole/vendor/illuminate/container/Container.php(596): Illuminate\\Container\\BoundMethod::call()
#8 /home/gudk/phpprj/lswoole/vendor/illuminate/console/Command.php(134): Illuminate\\Container\\Container->call()
#9 /home/gudk/phpprj/lswoole/vendor/symfony/console/Command/Command.php(258): Illuminate\\Console\\Command->execute()
#10 /home/gudk/phpprj/lswoole/vendor/illuminate/console/Command.php(121): Symfony\\Component\\Console\\Command\\Command->run()
#11 /home/gudk/phpprj/lswoole/vendor/symfony/console/Application.php(911): Illuminate\\Console\\Command->run()
#12 /home/gudk/phpprj/lswoole/vendor/symfony/console/Application.php(264): Symfony\\Component\\Console\\Application->doRunCommand()
#13 /home/gudk/phpprj/lswoole/vendor/symfony/console/Application.php(140): Symfony\\Component\\Console\\Application->doRun()
#14 /home/gudk/phpprj/lswoole/vendor/illuminate/console/Application.php(93): Symfony\\Component\\Console\\Application->run()
#15 /home/gudk/phpprj/lswoole/vendor/laravel/lumen-framework/src/Console/Kernel.php(116): Illuminate\\Console\\Application->run()
#16 /home/gudk/phpprj/lswoole/tests/TestLSwooleServiceProvider.php(65): Laravel\\Lumen\\Console\\Kernel->handle()
#17 [internal function]: TestLSwooleServiceProvider->testInitPid()
#18 phar:///usr/local/bin/phpunit/phpunit/Framework/TestCase.php(1071): ReflectionMethod->invokeArgs()
#19 phar:///usr/local/bin/phpunit/phpunit/Framework/TestCase.php(939): PHPUnit\\Framework\\TestCase->runTest()
#20 phar:///usr/local/bin/phpunit/phpunit/Framework/TestResult.php(698): PHPUnit\\Framework\\TestCase->runBare()
#21 phar:///usr/local/bin/phpunit/phpunit/Framework/TestCase.php(894): PHPUnit\\Framework\\TestResult->run()
#22 phar:///usr/local/bin/phpunit/phpunit/Framework/TestSuite.php(755): PHPUnit\\Framework\\TestCase->run()
#23 phar:///usr/local/bin/phpunit/phpunit/TextUI/TestRunner.php(546): PHPUnit\\Framework\\TestSuite->run()
#24 phar:///usr/local/bin/phpunit/phpunit/TextUI/Command.php(195): PHPUnit\\TextUI\\TestRunner->doRun()
#25 phar:///usr/local/bin/phpunit/phpunit/TextUI/Command.php(148): PHPUnit\\TextUI\\Command->run()
#26 /usr/local/bin/phpunit(568): PHPUnit\\TextUI\\Command::main()
#27 {main}
"} 
[2020-08-16 15:23:50] production.ERROR: Exception: pid,/home/gudk/phpprj/lswoole/storage/logs/swoole.pid in /home/gudk/phpprj/lswoole/src/Command.php:104
Stack trace:
#0 /home/gudk/phpprj/lswoole/src/Command.php(173): gudongkun\lswoole\Command->checkPidFile()
#1 /home/gudk/phpprj/lswoole/src/Command.php(34): gudongkun\lswoole\Command->restart()
#2 [internal function]: gudongkun\lswoole\Command->handle()
#3 /home/gudk/phpprj/lswoole/vendor/illuminate/container/BoundMethod.php(37): call_user_func_array()
#4 /home/gudk/phpprj/lswoole/vendor/illuminate/container/Util.php(37): Illuminate\Container\BoundMethod::Illuminate\Container\{closure}()
#5 /home/gudk/phpprj/lswoole/vendor/illuminate/container/BoundMethod.php(95): Illuminate\Container\Util::unwrapIfClosure()
#6 /home/gudk/phpprj/lswoole/vendor/illuminate/container/BoundMethod.php(39): Illuminate\Container\BoundMethod::callBoundMethod()
#7 /home/gudk/phpprj/lswoole/vendor/illuminate/container/Container.php(596): Illuminate\Container\BoundMethod::call()
#8 /home/gudk/phpprj/lswoole/vendor/illuminate/console/Command.php(134): Illuminate\Container\Container->call()
#9 /home/gudk/phpprj/lswoole/vendor/symfony/console/Command/Command.php(258): Illuminate\Console\Command->execute()
#10 /home/gudk/phpprj/lswoole/vendor/illuminate/console/Command.php(121): Symfony\Component\Console\Command\Command->run()
#11 /home/gudk/phpprj/lswoole/vendor/symfony/console/Application.php(911): Illuminate\Console\Command->run()
#12 /home/gudk/phpprj/lswoole/vendor/symfony/console/Application.php(264): Symfony\Component\Console\Application->doRunCommand()
#13 /home/gudk/phpprj/lswoole/vendor/symfony/console/Application.php(140): Symfony\Component\Console\Application->doRun()
#14 /home/gudk/phpprj/lswoole/vendor/illuminate/console/Application.php(93): Symfony\Component\Console\Application->run()
#15 /home/gudk/phpprj/lswoole/vendor/laravel/lumen-framework/src/Console/Kernel.php(116): Illuminate\Console\Application->run()
#16 /home/gudk/phpprj/lswoole/tests/TestLSwooleServiceProvider.php(62): Laravel\Lumen\Console\Kernel->handle()
#17 [internal function]: TestLSwooleServiceProvider->testInitPid()
#18 phar:///usr/local/bin/phpunit/phpunit/Framework/TestCase.php(1071): ReflectionMethod->invokeArgs()
#19 phar:///usr/local/bin/phpunit/phpunit/Framework/TestCase.php(939): PHPUnit\Framework\TestCase->runTest()
#20 phar:///usr/local/bin/phpunit/phpunit/Framework/TestResult.php(698): PHPUnit\Framework\TestCase->runBare()
#21 phar:///usr/local/bin/phpunit/phpunit/Framework/TestCase.php(894): PHPUnit\Framework\TestResult->run()
#22 phar:///usr/local/bin/phpunit/phpunit/Framework/TestSuite.php(755): PHPUnit\Framework\TestCase->run()
#23 phar:///usr/local/bin/phpunit/phpunit/TextUI/TestRunner.php(546): PHPUnit\Framework\TestSuite->run()
#24 phar:///usr/local/bin/phpunit/phpunit/TextUI/Command.php(195): PHPUnit\TextUI\TestRunner->doRun()
#25 phar:///usr/local/bin/phpunit/phpunit/TextUI/Command.php(148): PHPUnit\TextUI\Command->run()
#26 /usr/local/bin/phpunit(568): PHPUnit\TextUI\Command::main()
#27 {main} {"exception":"[object] (Exception(code: 0): pid,/home/gudk/phpprj/lswoole/storage/logs/swoole.pid at /home/gudk/phpprj/lswoole/src/Command.php:104)
[stacktrace]
#0 /home/gudk/phpprj/lswoole/src/Command.php(173): gudongkun\\lswoole\\Command->checkPidFile()
#1 /home/gudk/phpprj/lswoole/src/Command.php(34): gudongkun\\lswoole\\Command->restart()
#2 [internal function]: gudongkun\\lswoole\\Command->handle()
#3 /home/gudk/phpprj/lswoole/vendor/illuminate/container/BoundMethod.php(37): call_user_func_array()
#4 /home/gudk/phpprj/lswoole/vendor/illuminate/container/Util.php(37): Illuminate\\Container\\BoundMethod::Illuminate\\Container\\{closure}()
#5 /home/gudk/phpprj/lswoole/vendor/illuminate/container/BoundMethod.php(95): Illuminate\\Container\\Util::unwrapIfClosure()
#6 /home/gudk/phpprj/lswoole/vendor/illuminate/container/BoundMethod.php(39): Illuminate\\Container\\BoundMethod::callBoundMethod()
#7 /home/gudk/phpprj/lswoole/vendor/illuminate/container/Container.php(596): Illuminate\\Container\\BoundMethod::call()
#8 /home/gudk/phpprj/lswoole/vendor/illuminate/console/Command.php(134): Illuminate\\Container\\Container->call()
#9 /home/gudk/phpprj/lswoole/vendor/symfony/console/Command/Command.php(258): Illuminate\\Console\\Command->execute()
#10 /home/gudk/phpprj/lswoole/vendor/illuminate/console/Command.php(121): Symfony\\Component\\Console\\Command\\Command->run()
#11 /home/gudk/phpprj/lswoole/vendor/symfony/console/Application.php(911): Illuminate\\Console\\Command->run()
#12 /home/gudk/phpprj/lswoole/vendor/symfony/console/Application.php(264): Symfony\\Component\\Console\\Application->doRunCommand()
#13 /home/gudk/phpprj/lswoole/vendor/symfony/console/Application.php(140): Symfony\\Component\\Console\\Application->doRun()
#14 /home/gudk/phpprj/lswoole/vendor/illuminate/console/Application.php(93): Symfony\\Component\\Console\\Application->run()
#15 /home/gudk/phpprj/lswoole/vendor/laravel/lumen-framework/src/Console/Kernel.php(116): Illuminate\\Console\\Application->run()
#16 /home/gudk/phpprj/lswoole/tests/TestLSwooleServiceProvider.php(62): Laravel\\Lumen\\Console\\Kernel->handle()
#17 [internal function]: TestLSwooleServiceProvider->testInitPid()
#18 phar:///usr/local/bin/phpunit/phpunit/Framework/TestCase.php(1071): ReflectionMethod->invokeArgs()
#19 phar:///usr/local/bin/phpunit/phpunit/Framework/TestCase.php(939): PHPUnit\\Framework\\TestCase->runTest()
#20 phar:///usr/local/bin/phpunit/phpunit/Framework/TestResult.php(698): PHPUnit\\Framework\\TestCase->runBare()
#21 phar:///usr/local/bin/phpunit/phpunit/Framework/TestCase.php(894): PHPUnit\\Framework\\TestResult->run()
#22 phar:///usr/local/bin/phpunit/phpunit/Framework/TestSuite.php(755): PHPUnit\\Framework\\TestCase->run()
#23 phar:///usr/local/bin/phpunit/phpunit/TextUI/TestRunner.php(546): PHPUnit\\Framework\\TestSuite->run()
#24 phar:///usr/local/bin/phpunit/phpunit/TextUI/Command.php(195): PHPUnit\\TextUI\\TestRunner->doRun()
#25 phar:///usr/local/bin/phpunit/phpunit/TextUI/Command.php(148): PHPUnit\\TextUI\\Command->run()
#26 /usr/local/bin/phpunit(568): PHPUnit\\TextUI\\Command::main()
#27 {main}
"} 
[2020-08-16 15:24:03] production.ERROR: Exception: pid,/home/gudk/phpprj/lswoole/storage/logs/swoole.pid in /home/gudk/phpprj/lswoole/src/Command.php:104
Stack trace:
#0 /home/gudk/phpprj/lswoole/src/Command.php(173): gudongkun\lswoole\Command->checkPidFile()
#1 /home/gudk/phpprj/lswoole/src/Command.php(34): gudongkun\lswoole\Command->restart()
#2 [internal function]: gudongkun\lswoole\Command->handle()
#3 /home/gudk/phpprj/lswoole/vendor/illuminate/container/BoundMethod.php(37): call_user_func_array()
#4 /home/gudk/phpprj/lswoole/vendor/illuminate/container/Util.php(37): Illuminate\Container\BoundMethod::Illuminate\Container\{closure}()
#5 /home/gudk/phpprj/lswoole/vendor/illuminate/container/BoundMethod.php(95): Illuminate\Container\Util::unwrapIfClosure()
#6 /home/gudk/phpprj/lswoole/vendor/illuminate/container/BoundMethod.php(39): Illuminate\Container\BoundMethod::callBoundMethod()
#7 /home/gudk/phpprj/lswoole/vendor/illuminate/container/Container.php(596): Illuminate\Container\BoundMethod::call()
#8 /home/gudk/phpprj/lswoole/vendor/illuminate/console/Command.php(134): Illuminate\Container\Container->call()
#9 /home/gudk/phpprj/lswoole/vendor/symfony/console/Command/Command.php(258): Illuminate\Console\Command->execute()
#10 /home/gudk/phpprj/lswoole/vendor/illuminate/console/Command.php(121): Symfony\Component\Console\Command\Command->run()
#11 /home/gudk/phpprj/lswoole/vendor/symfony/console/Application.php(911): Illuminate\Console\Command->run()
#12 /home/gudk/phpprj/lswoole/vendor/symfony/console/Application.php(264): Symfony\Component\Console\Application->doRunCommand()
#13 /home/gudk/phpprj/lswoole/vendor/symfony/console/Application.php(140): Symfony\Component\Console\Application->doRun()
#14 /home/gudk/phpprj/lswoole/vendor/illuminate/console/Application.php(93): Symfony\Component\Console\Application->run()
#15 /home/gudk/phpprj/lswoole/vendor/laravel/lumen-framework/src/Console/Kernel.php(116): Illuminate\Console\Application->run()
#16 /home/gudk/phpprj/lswoole/tests/TestLSwooleServiceProvider.php(62): Laravel\Lumen\Console\Kernel->handle()
#17 [internal function]: TestLSwooleServiceProvider->testInitPid()
#18 phar:///usr/local/bin/phpunit/phpunit/Framework/TestCase.php(1071): ReflectionMethod->invokeArgs()
#19 phar:///usr/local/bin/phpunit/phpunit/Framework/TestCase.php(939): PHPUnit\Framework\TestCase->runTest()
#20 phar:///usr/local/bin/phpunit/phpunit/Framework/TestResult.php(698): PHPUnit\Framework\TestCase->runBare()
#21 phar:///usr/local/bin/phpunit/phpunit/Framework/TestCase.php(894): PHPUnit\Framework\TestResult->run()
#22 phar:///usr/local/bin/phpunit/phpunit/Framework/TestSuite.php(755): PHPUnit\Framework\TestCase->run()
#23 phar:///usr/local/bin/phpunit/phpunit/TextUI/TestRunner.php(546): PHPUnit\Framework\TestSuite->run()
#24 phar:///usr/local/bin/phpunit/phpunit/TextUI/Command.php(195): PHPUnit\TextUI\TestRunner->doRun()
#25 phar:///usr/local/bin/phpunit/phpunit/TextUI/Command.php(148): PHPUnit\TextUI\Command->run()
#26 /usr/local/bin/phpunit(568): PHPUnit\TextUI\Command::main()
#27 {main} {"exception":"[object] (Exception(code: 0): pid,/home/gudk/phpprj/lswoole/storage/logs/swoole.pid at /home/gudk/phpprj/lswoole/src/Command.php:104)
[stacktrace]
#0 /home/gudk/phpprj/lswoole/src/Command.php(173): gudongkun\\lswoole\\Command->checkPidFile()
#1 /home/gudk/phpprj/lswoole/src/Command.php(34): gudongkun\\lswoole\\Command->restart()
#2 [internal function]: gudongkun\\lswoole\\Command->handle()
#3 /home/gudk/phpprj/lswoole/vendor/illuminate/container/BoundMethod.php(37): call_user_func_array()
#4 /home/gudk/phpprj/lswoole/vendor/illuminate/container/Util.php(37): Illuminate\\Container\\BoundMethod::Illuminate\\Container\\{closure}()
#5 /home/gudk/phpprj/lswoole/vendor/illuminate/container/BoundMethod.php(95): Illuminate\\Container\\Util::unwrapIfClosure()
#6 /home/gudk/phpprj/lswoole/vendor/illuminate/container/BoundMethod.php(39): Illuminate\\Container\\BoundMethod::callBoundMethod()
#7 /home/gudk/phpprj/lswoole/vendor/illuminate/container/Container.php(596): Illuminate\\Container\\BoundMethod::call()
#8 /home/gudk/phpprj/lswoole/vendor/illuminate/console/Command.php(134): Illuminate\\Container\\Container->call()
#9 /home/gudk/phpprj/lswoole/vendor/symfony/console/Command/Command.php(258): Illuminate\\Console\\Command->execute()
#10 /home/gudk/phpprj/lswoole/vendor/illuminate/console/Command.php(121): Symfony\\Component\\Console\\Command\\Command->run()
#11 /home/gudk/phpprj/lswoole/vendor/symfony/console/Application.php(911): Illuminate\\Console\\Command->run()
#12 /home/gudk/phpprj/lswoole/vendor/symfony/console/Application.php(264): Symfony\\Component\\Console\\Application->doRunCommand()
#13 /home/gudk/phpprj/lswoole/vendor/symfony/console/Application.php(140): Symfony\\Component\\Console\\Application->doRun()
#14 /home/gudk/phpprj/lswoole/vendor/illuminate/console/Application.php(93): Symfony\\Component\\Console\\Application->run()
#15 /home/gudk/phpprj/lswoole/vendor/laravel/lumen-framework/src/Console/Kernel.php(116): Illuminate\\Console\\Application->run()
#16 /home/gudk/phpprj/lswoole/tests/TestLSwooleServiceProvider.php(62): Laravel\\Lumen\\Console\\Kernel->handle()
#17 [internal function]: TestLSwooleServiceProvider->testInitPid()
#18 phar:///usr/local/bin/phpunit/phpunit/Framework/TestCase.php(1071): ReflectionMethod->invokeArgs()
#19 phar:///usr/local/bin/phpunit/phpunit/Framework/TestCase.php(939): PHPUnit\\Framework\\TestCase->runTest()
#20 phar:///usr/local/bin/phpunit/phpunit/Framework/TestResult.php(698): PHPUnit\\Framework\\TestCase->runBare()
#21 phar:///usr/local/bin/phpunit/phpunit/Framework/TestCase.php(894): PHPUnit\\Framework\\TestResult->run()
#22 phar:///usr/local/bin/phpunit/phpunit/Framework/TestSuite.php(755): PHPUnit\\Framework\\TestCase->run()
#23 phar:///usr/local/bin/phpunit/phpunit/TextUI/TestRunner.php(546): PHPUnit\\Framework\\TestSuite->run()
#24 phar:///usr/local/bin/phpunit/phpunit/TextUI/Command.php(195): PHPUnit\\TextUI\\TestRunner->doRun()
#25 phar:///usr/local/bin/phpunit/phpunit/TextUI/Command.php(148): PHPUnit\\TextUI\\Command->run()
#26 /usr/local/bin/phpunit(568): PHPUnit\\TextUI\\Command::main()
#27 {main}
"} 
[2020-08-16 15:24:19] production.ERROR: Exception: pid,/home/gudk/phpprj/lswoole/storage/logs/swoole.pid in /home/gudk/phpprj/lswoole/src/Command.php:104
Stack trace:
#0 /home/gudk/phpprj/lswoole/src/Command.php(173): gudongkun\lswoole\Command->checkPidFile()
#1 /home/gudk/phpprj/lswoole/src/Command.php(34): gudongkun\lswoole\Command->restart()
#2 [internal function]: gudongkun\lswoole\Command->handle()
#3 /home/gudk/phpprj/lswoole/vendor/illuminate/container/BoundMethod.php(37): call_user_func_array()
#4 /home/gudk/phpprj/lswoole/vendor/illuminate/container/Util.php(37): Illuminate\Container\BoundMethod::Illuminate\Container\{closure}()
#5 /home/gudk/phpprj/lswoole/vendor/illuminate/container/BoundMethod.php(95): Illuminate\Container\Util::unwrapIfClosure()
#6 /home/gudk/phpprj/lswoole/vendor/illuminate/container/BoundMethod.php(39): Illuminate\Container\BoundMethod::callBoundMethod()
#7 /home/gudk/phpprj/lswoole/vendor/illuminate/container/Container.php(596): Illuminate\Container\BoundMethod::call()
#8 /home/gudk/phpprj/lswoole/vendor/illuminate/console/Command.php(134): Illuminate\Container\Container->call()
#9 /home/gudk/phpprj/lswoole/vendor/symfony/console/Command/Command.php(258): Illuminate\Console\Command->execute()
#10 /home/gudk/phpprj/lswoole/vendor/illuminate/console/Command.php(121): Symfony\Component\Console\Command\Command->run()
#11 /home/gudk/phpprj/lswoole/vendor/symfony/console/Application.php(911): Illuminate\Console\Command->run()
#12 /home/gudk/phpprj/lswoole/vendor/symfony/console/Application.php(264): Symfony\Component\Console\Application->doRunCommand()
#13 /home/gudk/phpprj/lswoole/vendor/symfony/console/Application.php(140): Symfony\Component\Console\Application->doRun()
#14 /home/gudk/phpprj/lswoole/vendor/illuminate/console/Application.php(93): Symfony\Component\Console\Application->run()
#15 /home/gudk/phpprj/lswoole/vendor/laravel/lumen-framework/src/Console/Kernel.php(116): Illuminate\Console\Application->run()
#16 /home/gudk/phpprj/lswoole/tests/TestLSwooleServiceProvider.php(62): Laravel\Lumen\Console\Kernel->handle()
#17 [internal function]: TestLSwooleServiceProvider->testInitPid()
#18 phar:///usr/local/bin/phpunit/phpunit/Framework/TestCase.php(1071): ReflectionMethod->invokeArgs()
#19 phar:///usr/local/bin/phpunit/phpunit/Framework/TestCase.php(939): PHPUnit\Framework\TestCase->runTest()
#20 phar:///usr/local/bin/phpunit/phpunit/Framework/TestResult.php(698): PHPUnit\Framework\TestCase->runBare()
#21 phar:///usr/local/bin/phpunit/phpunit/Framework/TestCase.php(894): PHPUnit\Framework\TestResult->run()
#22 phar:///usr/local/bin/phpunit/phpunit/Framework/TestSuite.php(755): PHPUnit\Framework\TestCase->run()
#23 phar:///usr/local/bin/phpunit/phpunit/TextUI/TestRunner.php(546): PHPUnit\Framework\TestSuite->run()
#24 phar:///usr/local/bin/phpunit/phpunit/TextUI/Command.php(195): PHPUnit\TextUI\TestRunner->doRun()
#25 phar:///usr/local/bin/phpunit/phpunit/TextUI/Command.php(148): PHPUnit\TextUI\Command->run()
#26 /usr/local/bin/phpunit(568): PHPUnit\TextUI\Command::main()
#27 {main} {"exception":"[object] (Exception(code: 0): pid,/home/gudk/phpprj/lswoole/storage/logs/swoole.pid at /home/gudk/phpprj/lswoole/src/Command.php:104)
[stacktrace]
#0 /home/gudk/phpprj/lswoole/src/Command.php(173): gudongkun\\lswoole\\Command->checkPidFile()
#1 /home/gudk/phpprj/lswoole/src/Command.php(34): gudongkun\\lswoole\\Command->restart()
#2 [internal function]: gudongkun\\lswoole\\Command->handle()
#3 /home/gudk/phpprj/lswoole/vendor/illuminate/container/BoundMethod.php(37): call_user_func_array()
#4 /home/gudk/phpprj/lswoole/vendor/illuminate/container/Util.php(37): Illuminate\\Container\\BoundMethod::Illuminate\\Container\\{closure}()
#5 /home/gudk/phpprj/lswoole/vendor/illuminate/container/BoundMethod.php(95): Illuminate\\Container\\Util::unwrapIfClosure()
#6 /home/gudk/phpprj/lswoole/vendor/illuminate/container/BoundMethod.php(39): Illuminate\\Container\\BoundMethod::callBoundMethod()
#7 /home/gudk/phpprj/lswoole/vendor/illuminate/container/Container.php(596): Illuminate\\Container\\BoundMethod::call()
#8 /home/gudk/phpprj/lswoole/vendor/illuminate/console/Command.php(134): Illuminate\\Container\\Container->call()
#9 /home/gudk/phpprj/lswoole/vendor/symfony/console/Command/Command.php(258): Illuminate\\Console\\Command->execute()
#10 /home/gudk/phpprj/lswoole/vendor/illuminate/console/Command.php(121): Symfony\\Component\\Console\\Command\\Command->run()
#11 /home/gudk/phpprj/lswoole/vendor/symfony/console/Application.php(911): Illuminate\\Console\\Command->run()
#12 /home/gudk/phpprj/lswoole/vendor/symfony/console/Application.php(264): Symfony\\Component\\Console\\Application->doRunCommand()
#13 /home/gudk/phpprj/lswoole/vendor/symfony/console/Application.php(140): Symfony\\Component\\Console\\Application->doRun()
#14 /home/gudk/phpprj/lswoole/vendor/illuminate/console/Application.php(93): Symfony\\Component\\Console\\Application->run()
#15 /home/gudk/phpprj/lswoole/vendor/laravel/lumen-framework/src/Console/Kernel.php(116): Illuminate\\Console\\Application->run()
#16 /home/gudk/phpprj/lswoole/tests/TestLSwooleServiceProvider.php(62): Laravel\\Lumen\\Console\\Kernel->handle()
#17 [internal function]: TestLSwooleServiceProvider->testInitPid()
#18 phar:///usr/local/bin/phpunit/phpunit/Framework/TestCase.php(1071): ReflectionMethod->invokeArgs()
#19 phar:///usr/local/bin/phpunit/phpunit/Framework/TestCase.php(939): PHPUnit\\Framework\\TestCase->runTest()
#20 phar:///usr/local/bin/phpunit/phpunit/Framework/TestResult.php(698): PHPUnit\\Framework\\TestCase->runBare()
#21 phar:///usr/local/bin/phpunit/phpunit/Framework/TestCase.php(894): PHPUnit\\Framework\\TestResult->run()
#22 phar:///usr/local/bin/phpunit/phpunit/Framework/TestSuite.php(755): PHPUnit\\Framework\\TestCase->run()
#23 phar:///usr/local/bin/phpunit/phpunit/TextUI/TestRunner.php(546): PHPUnit\\Framework\\TestSuite->run()
#24 phar:///usr/local/bin/phpunit/phpunit/TextUI/Command.php(195): PHPUnit\\TextUI\\TestRunner->doRun()
#25 phar:///usr/local/bin/phpunit/phpunit/TextUI/Command.php(148): PHPUnit\\TextUI\\Command->run()
#26 /usr/local/bin/phpunit(568): PHPUnit\\TextUI\\Command::main()
#27 {main}
"} 
[2020-08-16 15:29:44] production.ERROR: Exception: pid,/home/gudk/phpprj/lswoole/storage/logs/swoole.pid in /home/gudk/phpprj/lswoole/src/Command.php:104
Stack trace:
#0 /home/gudk/phpprj/lswoole/src/Command.php(173): gudongkun\lswoole\Command->checkPidFile()
#1 /home/gudk/phpprj/lswoole/src/Command.php(34): gudongkun\lswoole\Command->restart()
#2 [internal function]: gudongkun\lswoole\Command->handle()
#3 /home/gudk/phpprj/lswoole/vendor/illuminate/container/BoundMethod.php(37): call_user_func_array()
#4 /home/gudk/phpprj/lswoole/vendor/illuminate/container/Util.php(37): Illuminate\Container\BoundMethod::Illuminate\Container\{closure}()
#5 /home/gudk/phpprj/lswoole/vendor/illuminate/container/BoundMethod.php(95): Illuminate\Container\Util::unwrapIfClosure()
#6 /home/gudk/phpprj/lswoole/vendor/illuminate/container/BoundMethod.php(39): Illuminate\Container\BoundMethod::callBoundMethod()
#7 /home/gudk/phpprj/lswoole/vendor/illuminate/container/Container.php(596): Illuminate\Container\BoundMethod::call()
#8 /home/gudk/phpprj/lswoole/vendor/illuminate/console/Command.php(134): Illuminate\Container\Container->call()
#9 /home/gudk/phpprj/lswoole/vendor/symfony/console/Command/Command.php(258): Illuminate\Console\Command->execute()
#10 /home/gudk/phpprj/lswoole/vendor/illuminate/console/Command.php(121): Symfony\Component\Console\Command\Command->run()
#11 /home/gudk/phpprj/lswoole/vendor/symfony/console/Application.php(911): Illuminate\Console\Command->run()
#12 /home/gudk/phpprj/lswoole/vendor/symfony/console/Application.php(264): Symfony\Component\Console\Application->doRunCommand()
#13 /home/gudk/phpprj/lswoole/vendor/symfony/console/Application.php(140): Symfony\Component\Console\Application->doRun()
#14 /home/gudk/phpprj/lswoole/vendor/illuminate/console/Application.php(93): Symfony\Component\Console\Application->run()
#15 /home/gudk/phpprj/lswoole/vendor/laravel/lumen-framework/src/Console/Kernel.php(116): Illuminate\Console\Application->run()
#16 /home/gudk/phpprj/lswoole/tests/TestLSwooleServiceProvider.php(62): Laravel\Lumen\Console\Kernel->handle()
#17 [internal function]: TestLSwooleServiceProvider->testInitPid()
#18 phar:///usr/local/bin/phpunit/phpunit/Framework/TestCase.php(1071): ReflectionMethod->invokeArgs()
#19 phar:///usr/local/bin/phpunit/phpunit/Framework/TestCase.php(939): PHPUnit\Framework\TestCase->runTest()
#20 phar:///usr/local/bin/phpunit/phpunit/Framework/TestResult.php(698): PHPUnit\Framework\TestCase->runBare()
#21 phar:///usr/local/bin/phpunit/phpunit/Framework/TestCase.php(894): PHPUnit\Framework\TestResult->run()
#22 phar:///usr/local/bin/phpunit/phpunit/Framework/TestSuite.php(755): PHPUnit\Framework\TestCase->run()
#23 phar:///usr/local/bin/phpunit/phpunit/TextUI/TestRunner.php(546): PHPUnit\Framework\TestSuite->run()
#24 phar:///usr/local/bin/phpunit/phpunit/TextUI/Command.php(195): PHPUnit\TextUI\TestRunner->doRun()
#25 phar:///usr/local/bin/phpunit/phpunit/TextUI/Command.php(148): PHPUnit\TextUI\Command->run()
#26 /usr/local/bin/phpunit(568): PHPUnit\TextUI\Command::main()
#27 {main} {"exception":"[object] (Exception(code: 0): pid,/home/gudk/phpprj/lswoole/storage/logs/swoole.pid at /home/gudk/phpprj/lswoole/src/Command.php:104)
[stacktrace]
#0 /home/gudk/phpprj/lswoole/src/Command.php(173): gudongkun\\lswoole\\Command->checkPidFile()
#1 /home/gudk/phpprj/lswoole/src/Command.php(34): gudongkun\\lswoole\\Command->restart()
#2 [internal function]: gudongkun\\lswoole\\Command->handle()
#3 /home/gudk/phpprj/lswoole/vendor/illuminate/container/BoundMethod.php(37): call_user_func_array()
#4 /home/gudk/phpprj/lswoole/vendor/illuminate/container/Util.php(37): Illuminate\\Container\\BoundMethod::Illuminate\\Container\\{closure}()
#5 /home/gudk/phpprj/lswoole/vendor/illuminate/container/BoundMethod.php(95): Illuminate\\Container\\Util::unwrapIfClosure()
#6 /home/gudk/phpprj/lswoole/vendor/illuminate/container/BoundMethod.php(39): Illuminate\\Container\\BoundMethod::callBoundMethod()
#7 /home/gudk/phpprj/lswoole/vendor/illuminate/container/Container.php(596): Illuminate\\Container\\BoundMethod::call()
#8 /home/gudk/phpprj/lswoole/vendor/illuminate/console/Command.php(134): Illuminate\\Container\\Container->call()
#9 /home/gudk/phpprj/lswoole/vendor/symfony/console/Command/Command.php(258): Illuminate\\Console\\Command->execute()
#10 /home/gudk/phpprj/lswoole/vendor/illuminate/console/Command.php(121): Symfony\\Component\\Console\\Command\\Command->run()
#11 /home/gudk/phpprj/lswoole/vendor/symfony/console/Application.php(911): Illuminate\\Console\\Command->run()
#12 /home/gudk/phpprj/lswoole/vendor/symfony/console/Application.php(264): Symfony\\Component\\Console\\Application->doRunCommand()
#13 /home/gudk/phpprj/lswoole/vendor/symfony/console/Application.php(140): Symfony\\Component\\Console\\Application->doRun()
#14 /home/gudk/phpprj/lswoole/vendor/illuminate/console/Application.php(93): Symfony\\Component\\Console\\Application->run()
#15 /home/gudk/phpprj/lswoole/vendor/laravel/lumen-framework/src/Console/Kernel.php(116): Illuminate\\Console\\Application->run()
#16 /home/gudk/phpprj/lswoole/tests/TestLSwooleServiceProvider.php(62): Laravel\\Lumen\\Console\\Kernel->handle()
#17 [internal function]: TestLSwooleServiceProvider->testInitPid()
#18 phar:///usr/local/bin/phpunit/phpunit/Framework/TestCase.php(1071): ReflectionMethod->invokeArgs()
#19 phar:///usr/local/bin/phpunit/phpunit/Framework/TestCase.php(939): PHPUnit\\Framework\\TestCase->runTest()
#20 phar:///usr/local/bin/phpunit/phpunit/Framework/TestResult.php(698): PHPUnit\\Framework\\TestCase->runBare()
#21 phar:///usr/local/bin/phpunit/phpunit/Framework/TestCase.php(894): PHPUnit\\Framework\\TestResult->run()
#22 phar:///usr/local/bin/phpunit/phpunit/Framework/TestSuite.php(755): PHPUnit\\Framework\\TestCase->run()
#23 phar:///usr/local/bin/phpunit/phpunit/TextUI/TestRunner.php(546): PHPUnit\\Framework\\TestSuite->run()
#24 phar:///usr/local/bin/phpunit/phpunit/TextUI/Command.php(195): PHPUnit\\TextUI\\TestRunner->doRun()
#25 phar:///usr/local/bin/phpunit/phpunit/TextUI/Command.php(148): PHPUnit\\TextUI\\Command->run()
#26 /usr/local/bin/phpunit(568): PHPUnit\\TextUI\\Command::main()
#27 {main}
"} 
[2020-08-16 15:31:13] production.ERROR: Exception: pid,/home/gudk/phpprj/lswoole/storage/logs/swoole.pid in /home/gudk/phpprj/lswoole/src/Command.php:104
Stack trace:
#0 /home/gudk/phpprj/lswoole/src/Command.php(173): gudongkun\lswoole\Command->checkPidFile()
#1 /home/gudk/phpprj/lswoole/src/Command.php(34): gudongkun\lswoole\Command->restart()
#2 [internal function]: gudongkun\lswoole\Command->handle()
#3 /home/gudk/phpprj/lswoole/vendor/illuminate/container/BoundMethod.php(37): call_user_func_array()
#4 /home/gudk/phpprj/lswoole/vendor/illuminate/container/Util.php(37): Illuminate\Container\BoundMethod::Illuminate\Container\{closure}()
#5 /home/gudk/phpprj/lswoole/vendor/illuminate/container/BoundMethod.php(95): Illuminate\Container\Util::unwrapIfClosure()
#6 /home/gudk/phpprj/lswoole/vendor/illuminate/container/BoundMethod.php(39): Illuminate\Container\BoundMethod::callBoundMethod()
#7 /home/gudk/phpprj/lswoole/vendor/illuminate/container/Container.php(596): Illuminate\Container\BoundMethod::call()
#8 /home/gudk/phpprj/lswoole/vendor/illuminate/console/Command.php(134): Illuminate\Container\Container->call()
#9 /home/gudk/phpprj/lswoole/vendor/symfony/console/Command/Command.php(258): Illuminate\Console\Command->execute()
#10 /home/gudk/phpprj/lswoole/vendor/illuminate/console/Command.php(121): Symfony\Component\Console\Command\Command->run()
#11 /home/gudk/phpprj/lswoole/vendor/symfony/console/Application.php(911): Illuminate\Console\Command->run()
#12 /home/gudk/phpprj/lswoole/vendor/symfony/console/Application.php(264): Symfony\Component\Console\Application->doRunCommand()
#13 /home/gudk/phpprj/lswoole/vendor/symfony/console/Application.php(140): Symfony\Component\Console\Application->doRun()
#14 /home/gudk/phpprj/lswoole/vendor/illuminate/console/Application.php(93): Symfony\Component\Console\Application->run()
#15 /home/gudk/phpprj/lswoole/vendor/laravel/lumen-framework/src/Console/Kernel.php(116): Illuminate\Console\Application->run()
#16 /home/gudk/phpprj/lswoole/tests/TestLSwooleServiceProvider.php(62): Laravel\Lumen\Console\Kernel->handle()
#17 [internal function]: TestLSwooleServiceProvider->testInitPid()
#18 phar:///usr/local/bin/phpunit/phpunit/Framework/TestCase.php(1071): ReflectionMethod->invokeArgs()
#19 phar:///usr/local/bin/phpunit/phpunit/Framework/TestCase.php(939): PHPUnit\Framework\TestCase->runTest()
#20 phar:///usr/local/bin/phpunit/phpunit/Framework/TestResult.php(698): PHPUnit\Framework\TestCase->runBare()
#21 phar:///usr/local/bin/phpunit/phpunit/Framework/TestCase.php(894): PHPUnit\Framework\TestResult->run()
#22 phar:///usr/local/bin/phpunit/phpunit/Framework/TestSuite.php(755): PHPUnit\Framework\TestCase->run()
#23 phar:///usr/local/bin/phpunit/phpunit/TextUI/TestRunner.php(546): PHPUnit\Framework\TestSuite->run()
#24 phar:///usr/local/bin/phpunit/phpunit/TextUI/Command.php(195): PHPUnit\TextUI\TestRunner->doRun()
#25 phar:///usr/local/bin/phpunit/phpunit/TextUI/Command.php(148): PHPUnit\TextUI\Command->run()
#26 /usr/local/bin/phpunit(568): PHPUnit\TextUI\Command::main()
#27 {main} {"exception":"[object] (Exception(code: 0): pid,/home/gudk/phpprj/lswoole/storage/logs/swoole.pid at /home/gudk/phpprj/lswoole/src/Command.php:104)
[stacktrace]
#0 /home/gudk/phpprj/lswoole/src/Command.php(173): gudongkun\\lswoole\\Command->checkPidFile()
#1 /home/gudk/phpprj/lswoole/src/Command.php(34): gudongkun\\lswoole\\Command->restart()
#2 [internal function]: gudongkun\\lswoole\\Command->handle()
#3 /home/gudk/phpprj/lswoole/vendor/illuminate/container/BoundMethod.php(37): call_user_func_array()
#4 /home/gudk/phpprj/lswoole/vendor/illuminate/container/Util.php(37): Illuminate\\Container\\BoundMethod::Illuminate\\Container\\{closure}()
#5 /home/gudk/phpprj/lswoole/vendor/illuminate/container/BoundMethod.php(95): Illuminate\\Container\\Util::unwrapIfClosure()
#6 /home/gudk/phpprj/lswoole/vendor/illuminate/container/BoundMethod.php(39): Illuminate\\Container\\BoundMethod::callBoundMethod()
#7 /home/gudk/phpprj/lswoole/vendor/illuminate/container/Container.php(596): Illuminate\\Container\\BoundMethod::call()
#8 /home/gudk/phpprj/lswoole/vendor/illuminate/console/Command.php(134): Illuminate\\Container\\Container->call()
#9 /home/gudk/phpprj/lswoole/vendor/symfony/console/Command/Command.php(258): Illuminate\\Console\\Command->execute()
#10 /home/gudk/phpprj/lswoole/vendor/illuminate/console/Command.php(121): Symfony\\Component\\Console\\Command\\Command->run()
#11 /home/gudk/phpprj/lswoole/vendor/symfony/console/Application.php(911): Illuminate\\Console\\Command->run()
#12 /home/gudk/phpprj/lswoole/vendor/symfony/console/Application.php(264): Symfony\\Component\\Console\\Application->doRunCommand()
#13 /home/gudk/phpprj/lswoole/vendor/symfony/console/Application.php(140): Symfony\\Component\\Console\\Application->doRun()
#14 /home/gudk/phpprj/lswoole/vendor/illuminate/console/Application.php(93): Symfony\\Component\\Console\\Application->run()
#15 /home/gudk/phpprj/lswoole/vendor/laravel/lumen-framework/src/Console/Kernel.php(116): Illuminate\\Console\\Application->run()
#16 /home/gudk/phpprj/lswoole/tests/TestLSwooleServiceProvider.php(62): Laravel\\Lumen\\Console\\Kernel->handle()
#17 [internal function]: TestLSwooleServiceProvider->testInitPid()
#18 phar:///usr/local/bin/phpunit/phpunit/Framework/TestCase.php(1071): ReflectionMethod->invokeArgs()
#19 phar:///usr/local/bin/phpunit/phpunit/Framework/TestCase.php(939): PHPUnit\\Framework\\TestCase->runTest()
#20 phar:///usr/local/bin/phpunit/phpunit/Framework/TestResult.php(698): PHPUnit\\Framework\\TestCase->runBare()
#21 phar:///usr/local/bin/phpunit/phpunit/Framework/TestCase.php(894): PHPUnit\\Framework\\TestResult->run()
#22 phar:///usr/local/bin/phpunit/phpunit/Framework/TestSuite.php(755): PHPUnit\\Framework\\TestCase->run()
#23 phar:///usr/local/bin/phpunit/phpunit/TextUI/TestRunner.php(546): PHPUnit\\Framework\\TestSuite->run()
#24 phar:///usr/local/bin/phpunit/phpunit/TextUI/Command.php(195): PHPUnit\\TextUI\\TestRunner->doRun()
#25 phar:///usr/local/bin/phpunit/phpunit/TextUI/Command.php(148): PHPUnit\\TextUI\\Command->run()
#26 /usr/local/bin/phpunit(568): PHPUnit\\TextUI\\Command::main()
#27 {main}
"} 
[2020-08-16 15:45:14] production.ERROR: Symfony\Component\ErrorHandler\Error\FatalError: Uncaught Error: Class 'gudongkun\lswoole\Log' not found in /home/gudk/phpprj/lswoole/src/LSwooleServer.php:87
Stack trace:
#0 {main}
  thrown in /home/gudk/phpprj/lswoole/src/LSwooleServer.php:87
Stack trace:
#0 {main} {"exception":"[object] (Symfony\\Component\\ErrorHandler\\Error\\FatalError(code: 0): Uncaught Error: Class 'gudongkun\\lswoole\\Log' not found in /home/gudk/phpprj/lswoole/src/LSwooleServer.php:87
Stack trace:
#0 {main}
  thrown at /home/gudk/phpprj/lswoole/src/LSwooleServer.php:87)
[stacktrace]
#0 {main}
"} 
[2020-08-16 15:45:56] production.ERROR: Symfony\Component\ErrorHandler\Error\FatalError: Uncaught Error: Class 'gudongkun\lswoole\Log' not found in /home/gudk/phpprj/lswoole/src/LSwooleServer.php:87
Stack trace:
#0 {main}
  thrown in /home/gudk/phpprj/lswoole/src/LSwooleServer.php:87
Stack trace:
#0 {main} {"exception":"[object] (Symfony\\Component\\ErrorHandler\\Error\\FatalError(code: 0): Uncaught Error: Class 'gudongkun\\lswoole\\Log' not found in /home/gudk/phpprj/lswoole/src/LSwooleServer.php:87
Stack trace:
#0 {main}
  thrown at /home/gudk/phpprj/lswoole/src/LSwooleServer.php:87)
[stacktrace]
#0 {main}
"} 
[2020-08-16 15:46:35] production.DEBUG: array (
)  
[2020-08-16 15:47:41] production.ERROR: Symfony\Component\ErrorHandler\Error\FatalError: Uncaught Error: Object of class Swoole\Http\Request could not be converted to string in /home/gudk/phpprj/lswoole/vendor/monolog/monolog/src/Monolog/Logger.php:491
Stack trace:
#0 /home/gudk/phpprj/lswoole/vendor/illuminate/log/Logger.php(174): Monolog\Logger->debug()
#1 /home/gudk/phpprj/lswoole/vendor/illuminate/log/Logger.php(135): Illuminate\Log\Logger->writeLog()
#2 /home/gudk/phpprj/lswoole/vendor/illuminate/log/LogManager.php(604): Illuminate\Log\Logger->debug()
#3 /home/gudk/phpprj/lswoole/vendor/illuminate/support/Facades/Facade.php(261): Illuminate\Log\LogManager->debug()
#4 /home/gudk/phpprj/lswoole/src/LSwooleServer.php(85): Illuminate\Support\Facades\Facade::__callStatic()
#5 {main}
  thrown in /home/gudk/phpprj/lswoole/vendor/monolog/monolog/src/Monolog/Logger.php:491
Stack trace:
#0 {main} {"exception":"[object] (Symfony\\Component\\ErrorHandler\\Error\\FatalError(code: 0): Uncaught Error: Object of class Swoole\\Http\\Request could not be converted to string in /home/gudk/phpprj/lswoole/vendor/monolog/monolog/src/Monolog/Logger.php:491
Stack trace:
#0 /home/gudk/phpprj/lswoole/vendor/illuminate/log/Logger.php(174): Monolog\\Logger->debug()
#1 /home/gudk/phpprj/lswoole/vendor/illuminate/log/Logger.php(135): Illuminate\\Log\\Logger->writeLog()
#2 /home/gudk/phpprj/lswoole/vendor/illuminate/log/LogManager.php(604): Illuminate\\Log\\Logger->debug()
#3 /home/gudk/phpprj/lswoole/vendor/illuminate/support/Facades/Facade.php(261): Illuminate\\Log\\LogManager->debug()
#4 /home/gudk/phpprj/lswoole/src/LSwooleServer.php(85): Illuminate\\Support\\Facades\\Facade::__callStatic()
#5 {main}
  thrown at /home/gudk/phpprj/lswoole/vendor/monolog/monolog/src/Monolog/Logger.php:491)
[stacktrace]
#0 {main}
"} 
[2020-08-16 15:48:24] production.ERROR: Symfony\Component\ErrorHandler\Error\FatalError: Uncaught Error: Object of class Swoole\Http\Request could not be converted to string in /home/gudk/phpprj/lswoole/vendor/monolog/monolog/src/Monolog/Logger.php:491
Stack trace:
#0 /home/gudk/phpprj/lswoole/vendor/illuminate/log/Logger.php(174): Monolog\Logger->debug()
#1 /home/gudk/phpprj/lswoole/vendor/illuminate/log/Logger.php(135): Illuminate\Log\Logger->writeLog()
#2 /home/gudk/phpprj/lswoole/vendor/illuminate/log/LogManager.php(604): Illuminate\Log\Logger->debug()
#3 /home/gudk/phpprj/lswoole/vendor/illuminate/support/Facades/Facade.php(261): Illuminate\Log\LogManager->debug()
#4 /home/gudk/phpprj/lswoole/src/LSwooleServer.php(85): Illuminate\Support\Facades\Facade::__callStatic()
#5 {main}
  thrown in /home/gudk/phpprj/lswoole/vendor/monolog/monolog/src/Monolog/Logger.php:491
Stack trace:
#0 {main} {"exception":"[object] (Symfony\\Component\\ErrorHandler\\Error\\FatalError(code: 0): Uncaught Error: Object of class Swoole\\Http\\Request could not be converted to string in /home/gudk/phpprj/lswoole/vendor/monolog/monolog/src/Monolog/Logger.php:491
Stack trace:
#0 /home/gudk/phpprj/lswoole/vendor/illuminate/log/Logger.php(174): Monolog\\Logger->debug()
#1 /home/gudk/phpprj/lswoole/vendor/illuminate/log/Logger.php(135): Illuminate\\Log\\Logger->writeLog()
#2 /home/gudk/phpprj/lswoole/vendor/illuminate/log/LogManager.php(604): Illuminate\\Log\\Logger->debug()
#3 /home/gudk/phpprj/lswoole/vendor/illuminate/support/Facades/Facade.php(261): Illuminate\\Log\\LogManager->debug()
#4 /home/gudk/phpprj/lswoole/src/LSwooleServer.php(85): Illuminate\\Support\\Facades\\Facade::__callStatic()
#5 {main}
  thrown at /home/gudk/phpprj/lswoole/vendor/monolog/monolog/src/Monolog/Logger.php:491)
[stacktrace]
#0 {main}
"} 
[2020-08-16 15:48:54] production.DEBUG: array (
)  
[2020-08-16 16:28:50] production.ERROR: Symfony\Component\ErrorHandler\Error\FatalError: Uncaught Illuminate\Contracts\Container\BindingResolutionException: Target [Illuminate\Contracts\Http\Kernel] is not instantiable. in /home/gudk/phpprj/lswoole/vendor/illuminate/container/Container.php:1017
Stack trace:
#0 /home/gudk/phpprj/lswoole/vendor/illuminate/container/Container.php(818): Illuminate\Container\Container->notInstantiable()
#1 /home/gudk/phpprj/lswoole/vendor/illuminate/container/Container.php(691): Illuminate\Container\Container->build()
#2 /home/gudk/phpprj/lswoole/vendor/illuminate/container/Container.php(637): Illuminate\Container\Container->resolve()
#3 /home/gudk/phpprj/lswoole/vendor/laravel/lumen-framework/src/Application.php(300): Illuminate\Container\Container->make()
#4 /home/gudk/phpprj/lswoole/src/LSwooleServer.php(89): Laravel\Lumen\Application->make()
#5 {main}
  thrown in /home/gudk/phpprj/lswoole/vendor/illuminate/container/Container.php:1017
Stack trace:
#0 {main} {"exception":"[object] (Symfony\\Component\\ErrorHandler\\Error\\FatalError(code: 0): Uncaught Illuminate\\Contracts\\Container\\BindingResolutionException: Target [Illuminate\\Contracts\\Http\\Kernel] is not instantiable. in /home/gudk/phpprj/lswoole/vendor/illuminate/container/Container.php:1017
Stack trace:
#0 /home/gudk/phpprj/lswoole/vendor/illuminate/container/Container.php(818): Illuminate\\Container\\Container->notInstantiable()
#1 /home/gudk/phpprj/lswoole/vendor/illuminate/container/Container.php(691): Illuminate\\Container\\Container->build()
#2 /home/gudk/phpprj/lswoole/vendor/illuminate/container/Container.php(637): Illuminate\\Container\\Container->resolve()
#3 /home/gudk/phpprj/lswoole/vendor/laravel/lumen-framework/src/Application.php(300): Illuminate\\Container\\Container->make()
#4 /home/gudk/phpprj/lswoole/src/LSwooleServer.php(89): Laravel\\Lumen\\Application->make()
#5 {main}
  thrown at /home/gudk/phpprj/lswoole/vendor/illuminate/container/Container.php:1017)
[stacktrace]
#0 {main}
"} 
